n/1508590450692.jpg
n/1508590450690.jpg
n/1508590450689.jpg
n/1508590450688.jpg
n/1508590450687.jpg
n/1508590450686.jpg
n/1508590450685.jpg
n/1508590450684.jpg
n/1508590450713.jpg
n/1508590450712.jpg
n/1508590450711.jpg
n/1508590450708.jpg
n/1508590450702.jpg
n/1508590450678.jpg
n/1508590450703.jpg
n/1508590450701.jpg
n/1508590450710.jpg
n/1508590450709.jpg
n/1508590450706.jpg
n/pobrane.jpg
n/1508590450699.jpg
n/1508590450697.jpg
n/1508590450695.jpg
n/1508590450694.jpg
n/1508590450700.jpg
n/1508590450693.jpg
n/1508590450691.jpg
n/1508590450677.jpg
n/1508590450698.jpg
n/1508590450696.jpg
n/images.jpg
n/1508590450707.jpg
n/20170131_234628.jpg
n/20170131_231623.jpg
n/20170131_224621.jpg
n/20170131_221628.jpg
n/neg-0100.jpg
n/neg-0078.jpg
n/neg-0041.jpg
n/UMD_095.jpg
n/UMD_067.jpg
n/UMD_065.jpg
n/UMD_060.jpg
n/UMD_044.jpg
n/UMD_032.jpg
n/UMD_025.jpg
n/9004965.jpg
n/9004971.jpg
n/9005245.jpg
n/9005273.jpg
n/9005294.jpg
n/9004242.jpg
n/9004294.jpg
n/9004368.jpg
n/9004383.jpg
n/9004427.jpg
n/9004520.jpg
n/9004581.jpg
n/9004766.jpg
n/9004879.jpg
n/9003339.jpg
n/9003378.jpg
n/9003423.jpg
n/9003635.jpg
n/9003836.jpg
n/9004066.jpg
n/9004199.jpg
n/9002827.jpg
n/9002972.jpg
n/9003116.jpg
n/9003250.jpg
n/9003301.jpg
n/9001991.jpg
n/9002004.jpg
n/9002021.jpg
n/9002090.jpg
n/9002577.jpg
n/9000989.jpg
n/9001071.jpg
n/9001184.jpg
n/9001300.jpg
n/9001317.jpg
n/9000288.jpg
n/9000395.jpg
n/9000868.jpg
n/9000928.jpg
n/9000933.jpg
n/8008998.jpg
n/9000001.jpg
n/9000002.jpg
n/9000003.jpg
n/9000029.jpg
n/9000127.jpg
n/9000210.jpg
n/8006302.jpg
n/8008099.jpg
n/8008545.jpg
n/8006160.jpg
n/8003952.jpg
n/8004573.jpg
n/8002764.jpg
n/8003131.jpg
n/8003836.jpg
n/8001974.jpg
n/8002274.jpg
n/8000811.jpg
n/8001155.jpg
n/6000355.jpg
n/6000350.jpg
n/6000349.jpg
n/6000339.jpg
n/6000331.jpg
n/6000329.jpg
n/6000327.jpg
n/6000328.jpg
n/6000324.jpg
n/6000325.jpg
n/6000326.jpg
n/6000322.jpg
n/6000110.jpg
n/6000104.jpg
n/6000105.jpg
n/6000106.jpg
n/6000094.jpg
n/6000086.jpg
n/6000081.jpg
n/6000072.jpg
n/6000058.jpg
n/6000034.jpg
n/6000018.jpg
n/6000022.jpg
n/6000023.jpg
n/5000226.jpg
n/5000234.jpg
n/6000001.jpg
n/5000190.jpg
n/5000176.jpg
n/5000180.jpg
n/5000181.jpg
n/5000182.jpg
n/5000183.jpg
n/5000184.jpg
n/5000188.jpg
n/5000163.jpg
n/5000164.jpg
n/5000165.jpg
n/5000168.jpg
n/5000172.jpg
n/5000173.jpg
n/5000174.jpg
n/5000137.jpg
n/5000144.jpg
n/5000147.jpg
n/5000149.jpg
n/5000126.jpg
n/5000128.jpg
n/5000129.jpg
n/5000130.jpg
n/3003791.jpg
n/3003817.jpg
n/4000066.jpg
n/4100066.jpg
n/4100280.jpg
n/5000016.jpg
n/5000119.jpg
n/3003322.jpg
n/3003356.jpg
n/3003448.jpg
n/3003731.jpg
n/3003122.jpg
n/3002905.jpg
n/3002909.jpg
n/3002340.jpg
n/3002411.jpg
n/3002594.jpg
n/3002221.jpg
n/3002154.jpg
n/3001667.jpg
n/3001751.jpg
n/3001767.jpg
n/3001891.jpg
n/3001976.jpg
n/3002020.jpg
n/3002059.jpg
n/3002082.jpg
n/3001004.jpg
n/3001018.jpg
n/3001061.jpg
n/3001131.jpg
n/3001319.jpg
n/3001336.jpg
n/3001421.jpg
n/3001460.jpg
n/3001555.jpg
n/3001569.jpg
n/3000119.jpg
n/3000148.jpg
n/3000299.jpg
n/3000323.jpg
n/3000454.jpg
n/3000469.jpg
n/3000676.jpg
n/3000716.jpg
n/3000759.jpg
n/3000945.jpg
n/2000037.jpg
n/2000039.jpg
n/2000042.jpg
n/2000043.jpg
n/2000044.jpg
n/3000072.jpg
n/3000076.jpg
n/3000099.jpg
n/2000031.jpg
n/2000032.jpg
n/2000033.jpg
n/2000019.jpg
n/2000023.jpg
n/2000025.jpg
n/2000028.jpg
n/2000030.jpg
n/1100031.jpg
n/2000004.jpg
n/1100014.jpg
n/1100015.jpg
n/1100016.jpg
n/1100017.jpg
n/1100023.jpg
n/1100025.jpg
n/1100027.jpg
n/1100029.jpg
n/1100008.jpg
n/1100009.jpg
n/1100011.jpg
n/1100013.jpg
n/1100007.jpg
n/1100005.jpg
n/1100006.jpg
n/1100003.jpg
n/1100004.jpg
n/1001944.jpg
n/1100001.jpg
n/1100002.jpg
n/1001794.jpg
n/1001252.jpg
n/1000929.jpg
n/1000947.jpg
n/1000993.jpg
n/1000882.jpg
n/1000505.jpg
n/1000580.jpg
n/1000615.jpg
n/1000731.jpg
n/1000351.jpg
n/1000288.jpg
n/1000097.jpg
n/1000105.jpg
n/0105305.jpg
n/0105146.jpg
n/0104958.jpg
n/0105003.jpg
n/0105064.jpg
n/0104552.jpg
n/0104463.jpg
n/0104194.jpg
n/0103420.jpg
n/0103468.jpg
n/0103256.jpg
n/0103344.jpg
n/0102435.jpg
n/0102534.jpg
n/0102234.jpg
n/0102039.jpg
n/0101463.jpg
n/0101488.jpg
n/0101492.jpg
n/0101121.jpg
n/0100892.jpg
n/0100935.jpg
n/0101060.jpg
n/0100851.jpg
n/0100740.jpg
n/0100787.jpg
n/0100579.jpg
n/0100164.jpg
n/0100241.jpg
n/0100113.jpg
n/0100132.jpg
n/0100026.jpg
n/0100030.jpg
n/0100061.jpg
n/0011088.jpg
n/0011154.jpg
n/0011033.jpg
n/0011003.jpg
n/0010830.jpg
n/0007545.jpg
n/0005633.jpg
n/0007323.jpg
n/0005074.jpg
n/0005079.jpg
n/0004294.jpg
n/0004774.jpg
n/0003957.jpg
n/0004028.jpg
n/0003728.jpg
n/0003178.jpg
n/0003423.jpg
n/0003463.jpg
n/0002395.jpg
n/0001677.jpg
n/0000952.jpg
n/0000631.jpg
n/0000051.jpg
n/UMD_001.jpg
n/UMD_002.jpg
n/UMD_003.jpg
n/UMD_004.jpg
n/UMD_005.jpg
n/UMD_006.jpg
n/UMD_007.jpg
n/UMD_026.jpg
n/UMD_033.jpg
n/UMD_034.jpg
n/UMD_035.jpg
n/UMD_036.jpg
n/UMD_040.jpg
n/UMD_045.jpg
n/UMD_046.jpg
n/UMD_047.jpg
n/UMD_048.jpg
n/UMD_049.jpg
n/UMD_050.jpg
n/UMD_051.jpg
n/UMD_052.jpg
n/UMD_053.jpg
n/UMD_054.jpg
n/UMD_055.jpg
n/UMD_061.jpg
n/UMD_066.jpg
n/UMD_068.jpg
n/UMD_069.jpg
n/UMD_070.jpg
n/UMD_071.jpg
n/UMD_072.jpg
n/UMD_073.jpg
n/UMD_075.jpg
n/UMD_076.jpg
n/UMD_077.jpg
n/UMD_084.jpg
n/UMD_085.jpg
n/UMD_086.jpg
n/UMD_087.jpg
n/UMD_088.jpg
n/UMD_089.jpg
n/UMD_090.jpg
n/UMD_091.jpg
n/UMD_092.jpg
n/UMD_093.jpg
n/UMD_094.jpg
n/UMD_096.jpg
n/UMD_097.jpg
n/UMD_098.jpg
n/UMD_099.jpg
n/UMD_100.jpg
n/UMD_101.jpg
n/UMD_102.jpg
n/UMD_103.jpg
n/UMD_104.jpg
n/UMD_105.jpg
n/UMD_106.jpg
n/neg-0002.jpg
n/neg-0003.jpg
n/neg-0004.jpg
n/neg-0005.jpg
n/neg-0006.jpg
n/neg-0007.jpg
n/neg-0009.jpg
n/neg-0010.jpg
n/neg-0011.jpg
n/neg-0012.jpg
n/neg-0013.jpg
n/neg-0015.jpg
n/neg-0016.jpg
n/neg-0019.jpg
n/neg-0020.jpg
n/neg-0022.jpg
n/neg-0023.jpg
n/neg-0024.jpg
n/neg-0026.jpg
n/neg-0029.jpg
n/neg-0030.jpg
n/neg-0037.jpg
n/neg-0038.jpg
n/neg-0039.jpg
n/neg-0040.jpg
n/neg-0044.jpg
n/neg-0045.jpg
n/neg-0047.jpg
n/neg-0048.jpg
n/neg-0049.jpg
n/neg-0050.jpg
n/neg-0051.jpg
n/neg-0052.jpg
n/neg-0053.jpg
n/neg-0054.jpg
n/neg-0055.jpg
n/neg-0056.jpg
n/neg-0057.jpg
n/neg-0058.jpg
n/neg-0059.jpg
n/neg-0060.jpg
n/neg-0061.jpg
n/neg-0062.jpg
n/neg-0063.jpg
n/neg-0064.jpg
n/neg-0065.jpg
n/neg-0066.jpg
n/neg-0067.jpg
n/neg-0068.jpg
n/neg-0069.jpg
n/neg-0070.jpg
n/neg-0071.jpg
n/neg-0072.jpg
n/neg-0073.jpg
n/neg-0074.jpg
n/neg-0075.jpg
n/neg-0079.jpg
n/neg-0080.jpg
n/neg-0081.jpg
n/neg-0082.jpg
n/neg-0083.jpg
n/neg-0084.jpg
n/neg-0085.jpg
n/neg-0086.jpg
n/neg-0087.jpg
n/neg-0088.jpg
n/neg-0089.jpg
n/neg-0090.jpg
n/neg-0091.jpg
n/neg-0092.jpg
n/neg-0093.jpg
n/neg-0101.jpg
n/neg-0102.jpg
n/neg-0103.jpg
n/neg-0104.jpg
n/neg-0105.jpg
n/neg-0106.jpg
n/neg-0107.jpg
n/neg-0108.jpg
n/neg-0109.jpg
n/neg-0110.jpg
n/neg-0111.jpg
n/neg-0112.jpg
n/neg-0113.jpg
n/neg-0114.jpg
n/neg-0115.jpg
n/neg-0116.jpg
n/neg-0126.jpg
n/neg-0127.jpg
n/neg-0128.jpg
n/neg-0129.jpg
n/neg-0130.jpg
n/neg-0133.jpg
n/neg-0134.jpg
n/neg-0135.jpg
n/neg-0136.jpg
n/neg-0138.jpg
n/neg-0148.jpg
n/neg-0151.jpg
n/neg-0152.jpg
n/neg-0158.jpg
n/neg-0159.jpg
n/neg-0161.jpg
n/neg-0162.jpg
n/neg-0163.jpg
n/neg-0165.jpg
n/neg-0167.jpg
n/neg-0168.jpg
n/neg-0169.jpg
n/neg-0170.jpg
n/neg-0198.jpg
n/neg-0199.jpg
n/neg-0200.jpg
n/neg-0202.jpg
n/neg-0204.jpg
n/neg-0205.jpg
n/neg-0207.jpg
n/neg-0210.jpg
n/neg-0224.jpg
n/neg-0225.jpg
n/neg-0226.jpg
n/neg-0227.jpg
n/neg-0228.jpg
n/neg-0229.jpg
n/neg-0230.jpg
n/neg-0232.jpg
n/neg-0235.jpg
n/neg-0238.jpg
n/neg-0239.jpg
n/neg-0241.jpg
n/neg-0242.jpg
n/neg-0243.jpg
n/neg-0244.jpg
n/neg-0249.jpg
n/neg-0250.jpg
n/neg-0251.jpg
n/neg-0252.jpg
n/neg-0253.jpg
n/neg-0254.jpg
n/neg-0255.jpg
n/neg-0256.jpg
n/neg-0257.jpg
n/neg-0258.jpg
n/neg-0259.jpg
n/neg-0260.jpg
n/neg-0264.jpg
n/neg-0265.jpg
n/neg-0266.jpg
n/neg-0267.jpg
n/neg-0268.jpg
n/neg-0269.jpg
n/neg-0272.jpg
n/neg-0274.jpg
n/neg-0275.jpg
n/neg-0282.jpg
n/neg-0283.jpg
n/neg-0284.jpg
n/neg-0285.jpg
n/neg-0286.jpg
n/neg-0287.jpg
n/neg-0288.jpg
n/neg-0289.jpg
n/neg-0290.jpg
n/neg-0291.jpg
n/neg-0292.jpg
n/neg-0293.jpg
n/neg-0295.jpg
n/neg-0296.jpg
n/neg-0297.jpg
n/neg-0299.jpg
n/neg-0300.jpg
n/neg-0301.jpg
n/neg-0302.jpg
n/neg-0303.jpg
n/neg-0304.jpg
n/neg-0305.jpg
n/neg-0306.jpg
n/neg-0307.jpg
n/neg-0308.jpg
n/neg-0309.jpg
n/neg-0323.jpg
n/neg-0324.jpg
n/neg-0325.jpg
n/neg-0326.jpg
n/neg-0328.jpg
n/neg-0329.jpg
n/neg-0330.jpg
n/neg-0331.jpg
n/neg-0332.jpg
n/neg-0339.jpg
n/neg-0340.jpg
n/neg-0341.jpg
n/neg-0342.jpg
n/neg-0343.jpg
n/neg-0344.jpg
n/neg-0345.jpg
n/neg-0346.jpg
n/neg-0347.jpg
n/neg-0355.jpg
n/neg-0358.jpg
n/neg-0360.jpg
n/neg-0361.jpg
n/neg-0362.jpg
n/neg-0363.jpg
n/neg-0364.jpg
n/neg-0365.jpg
n/neg-0366.jpg
n/neg-0367.jpg
n/neg-0368.jpg
n/neg-0369.jpg
n/neg-0370.jpg
n/neg-0374.jpg
n/neg-0375.jpg
n/neg-0376.jpg
n/neg-0378.jpg
n/neg-0379.jpg
n/neg-0380.jpg
n/neg-0381.jpg
n/neg-0382.jpg
n/neg-0383.jpg
n/neg-0384.jpg
n/neg-0385.jpg
n/neg-0386.jpg
n/neg-0397.jpg
n/neg-0398.jpg
n/neg-0400.jpg
n/neg-0402.jpg
n/neg-0403.jpg
n/neg-0404.jpg
n/neg-0405.jpg
n/neg-0406.jpg
n/neg-0407.jpg
n/neg-0412.jpg
n/neg-0413.jpg
n/neg-0416.jpg
n/neg-0417.jpg
n/neg-0418.jpg
n/neg-0419.jpg
n/neg-0420.jpg
n/neg-0421.jpg
n/neg-0422.jpg
n/neg-0423.jpg
n/neg-0424.jpg
n/neg-0425.jpg
n/neg-0426.jpg
n/neg-0427.jpg
n/neg-0428.jpg
n/neg-0429.jpg
n/neg-0430.jpg
n/neg-0434.jpg
n/neg-0442.jpg
n/neg-0443.jpg
n/neg-0444.jpg
n/neg-0445.jpg
n/neg-0446.jpg
n/neg-0447.jpg
n/neg-0449.jpg
n/neg-0450.jpg
n/neg-0451.jpg
n/neg-0452.jpg
n/neg-0453.jpg
n/neg-0454.jpg
n/neg-0460.jpg
n/neg-0462.jpg
n/neg-0470.jpg
n/neg-0473.jpg
n/neg-0475.jpg
n/neg-0476.jpg
n/neg-0481.jpg
n/neg-0483.jpg
n/neg-0484.jpg
n/neg-0485.jpg
n/neg-0486.jpg
n/neg-0489.jpg
n/neg-0496.jpg
n/neg-0497.jpg
n/neg-0498.jpg
n/neg-0499.jpg
n/neg-0500.jpg
n/neg-0501.jpg
n/neg-0502.jpg
n/neg-0503.jpg
n/neg-0506.jpg
n/neg-0507.jpg
n/neg-0508.jpg
n/neg-0509.jpg
n/neg-0510.jpg
n/neg-0511.jpg
n/neg-0512.jpg
n/neg-0513.jpg
n/neg-0514.jpg
n/neg-0515.jpg
n/neg-0516.jpg
n/neg-0517.jpg
n/neg-0520.jpg
n/neg-0521.jpg
n/neg-0522.jpg
n/neg-0523.jpg
n/neg-0524.jpg
n/neg-0525.jpg
n/neg-0526.jpg
n/neg-0527.jpg
n/neg-0529.jpg
n/neg-0530.jpg
n/neg-0533.jpg
n/neg-0534.jpg
n/neg-0535.jpg
n/neg-0539.jpg
n/neg-0540.jpg
n/neg-0541.jpg
n/neg-0543.jpg
n/neg-0544.jpg
n/neg-0545.jpg
n/neg-0546.jpg
n/neg-0547.jpg
n/neg-0548.jpg
n/neg-0549.jpg
n/neg-0550.jpg
n/neg-0551.jpg
n/neg-0552.jpg
n/neg-0553.jpg
n/neg-0554.jpg
n/neg-0555.jpg
n/neg-0556.jpg
n/neg-0557.jpg
n/neg-0559.jpg
n/neg-0561.jpg
n/neg-0562.jpg
n/neg-0563.jpg
n/neg-0564.jpg
n/neg-0565.jpg
n/neg-0566.jpg
n/neg-0567.jpg
n/neg-0569.jpg
n/neg-0572.jpg
n/neg-0573.jpg
n/neg-0574.jpg
n/neg-0575.jpg
n/neg-0576.jpg
n/neg-0578.jpg
n/neg-0579.jpg
n/neg-0580.jpg
n/neg-0581.jpg
n/neg-0582.jpg
n/neg-0586.jpg
n/neg-0588.jpg
n/neg-0590.jpg
n/neg-0591.jpg
n/neg-0592.jpg
n/neg-0593.jpg
n/neg-0596.jpg
n/neg-0597.jpg
n/neg-0598.jpg
n/neg-0611.jpg
n/neg-0612.jpg
n/neg-0613.jpg
n/neg-0614.jpg
n/neg-0615.jpg
n/neg-0617.jpg
n/neg-0619.jpg
n/neg-0620.jpg
n/neg-0621.jpg
n/neg-0622.jpg
n/neg-0623.jpg
n/neg-0624.jpg
n/neg-0625.jpg
n/neg-0626.jpg
n/neg-0627.jpg
n/neg-0628.jpg
n/neg-0629.jpg
n/neg-0630.jpg
n/neg-0631.jpg
n/neg-0632.jpg
n/neg-0633.jpg
n/neg-0635.jpg
n/neg-0639.jpg
n/neg-0640.jpg
n/neg-0641.jpg
n/neg-0642.jpg
n/neg-0643.jpg
n/neg-0644.jpg
n/neg-0645.jpg
n/neg-0646.jpg
n/neg-0647.jpg
n/neg-0648.jpg
n/neg-0649.jpg
n/neg-0650.jpg
n/neg-0651.jpg
n/neg-0652.jpg
n/neg-0653.jpg
n/neg-0665.jpg
n/neg-0666.jpg
n/neg-0667.jpg
n/neg-0668.jpg
n/neg-0669.jpg
n/neg-0670.jpg
n/neg-0671.jpg
n/neg-0672.jpg
n/neg-0673.jpg
n/neg-0674.jpg
n/neg-0675.jpg
n/neg-0676.jpg
n/neg-0677.jpg
n/neg-0678.jpg
n/neg-0690.jpg
n/neg-0693.jpg
n/neg-0695.jpg
n/neg-0700.jpg
n/neg-0701.jpg
n/neg-0702.jpg
n/neg-0703.jpg
n/neg-0704.jpg
n/neg-0705.jpg
n/neg-0706.jpg
n/neg-0707.jpg
n/neg-0708.jpg
n/neg-0710.jpg
n/neg-0711.jpg
n/neg-0712.jpg
n/neg-0713.jpg
n/neg-0714.jpg
n/neg-0715.jpg
n/neg-0716.jpg
n/neg-0717.jpg
n/neg-0718.jpg
n/neg-0719.jpg
n/neg-0722.jpg
n/neg-0723.jpg
n/neg-0724.jpg
n/neg-0725.jpg
n/neg-0726.jpg
n/neg-0727.jpg
n/neg-0728.jpg
n/neg-0729.jpg
n/neg-0730.jpg
n/neg-0731.jpg
n/neg-0734.jpg
n/neg-0735.jpg
n/neg-0736.jpg
n/neg-0737.jpg
n/neg-0738.jpg
n/neg-0739.jpg
n/neg-0740.jpg
n/neg-0741.jpg
n/neg-0742.jpg
n/neg-0743.jpg
n/neg-0744.jpg
n/neg-0745.jpg
n/neg-0746.jpg
n/neg-0748.jpg
n/neg-0750.jpg
n/neg-0751.jpg
n/neg-0752.jpg
n/neg-0753.jpg
n/neg-0754.jpg
n/neg-0755.jpg
n/neg-0756.jpg
n/neg-0757.jpg
n/neg-0758.jpg
n/neg-0759.jpg
n/neg-0760.jpg
n/neg-0761.jpg
n/neg-0762.jpg
n/neg-0763.jpg
n/neg-0764.jpg
n/neg-0765.jpg
n/neg-0766.jpg
n/neg-0767.jpg
n/neg-0768.jpg
n/neg-0769.jpg
n/neg-0771.jpg
n/neg-0772.jpg
n/neg-0773.jpg
n/neg-0774.jpg
n/neg-0775.jpg
n/neg-0776.jpg
n/neg-0777.jpg
n/neg-0778.jpg
n/neg-0779.jpg
n/neg-0780.jpg
n/neg-0781.jpg
n/neg-0782.jpg
n/neg-0784.jpg
n/neg-0785.jpg
n/neg-0786.jpg
n/neg-0787.jpg
n/neg-0789.jpg
n/neg-0793.jpg
n/neg-0794.jpg
n/neg-0795.jpg
n/neg-0796.jpg
n/neg-0797.jpg
n/neg-0798.jpg
n/neg-0800.jpg
n/neg-0802.jpg
n/neg-0803.jpg
n/neg-0819.jpg
n/neg-0824.jpg
n/neg-0825.jpg
n/neg-0826.jpg
n/neg-0827.jpg
n/neg-0828.jpg
n/neg-0829.jpg
n/neg-0830.jpg
n/neg-0831.jpg
n/neg-0832.jpg
n/neg-0833.jpg
n/neg-0834.jpg
n/neg-0835.jpg
n/neg-0836.jpg
n/neg-0837.jpg
n/neg-0838.jpg
n/neg-0840.jpg
n/neg-0841.jpg
n/neg-0842.jpg
n/neg-0843.jpg
n/neg-0844.jpg
n/neg-0845.jpg
n/neg-0846.jpg
n/neg-0847.jpg
n/neg-0848.jpg
n/neg-0849.jpg
n/neg-0850.jpg
n/neg-0851.jpg
n/neg-0859.jpg
n/neg-0860.jpg
n/neg-0861.jpg
n/neg-0862.jpg
n/neg-0863.jpg
n/neg-0864.jpg
n/neg-0865.jpg
n/neg-0866.jpg
n/neg-0868.jpg
n/neg-0872.jpg
n/neg-0873.jpg
n/neg-0874.jpg
n/neg-0875.jpg
n/neg-0877.jpg
n/neg-0885.jpg
n/neg-0886.jpg
n/neg-0888.jpg
n/neg-0889.jpg
n/neg-0890.jpg
n/neg-0891.jpg
n/neg-0892.jpg
n/neg-0893.jpg
n/neg-0897.jpg
n/neg-0898.jpg
n/neg-0900.jpg
n/neg-0903.jpg
n/neg-0904.jpg
n/neg-0905.jpg
n/neg-0906.jpg
n/neg-0907.jpg
n/neg-0908.jpg
n/neg-0909.jpg
n/neg-0910.jpg
n/neg-0911.jpg
n/neg-0918.jpg
n/neg-0919.jpg
n/neg-0922.jpg
n/neg-0924.jpg
n/neg-0925.jpg
n/neg-0926.jpg
n/neg-0927.jpg
n/neg-0928.jpg
n/neg-0930.jpg
n/neg-0934.jpg
n/neg-0935.jpg
n/neg-0936.jpg
n/neg-0937.jpg
n/neg-0938.jpg
n/neg-0939.jpg
n/neg-0940.jpg
n/neg-0941.jpg
n/neg-0942.jpg
n/neg-0943.jpg
n/neg-0945.jpg
n/neg-0951.jpg
n/neg-0952.jpg
n/neg-0953.jpg
n/neg-0957.jpg
n/neg-0958.jpg
n/neg-0964.jpg
n/neg-0965.jpg
n/neg-0966.jpg
n/neg-0968.jpg
n/neg-0970.jpg
n/neg-1000.jpg
n/neg-1001.jpg
n/neg-1002.jpg
n/neg-1003.jpg
n/neg-1004.jpg
n/neg-1005.jpg
n/neg-1006.jpg
n/neg-1007.jpg
n/neg-1008.jpg
n/neg-1009.jpg
n/neg-1010.jpg
n/neg-1011.jpg
n/neg-1012.jpg
n/neg-1013.jpg
n/neg-1018.jpg
n/neg-1019.jpg
n/neg-1020.jpg
n/neg-1021.jpg
n/neg-1022.jpg
n/neg-1023.jpg
n/neg-1024.jpg
n/neg-1025.jpg
n/neg-1026.jpg
n/neg-1027.jpg
n/neg-1030.jpg
n/neg-1031.jpg
n/neg-1032.jpg
n/neg-1033.jpg
n/neg-1034.jpg
n/neg-1035.jpg
n/neg-1036.jpg
n/neg-1037.jpg
n/neg-1038.jpg
n/neg-1039.jpg
n/neg-1040.jpg
n/neg-1041.jpg
n/neg-1042.jpg
n/neg-1043.jpg
n/neg-1044.jpg
n/neg-1045.jpg
n/neg-1046.jpg
n/neg-1047.jpg
n/neg-1048.jpg
n/neg-1049.jpg
n/neg-1050.jpg
n/neg-1051.jpg
n/neg-1052.jpg
n/neg-1053.jpg
n/neg-1054.jpg
n/neg-1055.jpg
n/neg-1056.jpg
n/neg-1057.jpg
n/neg-1058.jpg
n/neg-1059.jpg
n/neg-1060.jpg
n/neg-1061.jpg
n/neg-1062.jpg
n/neg-1063.jpg
n/neg-1064.jpg
n/neg-1065.jpg
n/neg-1066.jpg
n/neg-1067.jpg
n/neg-1068.jpg
n/neg-1069.jpg
n/neg-1070.jpg
n/neg-1071.jpg
n/neg-1072.jpg
n/neg-1073.jpg
n/neg-1074.jpg
n/neg-1075.jpg
n/neg-1076.jpg
n/neg-1077.jpg
n/neg-1078.jpg
n/neg-1079.jpg
n/neg-1080.jpg
n/neg-1081.jpg
n/neg-1082.jpg
n/neg-1083.jpg
n/neg-1084.jpg
n/neg-1085.jpg
n/neg-1086.jpg
n/neg-1087.jpg
n/neg-1088.jpg
n/neg-1092.jpg
n/neg-1093.jpg
n/neg-1096.jpg
n/neg-1097.jpg
n/neg-1103.jpg
n/neg-1104.jpg
n/neg-1105.jpg
n/neg-1106.jpg
n/neg-1107.jpg
n/neg-1108.jpg
n/neg-1109.jpg
n/neg-1110.jpg
n/neg-1111.jpg
n/neg-1112.jpg
n/neg-1113.jpg
n/neg-1114.jpg
n/neg-1115.jpg
n/neg-1116.jpg
n/neg-1117.jpg
n/neg-1118.jpg
n/neg-1119.jpg
n/neg-1120.jpg
n/neg-1121.jpg
n/neg-1122.jpg
n/neg-1123.jpg
n/neg-1124.jpg
n/neg-1125.jpg
n/neg-1126.jpg
n/neg-1127.jpg
n/neg-1128.jpg
n/neg-1135.jpg
n/neg-1136.jpg
n/neg-1137.jpg
n/neg-1147.jpg
n/neg-1148.jpg
n/neg-1149.jpg
n/neg-1150.jpg
n/neg-1151.jpg
n/neg-1156.jpg
n/neg-1160.jpg
n/neg-1167.jpg
n/neg-1169.jpg
n/neg-1172.jpg
n/neg-1180.jpg
n/neg-1181.jpg
n/neg-1182.jpg
n/neg-1183.jpg
n/neg-1184.jpg
n/neg-1209.jpg
n/neg-1213.jpg
n/neg-1214.jpg
n/neg-1219.jpg
n/neg-1220.jpg
n/neg-1221.jpg
n/neg-1222.jpg
n/neg-1225.jpg
n/neg-1226.jpg
n/neg-1227.jpg
n/neg-1228.jpg
n/neg-1229.jpg
n/neg-1231.jpg
n/neg-1232.jpg
n/neg-1237.jpg
n/neg-1238.jpg
n/neg-1239.jpg
n/neg-1240.jpg
n/neg-1243.jpg
n/neg-1247.jpg
n/neg-1248.jpg
n/neg-1249.jpg
n/neg-1250.jpg
n/neg-1251.jpg
n/neg-1252.jpg
n/neg-1253.jpg
n/neg-1254.jpg
n/neg-1255.jpg
n/neg-1258.jpg
n/neg-1260.jpg
n/neg-1263.jpg
n/neg-1264.jpg
n/neg-1265.jpg
n/neg-1266.jpg
n/neg-1267.jpg
n/neg-1268.jpg
n/neg-1269.jpg
n/neg-1270.jpg
n/neg-1271.jpg
n/neg-1272.jpg
n/neg-1273.jpg
n/neg-1274.jpg
n/neg-1275.jpg
n/neg-1280.jpg
n/neg-1281.jpg
n/neg-1282.jpg
n/neg-1283.jpg
n/neg-1284.jpg
n/neg-1286.jpg
n/neg-1294.jpg
n/neg-1297.jpg
n/neg-1298.jpg
n/neg-1299.jpg
n/neg-1300.jpg
n/neg-1303.jpg
n/neg-1304.jpg
n/neg-1306.jpg
n/neg-1307.jpg
n/neg-1308.jpg
n/neg-1309.jpg
n/neg-1310.jpg
n/neg-1311.jpg
n/neg-1319.jpg
n/neg-1320.jpg
n/neg-1323.jpg
n/neg-1324.jpg
n/neg-1325.jpg
n/neg-1331.jpg
n/neg-1338.jpg
n/neg-1340.jpg
n/neg-1372.jpg
n/neg-1373.jpg
n/neg-1374.jpg
n/neg-1375.jpg
n/neg-1376.jpg
n/neg-1377.jpg
n/neg-1378.jpg
n/neg-1379.jpg
n/neg-1380.jpg
n/neg-1381.jpg
n/neg-1384.jpg
n/neg-1386.jpg
n/neg-1387.jpg
n/neg-1388.jpg
n/neg-1391.jpg
n/neg-1394.jpg
n/neg-1404.jpg
n/neg-1413.jpg
n/neg-1414.jpg
n/neg-1415.jpg
n/neg-1416.jpg
n/neg-1420.jpg
n/neg-1421.jpg
n/neg-1422.jpg
n/neg-1425.jpg
n/neg-1426.jpg
n/neg-1437.jpg
n/neg-1441.jpg
n/neg-1442.jpg
n/neg-1444.jpg
n/neg-1445.jpg
n/neg-1446.jpg
n/neg-1447.jpg
n/neg-1449.jpg
n/neg-1450.jpg
n/neg-1454.jpg
n/neg-1455.jpg
n/neg-1456.jpg
n/neg-1457.jpg
n/neg-1458.jpg
n/neg-1461.jpg
n/neg-1462.jpg
n/neg-1463.jpg
n/neg-1466.jpg
n/neg-1467.jpg
n/neg-1474.jpg
n/neg-1475.jpg
n/neg-1476.jpg
n/neg-1479.jpg
n/neg-1480.jpg
n/neg-1481.jpg
n/neg-1482.jpg
n/neg-1484.jpg
n/neg-1485.jpg
n/neg-1487.jpg
n/neg-1496.jpg
n/neg-1497.jpg
n/neg-1499.jpg
n/neg-1501.jpg
n/neg-1502.jpg
n/neg-1503.jpg
n/neg-1504.jpg
n/neg-1505.jpg
n/neg-1506.jpg
n/neg-1507.jpg
n/neg-1508.jpg
n/neg-1509.jpg
n/neg-1510.jpg
n/neg-1511.jpg
n/neg-1513.jpg
n/neg-1514.jpg
n/neg-1515.jpg
n/neg-1516.jpg
n/neg-1517.jpg
n/neg-1518.jpg
n/neg-1519.jpg
n/neg-1520.jpg
n/neg-1521.jpg
n/neg-1522.jpg
n/neg-1523.jpg
n/neg-1524.jpg
n/neg-1525.jpg
n/neg-1526.jpg
n/neg-1527.jpg
n/neg-1530.jpg
n/neg-1531.jpg
n/neg-1532.jpg
n/neg-1534.jpg
n/neg-1537.jpg
n/neg-1540.jpg
n/neg-1542.jpg
n/neg-1544.jpg
n/neg-1546.jpg
n/neg-1547.jpg
n/neg-1549.jpg
n/neg-1550.jpg
n/neg-1551.jpg
n/neg-1552.jpg
n/neg-1553.jpg
n/neg-1567.jpg
n/neg-1568.jpg
n/neg-1569.jpg
n/neg-1570.jpg
n/neg-1571.jpg
n/neg-1572.jpg
n/neg-1573.jpg
n/neg-1574.jpg
n/neg-1575.jpg
n/neg-1576.jpg
n/neg-1577.jpg
n/neg-1578.jpg
n/neg-1579.jpg
n/neg-1580.jpg
n/neg-1581.jpg
n/neg-1583.jpg
n/neg-1584.jpg
n/neg-1585.jpg
n/neg-1586.jpg
n/neg-1589.jpg
n/neg-1590.jpg
n/neg-1591.jpg
n/neg-1592.jpg
n/neg-1595.jpg
n/neg-1600.jpg
n/neg-1601.jpg
n/neg-1602.jpg
n/neg-1603.jpg
n/neg-1604.jpg
n/neg-1605.jpg
n/neg-1606.jpg
n/neg-1607.jpg
n/neg-1608.jpg
n/neg-1609.jpg
n/neg-1615.jpg
n/neg-1616.jpg
n/neg-1617.jpg
n/neg-1618.jpg
n/neg-1619.jpg
n/neg-1620.jpg
n/neg-1621.jpg
n/neg-1622.jpg
n/neg-1623.jpg
n/neg-1624.jpg
n/neg-1625.jpg
n/neg-1626.jpg
n/neg-1627.jpg
n/neg-1628.jpg
n/neg-1629.jpg
n/neg-1630.jpg
n/neg-1631.jpg
n/neg-1632.jpg
n/neg-1633.jpg
n/neg-1634.jpg
n/neg-1635.jpg
n/neg-1636.jpg
n/neg-1637.jpg
n/neg-1638.jpg
n/neg-1639.jpg
n/neg-1642.jpg
n/neg-1643.jpg
n/neg-1645.jpg
n/neg-1646.jpg
n/neg-1647.jpg
n/neg-1648.jpg
n/neg-1649.jpg
n/neg-1650.jpg
n/neg-1651.jpg
n/neg-1652.jpg
n/neg-1653.jpg
n/neg-1654.jpg
n/neg-1655.jpg
n/neg-1656.jpg
n/neg-1657.jpg
n/neg-1658.jpg
n/neg-1659.jpg
n/neg-1660.jpg
n/neg-1661.jpg
n/neg-1662.jpg
n/neg-1663.jpg
n/neg-1664.jpg
n/neg-1665.jpg
n/neg-1666.jpg
n/neg-1667.jpg
n/neg-1668.jpg
n/neg-1669.jpg
n/neg-1670.jpg
n/neg-1671.jpg
n/neg-1672.jpg
n/neg-1673.jpg
n/neg-1674.jpg
n/neg-3408.jpg
n/neg-3409.jpg
n/neg-3410.jpg
n/neg-3411.jpg
n/neg-3412.jpg
n/neg-3413.jpg
n/neg-3415.jpg
n/neg-3416.jpg
n/neg-3417.jpg
n/neg-3418.jpg
n/neg-3419.jpg
n/neg-3420.jpg
n/neg-3421.jpg
n/neg-3422.jpg
n/neg-3423.jpg
n/neg-3424.jpg
n/neg-3425.jpg
n/neg-3426.jpg
n/neg-3427.jpg
n/neg-3428.jpg
n/neg-3429.jpg
n/neg-3430.jpg
n/neg-3431.jpg
n/neg-3432.jpg
n/neg-3433.jpg
n/neg-3434.jpg
n/neg-3435.jpg
n/neg-3436.jpg
n/neg-3437.jpg
n/neg-3438.jpg
n/neg-3439.jpg
n/neg-3440.jpg
n/neg-3441.jpg
n/neg-3442.jpg
n/neg-3443.jpg
n/neg-3444.jpg
n/neg-3445.jpg
n/neg-3446.jpg
n/neg-3447.jpg
n/neg-3448.jpg
n/neg-3449.jpg
n/neg-3450.jpg
n/neg-3451.jpg
n/neg-3452.jpg
n/neg-3453.jpg
n/neg-3455.jpg
n/neg-3456.jpg
n/neg-3458.jpg
n/neg-3459.jpg
n/neg-3460.jpg
n/neg-3461.jpg
n/neg-3462.jpg
n/neg-3463.jpg
n/neg-3464.jpg
n/neg-3465.jpg
n/neg-3467.jpg
n/neg-3468.jpg
n/neg-3469.jpg
n/neg-3470.jpg
n/neg-3471.jpg
n/neg-3472.jpg
n/neg-3473.jpg
n/neg-3474.jpg
n/neg-3475.jpg
n/neg-3476.jpg
n/neg-3477.jpg
n/neg-3478.jpg
n/neg-3479.jpg
n/neg-3480.jpg
n/neg-3481.jpg
n/neg-3482.jpg
n/neg-3483.jpg
n/neg-3484.jpg
n/neg-3485.jpg
n/neg-3487.jpg
n/neg-3488.jpg
n/neg-3489.jpg
n/neg-3490.jpg
n/neg-3491.jpg
n/neg-3495.jpg
n/neg-3496.jpg
n/neg-3497.jpg
n/neg-3498.jpg
n/neg-3499.jpg
n/neg-3500.jpg
n/neg-3501.jpg
n/neg-3503.jpg
n/neg-3504.jpg
n/neg-3505.jpg
n/neg-3506.jpg
n/neg-3507.jpg
n/neg-3508.jpg
n/neg-3509.jpg
n/neg-3510.jpg
n/neg-3511.jpg
n/neg-3513.jpg
n/neg-3514.jpg
n/neg-3516.jpg
n/neg-3517.jpg
n/neg-3518.jpg
n/neg-3519.jpg
n/neg-3520.jpg
n/neg-3521.jpg
n/neg-3522.jpg
n/neg-3523.jpg
n/neg-3524.jpg
n/neg-3525.jpg
n/neg-3527.jpg
n/neg-3528.jpg
n/neg-3529.jpg
n/neg-3530.jpg
n/neg-3531.jpg
n/neg-3532.jpg
n/neg-3533.jpg
n/neg-3534.jpg
n/neg-3535.jpg
n/neg-3536.jpg
n/neg-3537.jpg
n/neg-3538.jpg
n/neg-3539.jpg
n/neg-3540.jpg
n/neg-3541.jpg
n/neg-3542.jpg
n/neg-3543.jpg
n/neg-3544.jpg
n/neg-3545.jpg
n/neg-3546.jpg
n/neg-3547.jpg
n/neg-3548.jpg
n/neg-3549.jpg
n/neg-3550.jpg
n/neg-3551.jpg
n/neg-3553.jpg
n/neg-3554.jpg
n/neg-3555.jpg
n/neg-3556.jpg
n/neg-3557.jpg
n/neg-3558.jpg
n/neg-3559.jpg
n/neg-3560.jpg
n/neg-3561.jpg
n/neg-3562.jpg
n/neg-3563.jpg
n/neg-3564.jpg
n/neg-3565.jpg
n/neg-3566.jpg
n/neg-3567.jpg
n/neg-3568.jpg
n/neg-3569.jpg
n/neg-3570.jpg
n/neg-3571.jpg
n/neg-3572.jpg
n/neg-3573.jpg
n/neg-3574.jpg
n/neg-3575.jpg
n/neg-3576.jpg
n/neg-3577.jpg
n/neg-3578.jpg
n/neg-3580.jpg
n/neg-3581.jpg
n/neg-3582.jpg
n/neg-3583.jpg
n/neg-3584.jpg
n/neg-3585.jpg
n/neg-3586.jpg
n/neg-3587.jpg
n/neg-3588.jpg
n/neg-3589.jpg
n/neg-3590.jpg
n/neg-3591.jpg
n/neg-3592.jpg
n/neg-3593.jpg
n/neg-3594.jpg
n/neg-3595.jpg
n/neg-3596.jpg
n/neg-3597.jpg
n/neg-3598.jpg
n/neg-3599.jpg
n/neg-3600.jpg
n/neg-3601.jpg
n/neg-3602.jpg
n/neg-3603.jpg
n/neg-3604.jpg
n/neg-3605.jpg
n/neg-3606.jpg
n/neg-3607.jpg
n/neg-3608.jpg
n/neg-3609.jpg
n/neg-3610.jpg
n/neg-3611.jpg
n/neg-3612.jpg
n/neg-3613.jpg
n/neg-3614.jpg
n/neg-3615.jpg
n/neg-3616.jpg
n/neg-3617.jpg
n/neg-3618.jpg
n/neg-3619.jpg
n/neg-3620.jpg
n/neg-3621.jpg
n/neg-3622.jpg
n/neg-3623.jpg
n/neg-3624.jpg
n/neg-3625.jpg
n/neg-3626.jpg
n/neg-3627.jpg
n/neg-3628.jpg
n/neg-3629.jpg
n/neg-3630.jpg
n/neg-3631.jpg
n/neg-3632.jpg
n/neg-3633.jpg
n/neg-3634.jpg
n/neg-3635.jpg
n/neg-3636.jpg
n/neg-3637.jpg
n/neg-3638.jpg
n/neg-3640.jpg
n/neg-3641.jpg
n/neg-3642.jpg
n/neg-3643.jpg
n/neg-3645.jpg
n/neg-3646.jpg
n/neg-3647.jpg
n/neg-3649.jpg
n/neg-3650.jpg
n/neg-3651.jpg
n/neg-3652.jpg
n/neg-3653.jpg
n/neg-3654.jpg
n/neg-3655.jpg
n/neg-3656.jpg
n/neg-3657.jpg
n/neg-3658.jpg
n/neg-3659.jpg
n/neg-3660.jpg
n/neg-3661.jpg
n/neg-3662.jpg
n/neg-3663.jpg
n/neg-3664.jpg
n/neg-3665.jpg
n/neg-3666.jpg
n/neg-3667.jpg
n/neg-3668.jpg
n/neg-3669.jpg
n/neg-3670.jpg
n/neg-3671.jpg
n/neg-3672.jpg
n/neg-3675.jpg
n/neg-3680.jpg
n/neg-3681.jpg
n/neg-3682.jpg
n/neg-3683.jpg
n/neg-3684.jpg
n/neg-3685.jpg
n/neg-3686.jpg
n/neg-3687.jpg
n/neg-3688.jpg
n/neg-3689.jpg
n/neg-3690.jpg
n/neg-3691.jpg
n/neg-3692.jpg
n/neg-3694.jpg
n/neg-3695.jpg
n/neg-3696.jpg
n/neg-3697.jpg
n/neg-3698.jpg
n/neg-3699.jpg
n/neg-3700.jpg
n/neg-3701.jpg
n/neg-3702.jpg
n/neg-3703.jpg
n/neg-3704.jpg
n/neg-3706.jpg
n/neg-3707.jpg
n/neg-3708.jpg
n/neg-3709.jpg
n/neg-3710.jpg
n/neg-3711.jpg
n/neg-3713.jpg
n/neg-3716.jpg
n/neg-3717.jpg
n/neg-3720.jpg
n/neg-3721.jpg
n/neg-3722.jpg
n/neg-3723.jpg
n/neg-3724.jpg
n/neg-3725.jpg
n/neg-3726.jpg
n/neg-3727.jpg
n/neg-3728.jpg
n/neg-3729.jpg
n/neg-3730.jpg
n/neg-3732.jpg
n/neg-3733.jpg
n/neg-3734.jpg
n/neg-3736.jpg
n/neg-3737.jpg
n/neg-3738.jpg
n/neg-3739.jpg
n/neg-3740.jpg
n/neg-3741.jpg
n/neg-3743.jpg
n/neg-3744.jpg
n/neg-3745.jpg
n/neg-3746.jpg
n/neg-3747.jpg
n/neg-3748.jpg
n/neg-3749.jpg
n/neg-3750.jpg
n/neg-3751.jpg
n/neg-3752.jpg
n/neg-3754.jpg
n/neg-3755.jpg
n/neg-3756.jpg
n/neg-3757.jpg
n/neg-3758.jpg
n/neg-3759.jpg
n/neg-3760.jpg
n/neg-3761.jpg
n/neg-3762.jpg
n/neg-3763.jpg
n/neg-3764.jpg
n/neg-3765.jpg
n/neg-3766.jpg
n/neg-3767.jpg
n/neg-3768.jpg
n/neg-3769.jpg
n/neg-3770.jpg
n/neg-3772.jpg
n/neg-3773.jpg
n/neg-3774.jpg
n/neg-3775.jpg
n/neg-3776.jpg
n/neg-3777.jpg
n/neg-3778.jpg
n/neg-3779.jpg
n/neg-3780.jpg
n/neg-3781.jpg
n/neg-3782.jpg
n/neg-3783.jpg
n/neg-3784.jpg
n/neg-3785.jpg
n/neg-3786.jpg
n/neg-3787.jpg
n/neg-3788.jpg
n/neg-3789.jpg
n/neg-3791.jpg
n/neg-3792.jpg
n/neg-3793.jpg
n/neg-3794.jpg
n/neg-3795.jpg
n/neg-3796.jpg
n/neg-3797.jpg
n/neg-3798.jpg
n/neg-3799.jpg
n/neg-3800.jpg
n/neg-3801.jpg
n/neg-3802.jpg
n/neg-3804.jpg
n/neg-3805.jpg
n/neg-3806.jpg
n/neg-3807.jpg
n/neg-3808.jpg
n/neg-3809.jpg
n/neg-3811.jpg
n/neg-3812.jpg
n/neg-3813.jpg
n/neg-3814.jpg
n/neg-3815.jpg
n/neg-3816.jpg
n/neg-3818.jpg
n/neg-3819.jpg
n/neg-3820.jpg
n/neg-3821.jpg
n/neg-3822.jpg
n/neg-3823.jpg
n/neg-3824.jpg
n/neg-3825.jpg
n/neg-3826.jpg
n/neg-3827.jpg
n/neg-3828.jpg
n/neg-3829.jpg
n/neg-3830.jpg
n/neg-3831.jpg
n/neg-3832.jpg
n/neg-3833.jpg
n/neg-3834.jpg
n/neg-3835.jpg
n/neg-3836.jpg
n/neg-3837.jpg
n/neg-3838.jpg
n/neg-3839.jpg
n/neg-3840.jpg
n/neg-3841.jpg
n/neg-3842.jpg
n/neg-3843.jpg
n/neg-3844.jpg
n/neg-3845.jpg
n/neg-3846.jpg
n/neg-3847.jpg
n/neg-3848.jpg
n/neg-3849.jpg
n/neg-3850.jpg
n/neg-3851.jpg
n/neg-3852.jpg
n/neg-3853.jpg
n/neg-3854.jpg
n/neg-3855.jpg
n/neg-3856.jpg
n/neg-3858.jpg
n/neg-3859.jpg
n/neg-3860.jpg
n/neg-3861.jpg
n/neg-3862.jpg
n/neg-3863.jpg
n/neg-3864.jpg
n/neg-3865.jpg
n/neg-3866.jpg
n/neg-3867.jpg
n/neg-3869.jpg
n/neg-3870.jpg
n/neg-3871.jpg
n/neg-3872.jpg
n/neg-3873.jpg
n/neg-3874.jpg
n/neg-3875.jpg
n/neg-3876.jpg
n/neg-3877.jpg
n/neg-3878.jpg
n/neg-3879.jpg
n/neg-3880.jpg
n/neg-3881.jpg
n/neg-3882.jpg
n/neg-3883.jpg
n/neg-3884.jpg
n/neg-3886.jpg
n/neg-3887.jpg
n/neg-3889.jpg
n/neg-3890.jpg
n/neg-3891.jpg
n/neg-3892.jpg
n/neg-3893.jpg
n/neg-3894.jpg
n/neg-3895.jpg
n/neg-3896.jpg
n/neg-3897.jpg
n/neg-3898.jpg
n/neg-3899.jpg
n/neg-3900.jpg
n/neg-3901.jpg
n/neg-3902.jpg
n/neg-3903.jpg
n/neg-3904.jpg
n/neg-3905.jpg
n/neg-3906.jpg
n/neg-3907.jpg
n/neg-3908.jpg
n/neg-3910.jpg
n/neg-3911.jpg
n/neg-3912.jpg
n/neg-3913.jpg
n/neg-3914.jpg
n/neg-3915.jpg
n/neg-3916.jpg
n/neg-3917.jpg
n/neg-3918.jpg
n/neg-3919.jpg
n/neg-3920.jpg
n/neg-3922.jpg
n/neg-3923.jpg
n/neg-3925.jpg
n/neg-3926.jpg
n/neg-3927.jpg
n/neg-3928.jpg
n/neg-3929.jpg
n/neg-3930.jpg
n/neg-3931.jpg
n/neg-3932.jpg
n/neg-3933.jpg
n/neg-3935.jpg
n/neg-3936.jpg
n/neg-3937.jpg
n/neg-3938.jpg
n/neg-3939.jpg
n/neg-3940.jpg
n/neg-3941.jpg
n/neg-3942.jpg
n/neg-3944.jpg
n/neg-3945.jpg
n/neg-3946.jpg
n/neg-3947.jpg
n/neg-3948.jpg
n/neg-3949.jpg
n/neg-3950.jpg
n/neg-3951.jpg
n/neg-3952.jpg
n/neg-3954.jpg
n/neg-3955.jpg
n/neg-3956.jpg
n/neg-3957.jpg
n/neg-3958.jpg
n/neg-3959.jpg
n/neg-3960.jpg
n/neg-3961.jpg
n/neg-3962.jpg
n/neg-3963.jpg
n/neg-3965.jpg
n/neg-3966.jpg
n/neg-3967.jpg
n/neg-3968.jpg
n/neg-3969.jpg
n/neg-3970.jpg
n/neg-3971.jpg
n/neg-3972.jpg
n/neg-3973.jpg
n/neg-3974.jpg
n/neg-3976.jpg
n/neg-3977.jpg
n/neg-3978.jpg
n/neg-3979.jpg
n/neg-3980.jpg
n/neg-3981.jpg
n/neg-3982.jpg
n/neg-3983.jpg
n/neg-3984.jpg
n/neg-3985.jpg
n/neg-3986.jpg
n/neg-3987.jpg
n/neg-3988.jpg
n/neg-3989.jpg
n/neg-3990.jpg
n/neg-3991.jpg
n/neg-3992.jpg
n/neg-3993.jpg
n/neg-3994.jpg
n/neg-3995.jpg
n/neg-3996.jpg
n/neg-3998.jpg
n/neg-3999.jpg
n/neg-4002.jpg
n/neg-4003.jpg
n/neg-4004.jpg
n/neg-4005.jpg
n/neg-4007.jpg
n/neg-4008.jpg
n/neg-4009.jpg
n/neg-4010.jpg
n/neg-4011.jpg
n/neg-4012.jpg
n/neg-4013.jpg
n/neg-4014.jpg
n/neg-4015.jpg
n/neg-4016.jpg
n/neg-4018.jpg
n/neg-4019.jpg
n/neg-4020.jpg
n/neg-4021.jpg
n/neg-4022.jpg
n/neg-4023.jpg
n/neg-4024.jpg
n/neg-4025.jpg
n/neg-4026.jpg
n/neg-4027.jpg
n/neg-4028.jpg
n/neg-4029.jpg
n/neg-4030.jpg
n/neg-4031.jpg
n/neg-4032.jpg
n/neg-4033.jpg
n/neg-4034.jpg
n/neg-4035.jpg
n/neg-4036.jpg
n/neg-4037.jpg
n/neg-4038.jpg
n/neg-4039.jpg
n/neg-4040.jpg
n/neg-4041.jpg
n/neg-4042.jpg
n/neg-4043.jpg
n/neg-4044.jpg
n/neg-4045.jpg
n/neg-4046.jpg
n/neg-4048.jpg
n/neg-4049.jpg
n/neg-4050.jpg
n/neg-4051.jpg
n/neg-4052.jpg
n/neg-4053.jpg
n/neg-4054.jpg
n/neg-4055.jpg
n/neg-4056.jpg
n/neg-4057.jpg
n/neg-4058.jpg
n/neg-4059.jpg
n/neg-4060.jpg
n/neg-4061.jpg
n/neg-4064.jpg
n/neg-4065.jpg
n/neg-4066.jpg
n/neg-4067.jpg
n/neg-4068.jpg
n/neg-4069.jpg
n/neg-4070.jpg
n/neg-4071.jpg
n/neg-4072.jpg
n/neg-4073.jpg
n/neg-4074.jpg
n/neg-4075.jpg
n/neg-4076.jpg
n/neg-4077.jpg
n/neg-4078.jpg
n/neg-4079.jpg
n/neg-4080.jpg
n/neg-4081.jpg
n/neg-4082.jpg
n/neg-4083.jpg
n/neg-4084.jpg
n/neg-4085.jpg
n/neg-4086.jpg
n/neg-4087.jpg
n/neg-4088.jpg
n/neg-4089.jpg
n/neg-4090.jpg
n/neg-4091.jpg
n/neg-4092.jpg
n/neg-4093.jpg
n/neg-4094.jpg
n/neg-4095.jpg
n/neg-4096.jpg
n/neg-4098.jpg
n/neg-4099.jpg
n/neg-4100.jpg
n/neg-4101.jpg
n/neg-4102.jpg
n/neg-4104.jpg
n/neg-4105.jpg
n/neg-4106.jpg
n/neg-4107.jpg
n/neg-4108.jpg
n/neg-4109.jpg
n/neg-4110.jpg
n/neg-4111.jpg
n/neg-4112.jpg
n/neg-4113.jpg
n/neg-4114.jpg
n/neg-4115.jpg
n/neg-4117.jpg
n/neg-4118.jpg
n/neg-4119.jpg
n/neg-4120.jpg
n/neg-4121.jpg
n/neg-4122.jpg
n/neg-4123.jpg
n/neg-4124.jpg
n/neg-4125.jpg
n/neg-4126.jpg
n/neg-4128.jpg
n/neg-4129.jpg
n/neg-4130.jpg
n/neg-4131.jpg
n/neg-4132.jpg
n/neg-4134.jpg
n/neg-4135.jpg
n/neg-4136.jpg
n/neg-4137.jpg
n/neg-4138.jpg
n/neg-4139.jpg
n/neg-4140.jpg
n/neg-4141.jpg
n/neg-4142.jpg
n/neg-4143.jpg
n/neg-4144.jpg
n/neg-4145.jpg
n/neg-4146.jpg
n/neg-4147.jpg
n/neg-4148.jpg
n/neg-4149.jpg
n/neg-4150.jpg
n/neg-4151.jpg
n/neg-4152.jpg
n/neg-4153.jpg
n/neg-4154.jpg
n/neg-4155.jpg
n/neg-4156.jpg
n/neg-4157.jpg
n/neg-4158.jpg
n/neg-4159.jpg
n/neg-4160.jpg
n/neg-4161.jpg
n/neg-4162.jpg
n/neg-4163.jpg
n/neg-4164.jpg
n/neg-4165.jpg
n/neg-4167.jpg
n/neg-4168.jpg
n/neg-4169.jpg
n/neg-4170.jpg
n/neg-4171.jpg
n/neg-4172.jpg
n/neg-4173.jpg
n/neg-4174.jpg
n/neg-4175.jpg
n/neg-4176.jpg
n/neg-4177.jpg
n/neg-4178.jpg
n/neg-4179.jpg
n/neg-4180.jpg
n/neg-4181.jpg
n/neg-4182.jpg
n/neg-4183.jpg
n/neg-4184.jpg
n/neg-4185.jpg
n/neg-4186.jpg
n/neg-4187.jpg
n/neg-4188.jpg
n/neg-4189.jpg
n/neg-4190.jpg
n/neg-4191.jpg
n/neg-4192.jpg
n/neg-4193.jpg
n/neg-4194.jpg
n/neg-4195.jpg
n/neg-4196.jpg
n/neg-4197.jpg
n/neg-4198.jpg
n/neg-4200.jpg
n/neg-4201.jpg
n/neg-4202.jpg
n/neg-4203.jpg
n/neg-4204.jpg
n/neg-4205.jpg
n/neg-4207.jpg
n/neg-4208.jpg
n/neg-4209.jpg
n/neg-4210.jpg
n/neg-4211.jpg
n/neg-4212.jpg
n/neg-4214.jpg
n/neg-4215.jpg
n/neg-4216.jpg
n/neg-4217.jpg
n/neg-4218.jpg
n/neg-4219.jpg
n/neg-4220.jpg
n/neg-4221.jpg
n/neg-4222.jpg
n/neg-4223.jpg
n/neg-4224.jpg
n/neg-4225.jpg
n/neg-4226.jpg
n/neg-4227.jpg
n/neg-4228.jpg
n/neg-4229.jpg
n/neg-4230.jpg
n/neg-4231.jpg
n/neg-4232.jpg
n/neg-4233.jpg
n/neg-4234.jpg
n/neg-4235.jpg
n/neg-4236.jpg
n/neg-4238.jpg
n/neg-4239.jpg
n/neg-4240.jpg
n/neg-4242.jpg
n/neg-4243.jpg
n/neg-4244.jpg
n/neg-4245.jpg
n/neg-4246.jpg
n/neg-4247.jpg
n/neg-4248.jpg
n/neg-4249.jpg
n/neg-4250.jpg
n/neg-4251.jpg
n/neg-4252.jpg
n/neg-4253.jpg
n/neg-4254.jpg
n/neg-4255.jpg
n/neg-4257.jpg
n/neg-4258.jpg
n/neg-4259.jpg
n/neg-4260.jpg
n/neg-4261.jpg
n/neg-4262.jpg
n/neg-4263.jpg
n/neg-4264.jpg
n/neg-4265.jpg
n/neg-4268.jpg
n/neg-4269.jpg
n/neg-4270.jpg
n/neg-4271.jpg
n/neg-4273.jpg
n/neg-4274.jpg
n/neg-4275.jpg
n/neg-4276.jpg
n/neg-4278.jpg
n/neg-4279.jpg
n/neg-4281.jpg
n/neg-4282.jpg
n/neg-4283.jpg
n/neg-4284.jpg
n/neg-4285.jpg
n/neg-4286.jpg
n/neg-4287.jpg
n/neg-4288.jpg
n/neg-4289.jpg
n/neg-4290.jpg
n/neg-4292.jpg
n/neg-4293.jpg
n/neg-4294.jpg
n/neg-4295.jpg
n/neg-4296.jpg
n/neg-4297.jpg
n/neg-4298.jpg
n/neg-4299.jpg
n/neg-4300.jpg
n/neg-4301.jpg
n/neg-4302.jpg
n/neg-4303.jpg
n/neg-4304.jpg
n/neg-4305.jpg
n/neg-4306.jpg
n/neg-4307.jpg
n/neg-4308.jpg
n/neg-4309.jpg
n/neg-4310.jpg
n/neg-4311.jpg
n/neg-4312.jpg
n/neg-4313.jpg
n/neg-4314.jpg
n/neg-4315.jpg
n/neg-4316.jpg
n/neg-4317.jpg
n/neg-4318.jpg
n/neg-4320.jpg
n/neg-4321.jpg
n/neg-4322.jpg
n/neg-4323.jpg
n/neg-4324.jpg
n/neg-4325.jpg
n/neg-4326.jpg
n/neg-4327.jpg
n/neg-4328.jpg
n/neg-4330.jpg
n/neg-4331.jpg
n/neg-4332.jpg
n/neg-4333.jpg
n/neg-4334.jpg
n/neg-4335.jpg
n/neg-4336.jpg
n/neg-4338.jpg
n/neg-4339.jpg
n/neg-4340.jpg
n/neg-4341.jpg
n/neg-4342.jpg
n/neg-4343.jpg
n/neg-4344.jpg
n/neg-4346.jpg
n/neg-4347.jpg
n/neg-4348.jpg
n/neg-4349.jpg
n/neg-4350.jpg
n/neg-4351.jpg
n/neg-4352.jpg
n/neg-4353.jpg
n/neg-4354.jpg
n/neg-4355.jpg
n/neg-4356.jpg
n/neg-4357.jpg
n/neg-4358.jpg
n/neg-4359.jpg
n/neg-4360.jpg
n/neg-4361.jpg
n/neg-4362.jpg
n/neg-4363.jpg
n/neg-4364.jpg
n/neg-4365.jpg
n/neg-4366.jpg
n/neg-4367.jpg
n/neg-4368.jpg
n/neg-4369.jpg
n/neg-4370.jpg
n/neg-4371.jpg
n/neg-4372.jpg
n/neg-4373.jpg
n/neg-4374.jpg
n/neg-4376.jpg
n/neg-4377.jpg
n/neg-4378.jpg
n/neg-4379.jpg
n/neg-4380.jpg
n/neg-4381.jpg
n/neg-4382.jpg
n/neg-4383.jpg
n/neg-4384.jpg
n/neg-4385.jpg
n/neg-4386.jpg
n/neg-4387.jpg
n/neg-4388.jpg
n/neg-4389.jpg
n/neg-4390.jpg
n/neg-4391.jpg
n/neg-4392.jpg
n/neg-4393.jpg
n/neg-4394.jpg
n/neg-4395.jpg
n/neg-4396.jpg
n/neg-4397.jpg
n/neg-4398.jpg
n/neg-4399.jpg
n/neg-4400.jpg
n/neg-4401.jpg
n/neg-4402.jpg
n/neg-4404.jpg
n/neg-4405.jpg
n/neg-4406.jpg
n/neg-4407.jpg
n/neg-4408.jpg
n/neg-4409.jpg
n/neg-4410.jpg
n/neg-4411.jpg
n/neg-4412.jpg
n/neg-4413.jpg
n/neg-4414.jpg
n/neg-4415.jpg
n/neg-4416.jpg
n/neg-4417.jpg
n/neg-4418.jpg
n/neg-4419.jpg
n/neg-4420.jpg
n/neg-4421.jpg
n/neg-4422.jpg
n/neg-4423.jpg
n/neg-4424.jpg
n/neg-4425.jpg
n/neg-4426.jpg
n/neg-4427.jpg
n/neg-4428.jpg
n/neg-4429.jpg
n/neg-4431.jpg
n/neg-4433.jpg
n/neg-4434.jpg
n/neg-4435.jpg
n/neg-4436.jpg
n/neg-4437.jpg
n/neg-4438.jpg
n/neg-4440.jpg
n/neg-4441.jpg
n/neg-4442.jpg
n/neg-4443.jpg
n/neg-4444.jpg
n/neg-4445.jpg
n/neg-4446.jpg
n/neg-4447.jpg
n/neg-4448.jpg
n/neg-4449.jpg
n/neg-4450.jpg
n/neg-4451.jpg
n/neg-4452.jpg
n/neg-4454.jpg
n/neg-4455.jpg
n/neg-4456.jpg
n/neg-4457.jpg
n/neg-4458.jpg
n/neg-4459.jpg
n/neg-4460.jpg
n/neg-4462.jpg
n/neg-4463.jpg
n/neg-4464.jpg
n/neg-4465.jpg
n/neg-4466.jpg
n/neg-4467.jpg
n/neg-4468.jpg
n/neg-4469.jpg
n/neg-4470.jpg
n/neg-4471.jpg
n/neg-4472.jpg
n/neg-4473.jpg
n/neg-4474.jpg
n/neg-4475.jpg
n/neg-4476.jpg
n/neg-4477.jpg
n/neg-4478.jpg
n/neg-4479.jpg
n/neg-4480.jpg
n/neg-4481.jpg
n/neg-4482.jpg
n/neg-4483.jpg
n/neg-4484.jpg
n/neg-4485.jpg
n/neg-4486.jpg
n/neg-4487.jpg
n/neg-4488.jpg
n/neg-4489.jpg
n/neg-4490.jpg
n/neg-4491.jpg
n/neg-4492.jpg
n/neg-4493.jpg
n/neg-4494.jpg
n/neg-4495.jpg
n/neg-4496.jpg
n/neg-4497.jpg
n/neg-4498.jpg
n/neg-4499.jpg
n/neg-4500.jpg
n/neg-4501.jpg
n/neg-4502.jpg
n/neg-4504.jpg
n/neg-4505.jpg
n/neg-4506.jpg
n/neg-4507.jpg
n/neg-4508.jpg
n/neg-4509.jpg
n/neg-4510.jpg
n/neg-4511.jpg
n/neg-4512.jpg
n/neg-4513.jpg
n/neg-4514.jpg
n/neg-4515.jpg
n/neg-4516.jpg
n/neg-4517.jpg
n/neg-4518.jpg
n/neg-4519.jpg
n/neg-4520.jpg
n/neg-4521.jpg
n/neg-4522.jpg
n/neg-4523.jpg
n/neg-4524.jpg
n/neg-4525.jpg
n/neg-4526.jpg
n/neg-4527.jpg
n/neg-4528.jpg
n/neg-4529.jpg
n/neg-4530.jpg
n/neg-4531.jpg
n/neg-4532.jpg
n/neg-4533.jpg
n/neg-4534.jpg
n/neg-4535.jpg
n/neg-4536.jpg
n/neg-4537.jpg
n/neg-4538.jpg
n/neg-4539.jpg
n/neg-4540.jpg
n/neg-4541.jpg
n/neg-4542.jpg
n/neg-4543.jpg
n/neg-4544.jpg
n/neg-4545.jpg
n/neg-4546.jpg
n/neg-4547.jpg
n/neg-4548.jpg
n/neg-4549.jpg
n/neg-4550.jpg
n/neg-4551.jpg
n/neg-4552.jpg
n/neg-4553.jpg
n/neg-4554.jpg
n/neg-4555.jpg
n/neg-4556.jpg
n/neg-4557.jpg
n/neg-4558.jpg
n/neg-4559.jpg
n/neg-4560.jpg
n/neg-4561.jpg
n/neg-4562.jpg
n/neg-4563.jpg
n/neg-4564.jpg
n/neg-4565.jpg
n/neg-4566.jpg
n/neg-4567.jpg
n/neg-4568.jpg
n/neg-4569.jpg
n/neg-4570.jpg
n/neg-4571.jpg
n/neg-4572.jpg
n/neg-4573.jpg
n/neg-4574.jpg
n/neg-4575.jpg
n/neg-4576.jpg
n/neg-4577.jpg
n/neg-4578.jpg
n/neg-4579.jpg
n/neg-4580.jpg
n/neg-4581.jpg
n/neg-4582.jpg
n/neg-4583.jpg
n/neg-4584.jpg
n/neg-4585.jpg
n/neg-4586.jpg
n/neg-4587.jpg
n/neg-4588.jpg
n/neg-4589.jpg
n/neg-4590.jpg
n/neg-4591.jpg
n/neg-4592.jpg
n/neg-4593.jpg
n/neg-4594.jpg
n/neg-4595.jpg
n/neg-4596.jpg
n/neg-4598.jpg
n/neg-4599.jpg
n/neg-4600.jpg
n/neg-4601.jpg
n/neg-4602.jpg
n/neg-4603.jpg
n/neg-4604.jpg
n/neg-4605.jpg
n/neg-4606.jpg
n/neg-4607.jpg
n/neg-4609.jpg
n/neg-4610.jpg
n/neg-4611.jpg
n/neg-4612.jpg
n/neg-4613.jpg
n/neg-4614.jpg
n/neg-4615.jpg
n/neg-4616.jpg
n/neg-4617.jpg
n/neg-4619.jpg
n/neg-4620.jpg
n/neg-4621.jpg
n/neg-4622.jpg
n/neg-4623.jpg
n/neg-4624.jpg
n/neg-4625.jpg
n/neg-4626.jpg
n/neg-4627.jpg
n/neg-4628.jpg
n/neg-4629.jpg
n/neg-4630.jpg
n/neg-4631.jpg
n/neg-4632.jpg
n/neg-4633.jpg
n/neg-4634.jpg
n/neg-4635.jpg
n/neg-4636.jpg
n/neg-4637.jpg
n/neg-4638.jpg
n/neg-4639.jpg
n/neg-4640.jpg
n/neg-4641.jpg
n/neg-4642.jpg
n/neg-4643.jpg
n/neg-4644.jpg
n/neg-4645.jpg
n/neg-4646.jpg
n/neg-4647.jpg
n/neg-4648.jpg
n/neg-4649.jpg
n/neg-4650.jpg
n/neg-4652.jpg
n/neg-4653.jpg
n/neg-4654.jpg
n/neg-4655.jpg
n/neg-4656.jpg
n/neg-4657.jpg
n/neg-4658.jpg
n/neg-4659.jpg
n/neg-4660.jpg
n/neg-4661.jpg
n/neg-4662.jpg
n/neg-4663.jpg
n/neg-4664.jpg
n/neg-4665.jpg
n/neg-4666.jpg
n/neg-4667.jpg
n/neg-4668.jpg
n/neg-4669.jpg
n/neg-4670.jpg
n/neg-4671.jpg
n/neg-4672.jpg
n/neg-4673.jpg
n/neg-4674.jpg
n/neg-4675.jpg
n/neg-4676.jpg
n/neg-4677.jpg
n/neg-4678.jpg
n/neg-4679.jpg
n/neg-4680.jpg
n/neg-4681.jpg
n/neg-4682.jpg
n/neg-4683.jpg
n/neg-4684.jpg
n/neg-4685.jpg
n/neg-4686.jpg
n/neg-4687.jpg
n/neg-4689.jpg
n/neg-4690.jpg
n/neg-4691.jpg
n/neg-4692.jpg
n/neg-4693.jpg
n/neg-4694.jpg
n/neg-4695.jpg
n/neg-4696.jpg
n/neg-4697.jpg
n/neg-4698.jpg
n/neg-4699.jpg
n/neg-4700.jpg
n/neg-4701.jpg
n/neg-4702.jpg
n/neg-4703.jpg
n/neg-4704.jpg
n/neg-4706.jpg
n/neg-4707.jpg
n/neg-4708.jpg
n/neg-4709.jpg
n/neg-4710.jpg
n/neg-4711.jpg
n/neg-4712.jpg
n/neg-4713.jpg
n/neg-4714.jpg
n/neg-4715.jpg
n/neg-4716.jpg
n/neg-4717.jpg
n/neg-4718.jpg
n/neg-4719.jpg
n/neg-4720.jpg
n/neg-4721.jpg
n/neg-4722.jpg
n/neg-4723.jpg
n/neg-4724.jpg
n/neg-4725.jpg
n/neg-4726.jpg
n/neg-4727.jpg
n/neg-4728.jpg
n/neg-4729.jpg
n/neg-4730.jpg
n/neg-4731.jpg
n/neg-4732.jpg
n/neg-4733.jpg
n/neg-4734.jpg
n/neg-4735.jpg
n/neg-4736.jpg
n/neg-4737.jpg
n/neg-4738.jpg
n/neg-4739.jpg
n/neg-4740.jpg
n/neg-4741.jpg
n/neg-4743.jpg
n/neg-4744.jpg
n/neg-4745.jpg
n/neg-4746.jpg
n/neg-4747.jpg
n/neg-4748.jpg
n/neg-4749.jpg
n/neg-4751.jpg
n/neg-4752.jpg
n/neg-4753.jpg
n/neg-4754.jpg
n/neg-4755.jpg
n/neg-4756.jpg
n/neg-4757.jpg
n/neg-4758.jpg
n/neg-4759.jpg
n/neg-4760.jpg
n/neg-4762.jpg
n/neg-4763.jpg
n/neg-4764.jpg
n/neg-4765.jpg
n/neg-4767.jpg
n/neg-4768.jpg
n/neg-4769.jpg
n/neg-4770.jpg
n/neg-4771.jpg
n/neg-4773.jpg
n/neg-4774.jpg
n/neg-4775.jpg
n/neg-4776.jpg
n/neg-4777.jpg
n/neg-4778.jpg
n/neg-4779.jpg
n/neg-4780.jpg
n/neg-4781.jpg
n/neg-4782.jpg
n/neg-4783.jpg
n/neg-4784.jpg
n/neg-4785.jpg
n/neg-4786.jpg
n/neg-4787.jpg
n/neg-4788.jpg
n/neg-4789.jpg
n/neg-4790.jpg
n/neg-4791.jpg
n/neg-4792.jpg
n/neg-4793.jpg
n/neg-4794.jpg
n/neg-4795.jpg
n/neg-4796.jpg
n/neg-4797.jpg
n/neg-4798.jpg
n/neg-4799.jpg
n/neg-4800.jpg
n/neg-4801.jpg
n/neg-4802.jpg
n/neg-4803.jpg
n/neg-4804.jpg
n/neg-4805.jpg
n/neg-4806.jpg
n/neg-4807.jpg
n/neg-4808.jpg
n/neg-4809.jpg
n/neg-4810.jpg
n/neg-4811.jpg
n/neg-4812.jpg
n/neg-4813.jpg
n/neg-4814.jpg
n/neg-4815.jpg
n/neg-4816.jpg
n/neg-4817.jpg
n/neg-4818.jpg
n/neg-4819.jpg
n/neg-4820.jpg
n/neg-4821.jpg
n/neg-4822.jpg
n/neg-4823.jpg
n/neg-4824.jpg
n/neg-4825.jpg
n/neg-4826.jpg
n/neg-4827.jpg
n/neg-4828.jpg
n/neg-4829.jpg
n/neg-4830.jpg
n/neg-4831.jpg
n/neg-4832.jpg
n/neg-4833.jpg
n/neg-4834.jpg
n/neg-4835.jpg
n/neg-4836.jpg
n/neg-4837.jpg
n/neg-4838.jpg
n/neg-4839.jpg
n/neg-4840.jpg
n/neg-4841.jpg
n/neg-4843.jpg
n/neg-4844.jpg
n/neg-4845.jpg
n/neg-4846.jpg
n/neg-4847.jpg
n/neg-4848.jpg
n/neg-4849.jpg
n/neg-4850.jpg
n/neg-4851.jpg
n/neg-4852.jpg
n/neg-4854.jpg
n/neg-4855.jpg
n/neg-4856.jpg
n/neg-4857.jpg
n/neg-4858.jpg
n/neg-4859.jpg
n/neg-4860.jpg
n/neg-4861.jpg
n/neg-4862.jpg
n/neg-4863.jpg
n/neg-4864.jpg
n/neg-4865.jpg
n/neg-4866.jpg
n/neg-4867.jpg
n/neg-4868.jpg
n/neg-4869.jpg
n/neg-4870.jpg
n/neg-4871.jpg
n/neg-4872.jpg
n/neg-4873.jpg
n/neg-4874.jpg
n/neg-4875.jpg