p/1508608302193.jpg 1 0 0 61 89
p/1508608300719.jpg 1 0 0 49 72
p/1508608298472.jpg 1 0 0 54 73
p/1508608297157.jpg 1 0 0 59 84
p/1508608295374.jpg 1 0 0 35 66
p/1508608293949.jpg 1 0 0 41 75
p/1508608292186.jpg 1 0 0 37 76
p/1508608290456.jpg 1 0 0 41 79
p/1508608288704.jpg 1 0 0 57 80
p/1508608286968.jpg 1 0 0 64 89
p/1508608285242.jpg 1 0 0 68 94
p/1508608283177.jpg 1 0 0 61 94
p/1508608281586.jpg 1 0 0 62 93
p/1508608248814.jpg 1 0 0 32 66
p/1508608246296.jpg 1 0 0 43 74
p/1508608244711.jpg 1 0 0 51 75
p/1508608243391.jpg 1 0 0 47 78
p/1508608239140.jpg 1 0 0 40 63
p/1508608237455.jpg 1 0 0 35 61
p/1508608235283.jpg 1 0 0 37 61
p/1508608233918.jpg 1 0 0 45 55
p/1508608232407.jpg 1 0 0 44 57
p/1508608226457.jpg 1 0 0 35 58
p/1508608225019.jpg 1 0 0 41 61
p/1508608223360.jpg 1 0 0 42 57
p/1508608221698.jpg 1 0 0 47 59
p/1508608220191.jpg 1 0 0 54 65
p/1508608218424.jpg 1 0 0 47 47
p/1508608216660.jpg 1 0 0 46 48
p/1508608215347.jpg 1 0 0 40 50
p/1508608214087.jpg 1 0 0 37 50
p/1508608212547.jpg 1 0 0 39 50
p/1508608211256.jpg 1 0 0 38 45
p/1508608168602.jpg 1 0 0 28 57
p/1508608166508.jpg 1 0 0 39 59
p/1508608164661.jpg 1 0 0 43 56
p/1508608162968.jpg 1 0 0 51 59
p/1508608161547.jpg 1 0 0 49 60
p/1508608159162.jpg 1 0 0 36 52
p/1508608157112.jpg 1 0 0 41 56
p/1508608154857.jpg 1 0 0 39 53
p/1508608152449.jpg 1 0 0 39 45
p/1508608150294.jpg 1 0 0 44 50
p/1508608148744.jpg 1 0 0 41 46
p/1508608146467.jpg 1 0 0 30 37
p/1508608143699.jpg 1 0 0 37 43
p/1508608141178.jpg 1 0 0 43 37
p/1508608139611.jpg 1 0 0 50 39
p/1508608137402.jpg 1 0 0 45 34
p/1508608135407.jpg 1 0 0 39 38
p/1508608129436.jpg 1 0 0 40 43
p/1508608127878.jpg 1 0 0 46 48
p/1508608126266.jpg 1 0 0 48 52
p/1508608124636.jpg 1 0 0 47 46
p/1508608123006.jpg 1 0 0 39 38
p/1508608121356.jpg 1 0 0 46 43
p/1508608119763.jpg 1 0 0 47 52
p/1508608118155.jpg 1 0 0 46 49
p/1508608116619.jpg 1 0 0 43 54
p/1508608115126.jpg 1 0 0 41 48
p/1508608113593.jpg 1 0 0 44 48
p/1508608111967.jpg 1 0 0 46 43
p/1508608110350.jpg 1 0 0 50 47
p/1508608108606.jpg 1 0 0 46 52
p/1508608107020.jpg 1 0 0 42 45
p/1508608105080.jpg 1 0 0 38 44
p/1508608103305.jpg 1 0 0 48 51
p/1508608101906.jpg 1 0 0 39 42
p/1508608099933.jpg 1 0 0 37 41
p/1508608085444.jpg 1 0 0 48 64
p/1508608083407.jpg 1 0 0 62 62
p/1508608081932.jpg 1 0 0 56 63
p/1508608080420.jpg 1 0 0 48 61
p/1508608079076.jpg 1 0 0 40 54
p/1508608077862.jpg 1 0 0 45 54
p/1508608074019.jpg 1 0 0 68 81
p/1508608072599.jpg 1 0 0 63 81
p/1508608068800.jpg 1 0 0 53 84
p/1508608067631.jpg 1 0 0 43 74
p/1508608065692.jpg 1 0 0 61 81
p/1508608064264.jpg 1 0 0 75 81
p/1508608059318.jpg 1 0 0 76 109
p/1508608055479.jpg 1 0 0 51 112
p/1508608053899.jpg 1 0 0 63 118
p/1508608052252.jpg 1 0 0 63 107
p/1508608050514.jpg 1 0 0 94 109
p/1508608046381.jpg 1 0 0 100 116
p/1508608012070.jpg 1 0 0 123 64
p/1508608010082.jpg 1 0 0 99 44
p/1508608008567.jpg 1 0 0 110 55
p/1508608007039.jpg 1 0 0 130 54
p/1508608005630.jpg 1 0 0 120 70
p/1508608003762.jpg 1 0 0 114 64
p/1508608002139.jpg 1 0 0 101 51
p/1508607999652.jpg 1 0 0 57 68
p/1508607998299.jpg 1 0 0 72 78
p/1508607996982.jpg 1 0 0 109 75
p/1508607994675.jpg 1 0 0 102 67
p/1508607979497.jpg 1 0 0 75 57
p/1508607976348.jpg 1 0 0 83 94
p/1508607971427.jpg 1 0 0 116 87
p/1508607970253.jpg 1 0 0 84 87
p/1508607969090.jpg 1 0 0 99 83
p/1508607965645.jpg 1 0 0 86 66
p/1508607958604.jpg 1 0 0 69 69
p/1508607956788.jpg 1 0 0 104 65
p/1508607953714.jpg 1 0 0 97 56
p/1508607952104.jpg 1 0 0 64 59
p/1508607949869.jpg 1 0 0 80 53
p/1508607944975.jpg 1 0 0 185 44
p/1508607941699.jpg 1 0 0 128 40
p/1508607939926.jpg 1 0 0 138 47
p/1508607937966.jpg 1 0 0 132 75
p/1508607935925.jpg 1 0 0 114 53
p/1508607933934.jpg 1 0 0 159 54
p/1508607932007.jpg 1 0 0 157 70
p/1508607930499.jpg 1 0 0 142 52
p/1508607928958.jpg 1 0 0 129 51
p/1508607924743.jpg 1 0 0 148 73
p/1508607922803.jpg 1 0 0 119 69
p/1508607920992.jpg 1 0 0 99 65
p/1508607918532.jpg 1 0 0 260 68
p/1508607916208.jpg 1 0 0 91 53
p/1508607914421.jpg 1 0 0 90 53
p/1508607912750.jpg 1 0 0 239 63
p/1508607905772.jpg 1 0 0 50 73
p/1508607883335.jpg 1 0 0 33 84
p/1508607881584.jpg 1 0 0 31 76
p/1508607877931.jpg 1 0 0 38 86
p/1508607875750.jpg 1 0 0 54 80
p/1508607873965.jpg 1 0 0 58 80
p/1508607872188.jpg 1 0 0 79 105
p/1508607870195.jpg 1 0 0 24 81
p/1508607868614.jpg 1 0 0 30 89
p/1508607856559.jpg 1 0 0 51 122
p/1508607854191.jpg 1 0 0 55 121
p/1508607851716.jpg 1 0 0 53 109
p/1508607850363.jpg 1 0 0 58 117
p/1508607848130.jpg 1 0 0 85 97
p/1508607846420.jpg 1 0 0 74 106
p/1508607844806.jpg 1 0 0 67 104
p/1508607840880.jpg 1 0 0 74 75
p/1508607839071.jpg 1 0 0 76 77
p/1508607837206.jpg 1 0 0 62 66
p/1508607835835.jpg 1 0 0 59 62
p/1508607834058.jpg 1 0 0 61 44
p/1508607832809.jpg 1 0 0 53 43
p/1508607831368.jpg 1 0 0 52 51
p/1508607829222.jpg 1 0 0 35 48
p/1508607827466.jpg 1 0 0 40 57
p/1508607826103.jpg 1 0 0 36 54
p/1508607824210.jpg 1 0 0 67 47
p/1508607822580.jpg 1 0 0 79 63
p/1508607819226.jpg 1 0 0 53 63
p/1508607817412.jpg 1 0 0 62 74
p/1508607813950.jpg 1 0 0 48 85
p/1508607812735.jpg 1 0 0 57 82
p/1508607811123.jpg 1 0 0 57 99
p/1508607809489.jpg 1 0 0 46 84
p/1508607803370.jpg 1 0 0 48 43
p/1508607802219.jpg 1 0 0 42 43
p/1508607800417.jpg 1 0 0 39 38
p/1508607798758.jpg 1 0 0 34 35
p/1508607797378.jpg 1 0 0 37 55
p/1508607796009.jpg 1 0 0 43 63
p/1508607794109.jpg 1 0 0 49 53
p/1508607792790.jpg 1 0 0 54 55
p/1508607791317.jpg 1 0 0 38 58
p/1508607790016.jpg 1 0 0 43 59
p/1508607787907.jpg 1 0 0 43 53
p/1508607785768.jpg 1 0 0 39 61
p/1508607782759.jpg 1 0 0 46 65
p/1508607781084.jpg 1 0 0 43 64
p/1508607767898.jpg 1 0 0 63 88
p/1508607755944.jpg 1 0 0 50 101
p/1508607754134.jpg 1 0 0 60 104
p/1508607752392.jpg 1 0 0 57 113
p/1508607750683.jpg 1 0 0 48 111
p/1508607719142.jpg 1 0 0 55 89
p/1508607717532.jpg 1 0 0 38 74
p/1508607714925.jpg 1 0 0 47 68
p/1508607712113.jpg 1 0 0 63 102
p/1508607710757.jpg 1 0 0 56 88
p/1508607708916.jpg 1 0 0 54 106
p/1508607707102.jpg 1 0 0 49 109
p/1508607705176.jpg 1 0 0 49 107
p/1508607703731.jpg 1 0 0 42 84
p/1508607702076.jpg 1 0 0 45 85
p/1508607699110.jpg 1 0 0 49 46
p/1508607697597.jpg 1 0 0 34 69
p/1508607695757.jpg 1 0 0 44 64
p/1508606292167.jpg 1 0 0 20 39
p/1508606290581.jpg 1 0 0 21 26
p/1508606288727.jpg 1 0 0 20 41
p/1508606246842.jpg 1 0 0 22 41
p/1508606245439.jpg 1 0 0 20 39
p/1508606243783.jpg 1 0 0 20 38
p/1508606238759.jpg 1 0 0 16 31
p/1508606236829.jpg 1 0 0 14 18
p/1508606235616.jpg 1 0 0 13 18
p/1508606233131.jpg 1 0 0 12 31
p/1508606231381.jpg 1 0 0 10 26
p/1508606229616.jpg 1 0 0 12 26
p/1508606228529.jpg 1 0 0 12 30
p/1508606227335.jpg 1 0 0 12 30
p/1508606225936.jpg 1 0 0 13 18
p/1508606224546.jpg 1 0 0 13 17
p/1508606222786.jpg 1 0 0 12 18
p/1508606221546.jpg 1 0 0 12 16
p/1508606217342.jpg 1 0 0 15 34
p/1508606215696.jpg 1 0 0 16 41
p/1508606213559.jpg 1 0 0 23 43
p/1508606210826.jpg 1 0 0 15 44
p/1508606208727.jpg 1 0 0 20 46
p/1508606205885.jpg 1 0 0 23 45
p/1508606204410.jpg 1 0 0 18 40
p/1508606202828.jpg 1 0 0 24 47
p/1508606201326.jpg 1 0 0 21 48
p/1508606199806.jpg 1 0 0 21 50
p/1508606198564.jpg 1 0 0 23 43
p/1508606196671.jpg 1 0 0 20 46
p/1508606194372.jpg 1 0 0 22 43
p/1508606191511.jpg 1 0 0 26 47
p/1508606189440.jpg 1 0 0 20 47
p/1508606187271.jpg 1 0 0 23 47
p/1508606185649.jpg 1 0 0 24 48
p/1508606183411.jpg 1 0 0 16 38
p/1508606181751.jpg 1 0 0 17 38
p/1508606180076.jpg 1 0 0 15 19
p/1508606158446.jpg 1 0 0 17 17
p/1508606157349.jpg 1 0 0 20 15
p/1508606155704.jpg 1 0 0 17 21
p/1508606153936.jpg 1 0 0 27 17
p/1508606152119.jpg 1 0 0 31 16
p/1508606150653.jpg 1 0 0 18 22
p/1508606149094.jpg 1 0 0 15 17
p/1508606147618.jpg 1 0 0 17 19
p/1508606146259.jpg 1 0 0 17 22
p/1508606139583.jpg 1 0 0 12 14
p/1508606136647.jpg 1 0 0 18 12
p/1508606134415.jpg 1 0 0 26 16
p/1508606132565.jpg 1 0 0 19 17
p/1508606131088.jpg 1 0 0 15 13
p/1508606129081.jpg 1 0 0 15 17
p/1508606127254.jpg 1 0 0 17 20
p/1508606123835.jpg 1 0 0 18 14
p/1508606121403.jpg 1 0 0 13 15
p/1508606119501.jpg 1 0 0 20 17
p/1508606117962.jpg 1 0 0 24 15
p/1508606115859.jpg 1 0 0 17 19
p/1508606114521.jpg 1 0 0 22 21
p/1508606112547.jpg 1 0 0 22 22
p/1508606111119.jpg 1 0 0 16 17
p/1508606108023.jpg 1 0 0 28 43
p/1508606106278.jpg 1 0 0 26 41
p/1508606104313.jpg 1 0 0 27 39
p/1508606102916.jpg 1 0 0 26 38
p/1508606101795.jpg 1 0 0 26 35
p/1508606100500.jpg 1 0 0 22 37
p/1508606096947.jpg 1 0 0 20 33
p/1508606095569.jpg 1 0 0 23 34
p/1508606093706.jpg 1 0 0 24 35
p/1508606092576.jpg 1 0 0 21 40
p/1508606091371.jpg 1 0 0 28 43
p/1508606089823.jpg 1 0 0 24 38
p/1508606086612.jpg 1 0 0 29 38
p/1508606085363.jpg 1 0 0 24 36
p/1508606083756.jpg 1 0 0 21 35
p/1508606080018.jpg 1 0 0 21 39
p/1508606075469.jpg 1 0 0 24 42
p/1508606073900.jpg 1 0 0 26 38
p/1508606070059.jpg 1 0 0 25 36
p/1508606067574.jpg 1 0 0 24 39
p/1508606065713.jpg 1 0 0 19 36
p/1508606061616.jpg 1 0 0 13 24
p/1508606060129.jpg 1 0 0 16 24
p/1508606058146.jpg 1 0 0 19 22
p/1508606056106.jpg 1 0 0 21 24
p/1508606054061.jpg 1 0 0 22 24
p/1508606046068.jpg 1 0 0 31 25
p/1508606043192.jpg 1 0 0 11 22
p/1508606040897.jpg 1 0 0 12 23
p/1508606038931.jpg 1 0 0 20 22
p/1508606037264.jpg 1 0 0 15 21
p/1508606035704.jpg 1 0 0 22 39
p/1508606034279.jpg 1 0 0 26 42
p/1508606032729.jpg 1 0 0 22 26
p/1508606027830.jpg 1 0 0 14 24
p/1508606024108.jpg 1 0 0 24 30
p/1508606020864.jpg 1 0 0 11 22
p/1508606019112.jpg 1 0 0 10 25
p/1508606017440.jpg 1 0 0 23 26
p/1508606015751.jpg 1 0 0 18 27
p/1508606013249.jpg 1 0 0 24 25
p/1508606011553.jpg 1 0 0 18 23
p/1508606009814.jpg 1 0 0 18 24
p/1508606000883.jpg 1 0 0 37 17
p/1508605997733.jpg 1 0 0 12 15
p/1508605995968.jpg 1 0 0 32 18
p/1508605994403.jpg 1 0 0 36 16
p/1508605990749.jpg 1 0 0 13 19
p/1508605989042.jpg 1 0 0 39 16
p/1508605987514.jpg 1 0 0 39 20
p/1508605985390.jpg 1 0 0 33 17
p/1508605983809.jpg 1 0 0 35 19
p/1508605973594.jpg 1 0 0 14 14
p/1508605972037.jpg 1 0 0 17 18
p/1508605966727.jpg 1 0 0 38 13
p/1508605965030.jpg 1 0 0 34 13
p/1508605960402.jpg 1 0 0 18 29
p/1508605959019.jpg 1 0 0 18 26
p/1508605957304.jpg 1 0 0 13 26
p/1508605955703.jpg 1 0 0 17 27
p/1508605953704.jpg 1 0 0 18 25
p/1508605952011.jpg 1 0 0 20 30
p/1508605950756.jpg 1 0 0 14 24
p/1508605948513.jpg 1 0 0 21 28
p/1508605943952.jpg 1 0 0 23 35
p/1508605942639.jpg 1 0 0 23 37
p/1508605940752.jpg 1 0 0 24 34
p/1508605938918.jpg 1 0 0 25 34
p/1508605937179.jpg 1 0 0 19 34
p/1508605931632.jpg 1 0 0 16 33
p/1508605930048.jpg 1 0 0 17 37
p/1508605928310.jpg 1 0 0 17 40
p/1508605926326.jpg 1 0 0 23 42
p/1508605921910.jpg 1 0 0 14 28
p/1508605920199.jpg 1 0 0 16 30
p/1508605918589.jpg 1 0 0 18 31
p/1508605916541.jpg 1 0 0 21 33
p/1508605914759.jpg 1 0 0 19 32
p/1508605912578.jpg 1 0 0 14 27
p/1508605910288.jpg 1 0 0 11 26
p/1508605907594.jpg 1 0 0 14 26
p/1508605904548.jpg 1 0 0 15 23
p/1508605900787.jpg 1 0 0 20 24
p/1508605899141.jpg 1 0 0 17 27
p/1508605897485.jpg 1 0 0 12 23
p/1508605895544.jpg 1 0 0 13 28
p/1508605893424.jpg 1 0 0 13 23
p/1508605891826.jpg 1 0 0 16 26
p/1508605890355.jpg 1 0 0 16 28
p/1508605888748.jpg 1 0 0 14 26
p/1508605887096.jpg 1 0 0 16 33
p/1508605885269.jpg 1 0 0 15 38
p/1508605883236.jpg 1 0 0 20 36
p/1508605881538.jpg 1 0 0 14 31
p/1508605880179.jpg 1 0 0 24 31
p/1508605878422.jpg 1 0 0 18 28
p/1508605873542.jpg 1 0 0 19 22
p/1508605871352.jpg 1 0 0 25 34
p/1508605866016.jpg 1 0 0 27 33
p/1508605864073.jpg 1 0 0 37 39
p/1508605862939.jpg 1 0 0 23 33
p/1508605861134.jpg 1 0 0 30 38
p/1508605859539.jpg 1 0 0 29 40
p/1508605858003.jpg 1 0 0 45 46
p/1508605856786.jpg 1 0 0 26 48
p/1508605855402.jpg 1 0 0 24 44
p/1508605853990.jpg 1 0 0 23 39
p/1508605849210.jpg 1 0 0 22 31
p/1508605847308.jpg 1 0 0 21 28
p/1508605845723.jpg 1 0 0 19 30
p/1508605844409.jpg 1 0 0 31 33
p/1508605843010.jpg 1 0 0 30 30
p/1508605841543.jpg 1 0 0 24 30
p/1508605839855.jpg 1 0 0 23 31
p/1508605838461.jpg 1 0 0 18 28
p/1508605837048.jpg 1 0 0 21 34
p/1508605835032.jpg 1 0 0 36 38
p/1508605833633.jpg 1 0 0 34 47
p/1508605832317.jpg 1 0 0 32 48
p/1508605830983.jpg 1 0 0 27 44
p/1508605827435.jpg 1 0 0 19 26
p/1508605825935.jpg 1 0 0 16 20
p/1508605824595.jpg 1 0 0 15 24
p/1508605823330.jpg 1 0 0 15 30
p/1508605821798.jpg 1 0 0 16 28
p/1508605820608.jpg 1 0 0 20 27
p/1508605819120.jpg 1 0 0 16 23
p/1508605817706.jpg 1 0 0 29 33
p/1508605816444.jpg 1 0 0 31 28
p/1508605814999.jpg 1 0 0 24 33
p/1508605813798.jpg 1 0 0 28 36
p/1508605812327.jpg 1 0 0 30 41
p/1508605810549.jpg 1 0 0 33 39
p/1508605806330.jpg 1 0 0 20 26
p/1508605803772.jpg 1 0 0 20 23
p/1508605800806.jpg 1 0 0 19 28
p/1508605799166.jpg 1 0 0 20 25
p/1508605797262.jpg 1 0 0 17 22
p/1508605795717.jpg 1 0 0 19 21
p/1508605794225.jpg 1 0 0 18 22
p/1508605792809.jpg 1 0 0 20 26
p/1508605791737.jpg 1 0 0 19 23
p/1508605789987.jpg 1 0 0 20 25
p/1508605759511.jpg 1 0 0 20 21
p/1508605758257.jpg 1 0 0 18 21
p/1508605756783.jpg 1 0 0 18 26
p/1508605754664.jpg 1 0 0 16 23
p/1508605753097.jpg 1 0 0 14 21
p/1508605751822.jpg 1 0 0 12 17
p/1508605750299.jpg 1 0 0 14 18
p/1508605747428.jpg 1 0 0 11 19
p/1508605746064.jpg 1 0 0 14 16
p/1508605744737.jpg 1 0 0 14 17
p/1508605743446.jpg 1 0 0 13 18
p/1508605741860.jpg 1 0 0 11 20
p/1508605740258.jpg 1 0 0 11 18
p/1508605738482.jpg 1 0 0 14 25
p/1508605736876.jpg 1 0 0 16 24
p/1508605735622.jpg 1 0 0 19 28
p/1508605727328.jpg 1 0 0 22 27
p/1508605725859.jpg 1 0 0 19 30
p/1508605724222.jpg 1 0 0 17 29
p/1508605722858.jpg 1 0 0 19 27
p/1508605720007.jpg 1 0 0 11 12
p/1508605718552.jpg 1 0 0 14 23
p/1508605716652.jpg 1 0 0 16 26
p/1508605714860.jpg 1 0 0 13 24
p/1508605713371.jpg 1 0 0 20 25
p/1508605712074.jpg 1 0 0 16 28
p/1508605710378.jpg 1 0 0 16 20
p/1508605707542.jpg 1 0 0 11 15
p/1508605706030.jpg 1 0 0 15 19
p/1508605702840.jpg 1 0 0 12 24
p/1508605701484.jpg 1 0 0 9 24
p/1508605700172.jpg 1 0 0 9 21
p/1508605698859.jpg 1 0 0 9 19
p/1508605697688.jpg 1 0 0 11 22
p/1508605696626.jpg 1 0 0 12 22
p/1508605695194.jpg 1 0 0 17 25
p/1508605694026.jpg 1 0 0 18 25
p/1508605690827.jpg 1 0 0 16 22
p/1508605689040.jpg 1 0 0 16 24
p/1508605687733.jpg 1 0 0 18 26
p/1508605686406.jpg 1 0 0 18 27
p/1508605669218.jpg 1 0 0 13 16
p/1508605666909.jpg 1 0 0 10 14
p/1508605665366.jpg 1 0 0 8 17
p/1508605664251.jpg 1 0 0 14 18
p/1508605660411.jpg 1 0 0 12 21
p/1508605659154.jpg 1 0 0 14 23
p/1508605658171.jpg 1 0 0 13 22
p/1508605656668.jpg 1 0 0 12 26
p/1508605655492.jpg 1 0 0 16 25
p/1508605653726.jpg 1 0 0 10 21
p/1508605652162.jpg 1 0 0 14 22
p/1508605650790.jpg 1 0 0 16 11
p/1508605649124.jpg 1 0 0 16 27
p/1508605647986.jpg 1 0 0 18 30
p/1508605641241.jpg 1 0 0 20 39
p/1508605639223.jpg 1 0 0 21 41
p/1508605635137.jpg 1 0 0 20 32
p/1508605633552.jpg 1 0 0 22 31
p/1508605632102.jpg 1 0 0 26 36
p/1508605630764.jpg 1 0 0 20 35
p/1508605627583.jpg 1 0 0 22 36
p/1508605620702.jpg 1 0 0 12 32
p/1508605618966.jpg 1 0 0 11 27
p/1508605617245.jpg 1 0 0 13 32
p/1508605615958.jpg 1 0 0 12 29
p/1508605614423.jpg 1 0 0 15 33
p/1508605612970.jpg 1 0 0 14 29
p/1508605611804.jpg 1 0 0 17 35
p/1508605609317.jpg 1 0 0 19 38
p/1508605601486.jpg 1 0 0 15 30
p/1508605599952.jpg 1 0 0 18 35
p/1508605598577.jpg 1 0 0 21 39
p/1508605596881.jpg 1 0 0 19 45
p/1508605593183.jpg 1 0 0 17 30
p/1508605591581.jpg 1 0 0 15 29
p/1508605590094.jpg 1 0 0 18 32
p/1508605588498.jpg 1 0 0 17 31
p/1508605587065.jpg 1 0 0 19 36
p/1508605583841.jpg 1 0 0 27 31
p/1508605582485.jpg 1 0 0 23 27
p/1508605580955.jpg 1 0 0 22 32
p/1508605579258.jpg 1 0 0 23 32
p/1508605577510.jpg 1 0 0 29 40
p/1508605573585.jpg 1 0 0 32 44
p/1508605572243.jpg 1 0 0 27 41
p/1508605569571.jpg 1 0 0 24 35
p/1508605568273.jpg 1 0 0 23 37
p/1508605564514.jpg 1 0 0 22 35
p/1508605560816.jpg 1 0 0 27 32
p/1508605559349.jpg 1 0 0 24 34
p/1508605557567.jpg 1 0 0 21 27
p/1508605556072.jpg 1 0 0 18 26
p/1508605552263.jpg 1 0 0 22 27
p/1508605550656.jpg 1 0 0 19 30
p/1508605549209.jpg 1 0 0 18 33
p/1508605547562.jpg 1 0 0 21 32
p/1508605538910.jpg 1 0 0 23 43
p/1508605535278.jpg 1 0 0 29 45
p/1508605533448.jpg 1 0 0 31 42
p/1508605532056.jpg 1 0 0 35 47
p/1508605528900.jpg 1 0 0 25 41
p/1508605527379.jpg 1 0 0 27 41
p/1508605525723.jpg 1 0 0 28 46
p/1508605523896.jpg 1 0 0 24 41
p/1508605521222.jpg 1 0 0 22 43
p/1508605519621.jpg 1 0 0 21 36
p/1508605518067.jpg 1 0 0 17 36
p/1508605516384.jpg 1 0 0 20 32
p/1508605514855.jpg 1 0 0 15 31
p/1508605510548.jpg 1 0 0 14 30
p/1508605508617.jpg 1 0 0 18 34
p/1508605506979.jpg 1 0 0 28 42
p/1508605505558.jpg 1 0 0 25 39
p/1508605501943.jpg 1 0 0 18 30
p/1508605499715.jpg 1 0 0 17 32
p/1508605497824.jpg 1 0 0 23 34
p/1508605495770.jpg 1 0 0 26 38
p/1508605491959.jpg 1 0 0 11 32
p/1508605490348.jpg 1 0 0 16 29
p/1508605488743.jpg 1 0 0 18 37
p/1508605486993.jpg 1 0 0 20 36
p/1508605484981.jpg 1 0 0 20 39
p/1508605483315.jpg 1 0 0 26 46
p/1508605478517.jpg 1 0 0 24 43
p/1508605476845.jpg 1 0 0 22 44
p/1508605475160.jpg 1 0 0 24 42
p/1508605473528.jpg 1 0 0 24 41
p/1508605471849.jpg 1 0 0 28 42
p/1508605468243.jpg 1 0 0 28 45
p/1508605465851.jpg 1 0 0 30 48
p/1508605460224.jpg 1 0 0 20 34
p/1508605444326.jpg 1 0 0 20 30
p/1508605438038.jpg 1 0 0 18 24
p/1508605436350.jpg 1 0 0 19 30
p/1508605431753.jpg 1 0 0 14 32
p/1508605430305.jpg 1 0 0 14 31
p/1508605428722.jpg 1 0 0 14 34
p/1508605426720.jpg 1 0 0 18 37
p/1508605425081.jpg 1 0 0 18 43
p/1508605423293.jpg 1 0 0 22 46
p/1508605419186.jpg 1 0 0 17 36
p/1508605417344.jpg 1 0 0 22 42
p/1508605416036.jpg 1 0 0 24 43
p/1508605410039.jpg 1 0 0 29 41
p/1508605407463.jpg 1 0 0 29 42
p/1508605404781.jpg 1 0 0 27 43
p/1508605391884.jpg 1 0 0 28 40
p/1508605390314.jpg 1 0 0 30 39
p/1508605388478.jpg 1 0 0 27 40
p/1508605386215.jpg 1 0 0 27 44
p/1508605382474.jpg 1 0 0 17 37
p/1508605380710.jpg 1 0 0 24 37
p/1508605378210.jpg 1 0 0 30 43
p/1508605375518.jpg 1 0 0 39 43
p/1508605372002.jpg 1 0 0 15 35
p/1508605369875.jpg 1 0 0 28 40
p/1508605368287.jpg 1 0 0 24 39
p/1508605365080.jpg 1 0 0 15 31
p/1508605363170.jpg 1 0 0 19 33
p/1508605361179.jpg 1 0 0 20 36
p/1508605356166.jpg 1 0 0 27 40
p/1508605353818.jpg 1 0 0 30 46
p/1508605339553.jpg 1 0 0 17 32
p/1508605336461.jpg 1 0 0 19 36
p/1508605335131.jpg 1 0 0 21 37
p/1508605332662.jpg 1 0 0 27 42
p/1508605324684.jpg 1 0 0 25 47
p/1508605323071.jpg 1 0 0 27 50
p/1508605309349.jpg 1 0 0 21 44
p/1508605307339.jpg 1 0 0 20 42
p/1508605305637.jpg 1 0 0 23 43
p/1508605304067.jpg 1 0 0 25 47
p/1508605302357.jpg 1 0 0 25 44
p/1508605298572.jpg 1 0 0 26 43
p/1508605296500.jpg 1 0 0 26 43
p/1508605293941.jpg 1 0 0 22 43
p/1508605292434.jpg 1 0 0 25 45
p/1508605288794.jpg 1 0 0 10 34
p/1508605286924.jpg 1 0 0 15 34
p/1508605284897.jpg 1 0 0 24 42
p/1508605282895.jpg 1 0 0 30 42
p/1508605278536.jpg 1 0 0 28 44
p/1508605272952.jpg 1 0 0 19 46
p/1508605271547.jpg 1 0 0 19 41
p/1508605269885.jpg 1 0 0 16 39
p/1508605268311.jpg 1 0 0 14 36
p/1508605264538.jpg 1 0 0 14 32
p/1508605258089.jpg 1 0 0 14 34
p/1508605256491.jpg 1 0 0 16 34
p/1508605255026.jpg 1 0 0 18 36
p/1508605253572.jpg 1 0 0 18 39
p/1508605252255.jpg 1 0 0 22 43
p/1508605250934.jpg 1 0 0 23 46
p/1508605241803.jpg 1 0 0 12 27
p/1508605240376.jpg 1 0 0 14 30
p/1508605238766.jpg 1 0 0 15 34
p/1508605236786.jpg 1 0 0 18 40
p/1508605235078.jpg 1 0 0 26 44
p/1508605232465.jpg 1 0 0 20 38
p/1508605230273.jpg 1 0 0 25 43
p/1508605228649.jpg 1 0 0 30 42
p/1508605226741.jpg 1 0 0 24 41
p/1508605225216.jpg 1 0 0 25 44
p/1508605219129.jpg 1 0 0 14 23
p/1508605217064.jpg 1 0 0 12 21
p/1508605215333.jpg 1 0 0 14 22
p/1508605213923.jpg 1 0 0 14 19
p/1508605212289.jpg 1 0 0 16 18
p/1508605210543.jpg 1 0 0 23 38
p/1508605209222.jpg 1 0 0 25 40
p/1508605207463.jpg 1 0 0 25 41
p/1508605204727.jpg 1 0 0 22 43
p/1508605202779.jpg 1 0 0 24 41
p/1508605201402.jpg 1 0 0 24 42
p/1508605197836.jpg 1 0 0 10 19
p/1508605196454.jpg 1 0 0 9 16
p/1508605193373.jpg 1 0 0 11 20
p/1508605191817.jpg 1 0 0 10 20
p/1508605190107.jpg 1 0 0 13 19
p/1508605182440.jpg 1 0 0 10 31
p/1508605180953.jpg 1 0 0 10 31
p/1508605178481.jpg 1 0 0 8 31
p/1508605176502.jpg 1 0 0 12 30
p/1508605174400.jpg 1 0 0 14 36
p/1508605172621.jpg 1 0 0 12 32
p/1508605171297.jpg 1 0 0 13 34
p/1508605169065.jpg 1 0 0 18 35
p/1508605167305.jpg 1 0 0 19 41
p/1508605165629.jpg 1 0 0 11 20
p/1508605163900.jpg 1 0 0 19 25
p/1508605162715.jpg 1 0 0 15 20
p/1508605160918.jpg 1 0 0 22 38
p/1508605159488.jpg 1 0 0 22 42
p/1508605158015.jpg 1 0 0 27 42
p/1508605156127.jpg 1 0 0 34 51
p/1508605154559.jpg 1 0 0 33 47
p/1508604939859.jpg 1 0 0 16 33
p/1508604938424.jpg 1 0 0 12 39
p/1508604936655.jpg 1 0 0 15 34
p/1508604934425.jpg 1 0 0 16 41
p/1508604931649.jpg 1 0 0 16 20
p/1508604930348.jpg 1 0 0 12 26
p/1508604928366.jpg 1 0 0 26 47
p/1508604927075.jpg 1 0 0 22 40
p/1508604925714.jpg 1 0 0 29 45
p/1508604924410.jpg 1 0 0 25 43
p/1508604923170.jpg 1 0 0 22 44
p/1508604921657.jpg 1 0 0 24 48
p/1508604918285.jpg 1 0 0 13 22
p/1508604916913.jpg 1 0 0 11 22
p/1508604912200.jpg 1 0 0 8 17
p/1508604910861.jpg 1 0 0 12 18
p/1508604908319.jpg 1 0 0 9 20
p/1508604905844.jpg 1 0 0 7 16
p/1508604901267.jpg 1 0 0 16 17
p/1508604899385.jpg 1 0 0 15 15
p/1508604897595.jpg 1 0 0 15 15
p/1508604895795.jpg 1 0 0 11 18
p/1508604894147.jpg 1 0 0 12 20
p/1508604892872.jpg 1 0 0 13 23
p/1508604891153.jpg 1 0 0 14 23
p/1508604889558.jpg 1 0 0 18 23
p/1508604888406.jpg 1 0 0 14 18
p/1508604886825.jpg 1 0 0 13 15
p/1508604885297.jpg 1 0 0 11 15
p/1508604883557.jpg 1 0 0 13 22
p/1508604881909.jpg 1 0 0 12 22
p/1508604880752.jpg 1 0 0 11 17
p/1508604877454.jpg 1 0 0 10 20
p/1508604876127.jpg 1 0 0 13 21
p/1508604874811.jpg 1 0 0 12 16
p/1508604873045.jpg 1 0 0 12 17
p/1508604871182.jpg 1 0 0 11 22
p/1508604869667.jpg 1 0 0 13 15
p/1508604868368.jpg 1 0 0 13 13
p/1508604866173.jpg 1 0 0 16 22
p/1508604864688.jpg 1 0 0 12 17
p/1508604863200.jpg 1 0 0 12 12
p/1508604861671.jpg 1 0 0 13 16
p/1508604859392.jpg 1 0 0 15 24
p/1508604857961.jpg 1 0 0 16 27
p/1508604856330.jpg 1 0 0 15 22
p/1508604854953.jpg 1 0 0 19 23
p/1508604852926.jpg 1 0 0 18 26
p/1508604851542.jpg 1 0 0 14 27
p/1508604850239.jpg 1 0 0 16 19
p/1508604848821.jpg 1 0 0 17 20
p/1508604845139.jpg 1 0 0 15 12
p/1508604843403.jpg 1 0 0 12 10
p/1508604837102.jpg 1 0 0 10 20
p/1508604835193.jpg 1 0 0 8 18
p/1508604833474.jpg 1 0 0 9 18
p/1508604831782.jpg 1 0 0 9 21
p/1508604829947.jpg 1 0 0 11 12
p/1508604828646.jpg 1 0 0 11 20
p/1508604827360.jpg 1 0 0 12 19
p/1508604825938.jpg 1 0 0 11 16
p/1508604824193.jpg 1 0 0 12 17
p/1508604821934.jpg 1 0 0 14 12
p/1508604819998.jpg 1 0 0 14 12
p/1508604818485.jpg 1 0 0 13 14
p/1508604816947.jpg 1 0 0 14 14
p/1508604814950.jpg 1 0 0 13 17
p/1508604812989.jpg 1 0 0 16 15
p/1508604811087.jpg 1 0 0 13 15
p/1508604808812.jpg 1 0 0 16 22
p/1508604807272.jpg 1 0 0 16 20
p/1508604806024.jpg 1 0 0 14 23
p/1508604797530.jpg 1 0 0 14 27
p/1508604795939.jpg 1 0 0 16 30
p/1508604794611.jpg 1 0 0 17 26
p/1508604790098.jpg 1 0 0 16 26
p/1508604788046.jpg 1 0 0 13 25
p/1508604786789.jpg 1 0 0 16 25
p/1508604785325.jpg 1 0 0 12 23
p/1508604783250.jpg 1 0 0 14 29
p/1508604781761.jpg 1 0 0 12 30
p/1508604779905.jpg 1 0 0 16 29
p/1508604778351.jpg 1 0 0 15 27
p/1508604776914.jpg 1 0 0 14 28
p/1508604771541.jpg 1 0 0 11 23
p/1508604769855.jpg 1 0 0 13 22
p/1508604768386.jpg 1 0 0 11 24
p/1508604767255.jpg 1 0 0 14 26
p/1508604765377.jpg 1 0 0 11 25
p/1508604764130.jpg 1 0 0 14 28
p/1508604762893.jpg 1 0 0 11 23
p/1508604760342.jpg 1 0 0 16 28
p/1508604758508.jpg 1 0 0 14 25
p/1508604757062.jpg 1 0 0 13 21
p/1508604755076.jpg 1 0 0 11 20
p/1508604753689.jpg 1 0 0 9 22
p/1508604752258.jpg 1 0 0 6 16
p/1508604750890.jpg 1 0 0 9 21
p/1508604745424.jpg 1 0 0 11 20
p/1508604743944.jpg 1 0 0 8 21
p/1508604742028.jpg 1 0 0 7 20
p/1508604740683.jpg 1 0 0 11 21
p/1508604739303.jpg 1 0 0 11 24
p/1508604737656.jpg 1 0 0 11 22
p/1508604736372.jpg 1 0 0 12 25
p/1508604734218.jpg 1 0 0 14 25
p/1508604732797.jpg 1 0 0 13 29
p/1508604731158.jpg 1 0 0 13 27
p/1508604727906.jpg 1 0 0 12 26
p/1508604725831.jpg 1 0 0 16 21
p/1508604724151.jpg 1 0 0 14 25
p/1508604722230.jpg 1 0 0 10 23
p/1508604720501.jpg 1 0 0 9 21
p/1508604718899.jpg 1 0 0 12 20
p/1508604717686.jpg 1 0 0 11 19
p/1508604715967.jpg 1 0 0 13 19
p/1508604714520.jpg 1 0 0 14 24
p/1508604712674.jpg 1 0 0 16 25
p/1508604710946.jpg 1 0 0 13 22
p/1508604709641.jpg 1 0 0 13 24
p/1508604708028.jpg 1 0 0 15 25
p/1508604706422.jpg 1 0 0 15 24
p/1508604678277.jpg 1 0 0 11 23
p/1508604676729.jpg 1 0 0 10 21
p/1508604675097.jpg 1 0 0 7 23
p/1508604673722.jpg 1 0 0 7 22
p/1508604672247.jpg 1 0 0 6 19
p/1508604670754.jpg 1 0 0 8 16
p/1508604667993.jpg 1 0 0 14 27
p/1508604666393.jpg 1 0 0 11 21
p/1508604664373.jpg 1 0 0 12 23
p/1508604662610.jpg 1 0 0 14 24
p/1508604661018.jpg 1 0 0 17 23
p/1508604656879.jpg 1 0 0 17 27
p/1508604655264.jpg 1 0 0 16 25
p/1508604653751.jpg 1 0 0 14 29
p/1508604652218.jpg 1 0 0 16 30
p/1508604648952.jpg 1 0 0 9 23
p/1508604647432.jpg 1 0 0 11 19
p/1508604646251.jpg 1 0 0 12 21
p/1508604644811.jpg 1 0 0 8 19
p/1508604643351.jpg 1 0 0 6 17
p/1508604639089.jpg 1 0 0 8 19
p/1508604638113.jpg 1 0 0 9 19
p/1508604634683.jpg 1 0 0 15 23
p/1508604633482.jpg 1 0 0 14 23
p/1508604631840.jpg 1 0 0 11 25
p/1508604630417.jpg 1 0 0 12 25
p/1508604629006.jpg 1 0 0 11 24
p/1508604627067.jpg 1 0 0 7 16
p/1508604625476.jpg 1 0 0 7 20
p/1508604623696.jpg 1 0 0 9 20
p/1508604621338.jpg 1 0 0 9 24
p/1508604539396.jpg 1 0 0 22 36
p/1508604535743.jpg 1 0 0 24 37
p/1508604533887.jpg 1 0 0 22 37
p/1508604532215.jpg 1 0 0 26 36
p/1508604528228.jpg 1 0 0 23 37
p/1508604526780.jpg 1 0 0 22 36
p/1508604525179.jpg 1 0 0 22 38
p/1508604523387.jpg 1 0 0 23 37
p/1508604521526.jpg 1 0 0 18 38
p/1508604518817.jpg 1 0 0 22 37
p/1508604512979.jpg 1 0 0 20 29
p/1508604511642.jpg 1 0 0 24 31
p/1508604509832.jpg 1 0 0 18 30
p/1508604507136.jpg 1 0 0 18 30
p/1508604505356.jpg 1 0 0 19 32
p/1508604503320.jpg 1 0 0 24 34
p/1508604499956.jpg 1 0 0 24 31
p/1508604491984.jpg 1 0 0 22 37
p/1508604490349.jpg 1 0 0 22 36
p/1508604488694.jpg 1 0 0 21 35
p/1508604486078.jpg 1 0 0 22 30
p/1508604484643.jpg 1 0 0 20 33
p/1508604483355.jpg 1 0 0 16 27
p/1508604481991.jpg 1 0 0 17 27
p/1508604480617.jpg 1 0 0 16 30
p/1508604476888.jpg 1 0 0 26 36
p/1508604475039.jpg 1 0 0 23 34
p/1508604472795.jpg 1 0 0 19 32
p/1508604470766.jpg 1 0 0 16 29
p/1508604464155.jpg 1 0 0 14 25
p/1508604463007.jpg 1 0 0 15 28
p/1508604461784.jpg 1 0 0 16 30
p/1508604460105.jpg 1 0 0 20 33
p/1508604458460.jpg 1 0 0 20 32
p/1508604456767.jpg 1 0 0 26 36
p/1508604453381.jpg 1 0 0 16 29
p/1508604452073.jpg 1 0 0 15 34
p/1508604450801.jpg 1 0 0 17 33
p/1508604449552.jpg 1 0 0 17 37
p/1508604448123.jpg 1 0 0 22 37
p/1508604446448.jpg 1 0 0 25 42
p/1508604442583.jpg 1 0 0 14 26
p/1508604441132.jpg 1 0 0 13 26
p/1508604439896.jpg 1 0 0 13 26
p/1508604438701.jpg 1 0 0 17 27
p/1508604437329.jpg 1 0 0 19 30
p/1508604436093.jpg 1 0 0 17 31
p/1508604434618.jpg 1 0 0 22 35
p/1508604431421.jpg 1 0 0 17 29
p/1508604427974.jpg 1 0 0 18 20
p/1508604424424.jpg 1 0 0 18 20
p/1508604422730.jpg 1 0 0 19 22
p/1508604420924.jpg 1 0 0 16 21
p/1508604419436.jpg 1 0 0 14 23
p/1508604417901.jpg 1 0 0 20 23
p/1508604413772.jpg 1 0 0 20 25
p/1508604412324.jpg 1 0 0 22 27
p/1508604410794.jpg 1 0 0 18 27
p/1508604408887.jpg 1 0 0 21 28
p/1508604407204.jpg 1 0 0 24 29
p/1508604403095.jpg 1 0 0 23 26
p/1508604401725.jpg 1 0 0 20 28
p/1508604400506.jpg 1 0 0 20 24
p/1508604399366.jpg 1 0 0 16 20
p/1508604397622.jpg 1 0 0 16 23
p/1508604396414.jpg 1 0 0 14 23
p/1508604392928.jpg 1 0 0 16 22
p/1508604391145.jpg 1 0 0 14 22
p/1508604390104.jpg 1 0 0 14 22
p/1508604385840.jpg 1 0 0 22 22
p/1508604384598.jpg 1 0 0 17 21
p/1508604383197.jpg 1 0 0 16 21
p/1508604381730.jpg 1 0 0 12 19
p/1508604380276.jpg 1 0 0 13 30
p/1508604378607.jpg 1 0 0 16 21
p/1508604376492.jpg 1 0 0 15 20
p/1508604374990.jpg 1 0 0 28 14
p/1508604373639.jpg 1 0 0 22 18
p/1508604372049.jpg 1 0 0 23 16
p/1508604366045.jpg 1 0 0 24 16
p/1508604364402.jpg 1 0 0 17 16
p/1508604363059.jpg 1 0 0 19 16
p/1508604356078.jpg 1 0 0 10 19
p/1508604354701.jpg 1 0 0 14 21
p/1508604353336.jpg 1 0 0 16 20
p/1508604351835.jpg 1 0 0 19 24
p/1508604350080.jpg 1 0 0 19 26
p/1508604348311.jpg 1 0 0 22 27
p/1508604343711.jpg 1 0 0 12 32
p/1508604341835.jpg 1 0 0 16 22
p/1508604340416.jpg 1 0 0 17 23
p/1508604339093.jpg 1 0 0 17 26
p/1508604337845.jpg 1 0 0 19 26
p/1508604336487.jpg 1 0 0 20 29
p/1508604334703.jpg 1 0 0 17 31
p/1508604333176.jpg 1 0 0 14 22
p/1508604331500.jpg 1 0 0 18 22
p/1508604330208.jpg 1 0 0 18 24
p/1508604328584.jpg 1 0 0 18 25
p/1508604326732.jpg 1 0 0 21 24
p/1508604322198.jpg 1 0 0 11 19
p/1508604320428.jpg 1 0 0 10 19
p/1508604318161.jpg 1 0 0 14 20
p/1508604316706.jpg 1 0 0 17 21
p/1508604313673.jpg 1 0 0 10 16
p/1508604311719.jpg 1 0 0 16 17
p/1508604310381.jpg 1 0 0 20 18
p/1508604306549.jpg 1 0 0 10 14
p/1508604305184.jpg 1 0 0 15 18
p/1508604303357.jpg 1 0 0 14 17
p/1508604301435.jpg 1 0 0 13 18
p/1508604298303.jpg 1 0 0 7 18
p/1508604296713.jpg 1 0 0 7 16
p/1508604294755.jpg 1 0 0 5 12
p/1508604293462.jpg 1 0 0 5 15
p/1508604289262.jpg 1 0 0 5 10
p/1508604287841.jpg 1 0 0 5 11
p/1508604286493.jpg 1 0 0 6 12
p/1508604283794.jpg 1 0 0 5 9
p/1508604282881.jpg 1 0 0 9 13
p/1508604281695.jpg 1 0 0 5 11
p/1508604280710.jpg 1 0 0 7 14
p/1508604276254.jpg 1 0 0 7 11
p/1508604274438.jpg 1 0 0 7 11
p/1508604272861.jpg 1 0 0 5 14
p/1508604271264.jpg 1 0 0 6 15
p/1508604269462.jpg 1 0 0 7 11
p/1508604265457.jpg 1 0 0 9 12
p/1508604264352.jpg 1 0 0 9 13
p/1508604263170.jpg 1 0 0 9 17
p/1508604262101.jpg 1 0 0 9 14
p/1508604260634.jpg 1 0 0 7 11
p/1508604258985.jpg 1 0 0 6 11
p/1508604249735.jpg 1 0 0 6 15
p/1508604248397.jpg 1 0 0 8 17
p/1508604246529.jpg 1 0 0 12 21
p/1508604245336.jpg 1 0 0 10 21
p/1508604242693.jpg 1 0 0 13 19
p/1508604240689.jpg 1 0 0 8 18
p/1508604236493.jpg 1 0 0 6 17
p/1508604235035.jpg 1 0 0 8 19
p/1508604233495.jpg 1 0 0 8 17
p/1508604231877.jpg 1 0 0 15 22
p/1508604227941.jpg 1 0 0 15 26
p/1508604222981.jpg 1 0 0 13 11
p/1508604221646.jpg 1 0 0 13 11
p/1508604219824.jpg 1 0 0 15 10
p/1508604217874.jpg 1 0 0 18 37
p/1508604216425.jpg 1 0 0 20 41
p/1508604214887.jpg 1 0 0 24 41
p/1508604213121.jpg 1 0 0 20 41
p/1508604207808.jpg 1 0 0 12 9
p/1508604206500.jpg 1 0 0 9 8
p/1508604205169.jpg 1 0 0 11 8
p/1508604203201.jpg 1 0 0 13 10
p/1508604201853.jpg 1 0 0 12 10
p/1508604200608.jpg 1 0 0 10 10
p/1508604197690.jpg 1 0 0 12 32
p/1508604195744.jpg 1 0 0 12 32
p/1508604194240.jpg 1 0 0 16 30
p/1508604191805.jpg 1 0 0 14 33
p/1508604189949.jpg 1 0 0 17 35
p/1508604188191.jpg 1 0 0 12 24
p/1508604186483.jpg 1 0 0 14 24
p/1508604184897.jpg 1 0 0 14 23
p/1508604183444.jpg 1 0 0 16 25
p/1508604182120.jpg 1 0 0 15 23
p/1508604180664.jpg 1 0 0 14 22
p/1508604179037.jpg 1 0 0 17 38
p/1508604175010.jpg 1 0 0 12 22
p/1508604173065.jpg 1 0 0 13 27
p/1508604171600.jpg 1 0 0 12 12
p/1508604169804.jpg 1 0 0 14 11
p/1508604168364.jpg 1 0 0 13 11
p/1508604166038.jpg 1 0 0 14 32
p/1508604164720.jpg 1 0 0 15 31
p/1508604163352.jpg 1 0 0 20 34
p/1508604161600.jpg 1 0 0 20 38
p/1508604158455.jpg 1 0 0 15 26
p/1508604156388.jpg 1 0 0 19 28
p/1508604154879.jpg 1 0 0 17 27
p/1508604153308.jpg 1 0 0 17 28
p/1508604151486.jpg 1 0 0 15 22
p/1508604149926.jpg 1 0 0 15 28
p/1508604148431.jpg 1 0 0 17 24
p/1508604146957.jpg 1 0 0 15 29
p/1508604145353.jpg 1 0 0 16 25
p/1508604143739.jpg 1 0 0 14 25
p/1508604141869.jpg 1 0 0 16 25
p/1508604140148.jpg 1 0 0 19 28
p/1508604137984.jpg 1 0 0 18 26
p/1508604136677.jpg 1 0 0 16 28
p/1508604135527.jpg 1 0 0 20 29
p/1508604134181.jpg 1 0 0 17 28
p/1508604132094.jpg 1 0 0 16 32
p/1508604130538.jpg 1 0 0 16 26
p/1508604127055.jpg 1 0 0 14 14
p/1508604125719.jpg 1 0 0 10 10
p/1508604124237.jpg 1 0 0 18 24
p/1508604122805.jpg 1 0 0 14 24
p/1508604121426.jpg 1 0 0 15 25
p/1508604119914.jpg 1 0 0 20 28
p/1508604118514.jpg 1 0 0 17 28
p/1508604116431.jpg 1 0 0 17 25
p/1508604115107.jpg 1 0 0 15 28
p/1508604113882.jpg 1 0 0 11 24
p/1508604111540.jpg 1 0 0 14 22
p/1508604110192.jpg 1 0 0 9 24
p/1508604108802.jpg 1 0 0 13 21
p/1508604105561.jpg 1 0 0 12 19
p/1508604104126.jpg 1 0 0 11 25
p/1508604102994.jpg 1 0 0 13 17
p/1508604101988.jpg 1 0 0 11 21
p/1508604100890.jpg 1 0 0 10 24
p/1508604099771.jpg 1 0 0 10 21
p/1508604098515.jpg 1 0 0 13 26
p/1508604097473.jpg 1 0 0 10 19
p/1508604096110.jpg 1 0 0 11 24
p/1508604094873.jpg 1 0 0 13 23
p/1508604091006.jpg 1 0 0 15 30
p/1508604089258.jpg 1 0 0 14 27
p/1508604087366.jpg 1 0 0 14 25
p/1508604085834.jpg 1 0 0 15 25
p/1508604081617.jpg 1 0 0 18 32
p/1508604079634.jpg 1 0 0 16 33
p/1508604076557.jpg 1 0 0 15 29
p/1508604074814.jpg 1 0 0 15 24
p/1508604069205.jpg 1 0 0 13 24
p/1508604067629.jpg 1 0 0 11 25
p/1508604063497.jpg 1 0 0 14 28
p/1508604062066.jpg 1 0 0 15 26
p/1508604060205.jpg 1 0 0 13 27
p/1508604058961.jpg 1 0 0 13 27
p/1508604057452.jpg 1 0 0 13 27
p/1508604055969.jpg 1 0 0 13 24
p/1508604054158.jpg 1 0 0 17 20
p/1508604052306.jpg 1 0 0 15 20
p/1508604050777.jpg 1 0 0 14 20
p/1508604048521.jpg 1 0 0 17 21
p/1508604046798.jpg 1 0 0 16 23
p/1508604042559.jpg 1 0 0 14 20
p/1508604040717.jpg 1 0 0 18 21
p/1508604038681.jpg 1 0 0 16 23
p/1508604031757.jpg 1 0 0 8 20
p/1508604030134.jpg 1 0 0 11 22
p/1508604028678.jpg 1 0 0 12 21
p/1508604027291.jpg 1 0 0 13 23
p/1508604025988.jpg 1 0 0 11 15
p/1508604024610.jpg 1 0 0 12 13
p/1508604018149.jpg 1 0 0 9 16
p/1508604016396.jpg 1 0 0 9 15
p/1508604013760.jpg 1 0 0 7 18
p/1508604012085.jpg 1 0 0 9 23
p/1508604010578.jpg 1 0 0 8 22
p/1508604008656.jpg 1 0 0 12 22
p/1508604006272.jpg 1 0 0 9 21
p/1508604003329.jpg 1 0 0 13 27
p/1508604001198.jpg 1 0 0 15 27
p/1508603999869.jpg 1 0 0 12 26
p/1508603998087.jpg 1 0 0 11 23
p/1508603996428.jpg 1 0 0 17 24
p/1508603992578.jpg 1 0 0 13 26
p/1508603991343.jpg 1 0 0 13 24
p/1508603989990.jpg 1 0 0 15 24
p/1508603988713.jpg 1 0 0 12 26
p/1508603987572.jpg 1 0 0 13 29
p/1508603985796.jpg 1 0 0 13 24
p/1508603983788.jpg 1 0 0 14 23
p/1508603982099.jpg 1 0 0 15 24
p/1508603980926.jpg 1 0 0 17 25
p/1508603979551.jpg 1 0 0 15 28
p/1508603974634.jpg 1 0 0 19 10
p/1508603972987.jpg 1 0 0 22 9
p/1508603971079.jpg 1 0 0 18 12
p/1508603969117.jpg 1 0 0 18 30
p/1508603967895.jpg 1 0 0 16 26
p/1508603966534.jpg 1 0 0 14 24
p/1508603964194.jpg 1 0 0 9 14
p/1508603962596.jpg 1 0 0 5 13
p/1508603959013.jpg 1 0 0 10 21
p/1508603954754.jpg 1 0 0 13 22
p/1508603952740.jpg 1 0 0 11 15
p/1508603951323.jpg 1 0 0 13 17
p/1508603949429.jpg 1 0 0 14 26
p/1508603948022.jpg 1 0 0 15 27
p/1508603905710.jpg 1 0 0 24 35
p/1508603904033.jpg 1 0 0 30 34
p/1508603902603.jpg 1 0 0 31 37
p/1508603900734.jpg 1 0 0 34 37
p/1508603898801.jpg 1 0 0 33 39
p/1508603897291.jpg 1 0 0 32 39
p/1508603895479.jpg 1 0 0 30 36
p/1508603893986.jpg 1 0 0 26 39
p/1508603892567.jpg 1 0 0 26 39
p/1508603888035.jpg 1 0 0 22 33
p/1508603886427.jpg 1 0 0 25 39
p/1508603884545.jpg 1 0 0 26 40
p/1508603882075.jpg 1 0 0 31 43
p/1508603877001.jpg 1 0 0 35 36
p/1508603875104.jpg 1 0 0 30 36
p/1508603873390.jpg 1 0 0 24 34
p/1508603871126.jpg 1 0 0 21 30
p/1508603869582.jpg 1 0 0 19 28
p/1508603862268.jpg 1 0 0 20 23
p/1508603861050.jpg 1 0 0 23 34
p/1508603859548.jpg 1 0 0 20 31
p/1508603858170.jpg 1 0 0 24 35
p/1508603856655.jpg 1 0 0 27 30
p/1508603855055.jpg 1 0 0 26 38
p/1508603853422.jpg 1 0 0 24 36
p/1508603851936.jpg 1 0 0 27 43
p/1508603849773.jpg 1 0 0 27 39
p/1508603848330.jpg 1 0 0 28 38
p/1508603844782.jpg 1 0 0 25 20
p/1508603843254.jpg 1 0 0 28 23
p/1508603841472.jpg 1 0 0 31 22
p/1508603839774.jpg 1 0 0 33 22
p/1508603838245.jpg 1 0 0 21 22
p/1508603836696.jpg 1 0 0 33 24
p/1508603835004.jpg 1 0 0 32 13
p/1508603833074.jpg 1 0 0 35 17
p/1508603830225.jpg 1 0 0 30 18
p/1508603828235.jpg 1 0 0 25 17
p/1508603824792.jpg 1 0 0 20 15
p/1508603822661.jpg 1 0 0 33 9
p/1508603821254.jpg 1 0 0 34 9
p/1508603818724.jpg 1 0 0 24 11
p/1508603816474.jpg 1 0 0 31 15
p/1508603814591.jpg 1 0 0 30 13
p/1508603810158.jpg 1 0 0 24 13
p/1508603807644.jpg 1 0 0 23 15
p/1508603805985.jpg 1 0 0 26 20
p/1508603804133.jpg 1 0 0 28 19
p/1508603802464.jpg 1 0 0 23 13
p/1508603800619.jpg 1 0 0 28 15
p/1508603799030.jpg 1 0 0 33 20
p/1508603797605.jpg 1 0 0 31 24
p/1508603796320.jpg 1 0 0 32 14
p/1508603788089.jpg 1 0 0 20 26
p/1508603782722.jpg 1 0 0 20 25
p/1508603777473.jpg 1 0 0 28 35
p/1508603775149.jpg 1 0 0 22 34
p/1508603773808.jpg 1 0 0 20 35
p/1508603771865.jpg 1 0 0 19 31
p/1508603770609.jpg 1 0 0 19 34
p/1508603767004.jpg 1 0 0 31 44
p/1508603764803.jpg 1 0 0 34 50
p/1508603763334.jpg 1 0 0 28 53
p/1508603760500.jpg 1 0 0 26 55
p/1508603758383.jpg 1 0 0 27 52
p/1508603751785.jpg 1 0 0 23 45
p/1508603750022.jpg 1 0 0 27 52
p/1508603745899.jpg 1 0 0 10 32
p/1508603743972.jpg 1 0 0 15 33
p/1508603741258.jpg 1 0 0 12 27
p/1508603739657.jpg 1 0 0 17 29
p/1508603733545.jpg 1 0 0 24 30
p/1508603724725.jpg 1 0 0 37 50
p/1508603717372.jpg 1 0 0 14 25
p/1508603715250.jpg 1 0 0 13 26
p/1508603713228.jpg 1 0 0 13 22
p/1508603711479.jpg 1 0 0 18 29
p/1508603709858.jpg 1 0 0 17 30
p/1508603708259.jpg 1 0 0 17 33
p/1508603706491.jpg 1 0 0 17 33
p/1508603704939.jpg 1 0 0 18 32
p/1508603703149.jpg 1 0 0 16 45
p/1508603701215.jpg 1 0 0 21 49
p/1508603699727.jpg 1 0 0 22 52
p/1508603697813.jpg 1 0 0 22 54
p/1508603694443.jpg 1 0 0 14 19
p/1508603692235.jpg 1 0 0 15 23
p/1508603690608.jpg 1 0 0 16 25
p/1508603688473.jpg 1 0 0 10 26
p/1508603686277.jpg 1 0 0 12 23
p/1508603682514.jpg 1 0 0 13 13
p/1508603680264.jpg 1 0 0 13 14
p/1508603678404.jpg 1 0 0 12 15
p/1508603676774.jpg 1 0 0 14 13
p/1508603671140.jpg 1 0 0 7 17
p/1508603669153.jpg 1 0 0 9 18
p/1508603667199.jpg 1 0 0 9 13
p/1508603665259.jpg 1 0 0 9 14
p/1508603663965.jpg 1 0 0 10 17
p/1508603661764.jpg 1 0 0 10 19
p/1508603658823.jpg 1 0 0 9 13
p/1508603654845.jpg 1 0 0 14 16
p/1508603653076.jpg 1 0 0 18 27
p/1508603651488.jpg 1 0 0 12 22
p/1508603649551.jpg 1 0 0 13 22
p/1508603645021.jpg 1 0 0 12 22
p/1508603638126.jpg 1 0 0 12 31
p/1508603636514.jpg 1 0 0 17 30
p/1508603634820.jpg 1 0 0 17 31
p/1508603633159.jpg 1 0 0 21 31
p/1508603631939.jpg 1 0 0 15 29
p/1508603629229.jpg 1 0 0 36 31
p/1508603625720.jpg 1 0 0 17 24
p/1508603624249.jpg 1 0 0 21 34
p/1508603621807.jpg 1 0 0 34 24
p/1508603619424.jpg 1 0 0 19 24
p/1508603618060.jpg 1 0 0 14 22
p/1508603615373.jpg 1 0 0 19 26
p/1508603613766.jpg 1 0 0 20 24
p/1508603612242.jpg 1 0 0 14 22
p/1508603604438.jpg 1 0 0 9 22
p/1508603602348.jpg 1 0 0 17 21
p/1508603600870.jpg 1 0 0 17 22
p/1508603599308.jpg 1 0 0 41 24
p/1508603594295.jpg 1 0 0 20 32
p/1508603592974.jpg 1 0 0 40 34
p/1508603589203.jpg 1 0 0 15 26
p/1508603587689.jpg 1 0 0 13 28
p/1508603583095.jpg 1 0 0 21 32
p/1508603581551.jpg 1 0 0 18 34
p/1508603579869.jpg 1 0 0 9 26
p/1508603578129.jpg 1 0 0 9 26
p/1508603570835.jpg 1 0 0 8 33
p/1508603568723.jpg 1 0 0 13 32
p/1508603566522.jpg 1 0 0 14 28
p/1508603564803.jpg 1 0 0 11 26
p/1508603562671.jpg 1 0 0 8 15
p/1508603561210.jpg 1 0 0 9 22
p/1508603559701.jpg 1 0 0 11 19
p/1508603558471.jpg 1 0 0 11 20
p/1508603557048.jpg 1 0 0 12 21
p/1508603555476.jpg 1 0 0 13 24
p/1508603554075.jpg 1 0 0 14 25
p/1508603546719.jpg 1 0 0 22 33
p/1508603544959.jpg 1 0 0 22 31
p/1508603541586.jpg 1 0 0 20 30
p/1508603539936.jpg 1 0 0 17 29
p/1508603538163.jpg 1 0 0 14 26
p/1508603536534.jpg 1 0 0 15 26
p/1508603534331.jpg 1 0 0 20 27
p/1508603526931.jpg 1 0 0 15 25
p/1508603525549.jpg 1 0 0 13 24
p/1508603523539.jpg 1 0 0 21 34
p/1508603521041.jpg 1 0 0 18 32
p/1508603516567.jpg 1 0 0 19 28
p/1508603514804.jpg 1 0 0 16 31
p/1508603509900.jpg 1 0 0 20 33
p/1508603508207.jpg 1 0 0 17 26
p/1508603506663.jpg 1 0 0 12 22
p/1508603505089.jpg 1 0 0 13 22
p/1508603503396.jpg 1 0 0 13 19
p/1508603501260.jpg 1 0 0 14 29
p/1508603499937.jpg 1 0 0 15 29
p/1508603497980.jpg 1 0 0 36 25
p/1508603496202.jpg 1 0 0 35 24
p/1508603493354.jpg 1 0 0 11 11
p/1508603491716.jpg 1 0 0 35 20
p/1508603489602.jpg 1 0 0 15 20
p/1508603488330.jpg 1 0 0 13 21
p/1508603486741.jpg 1 0 0 13 27
p/1508603485248.jpg 1 0 0 13 24
p/1508603483851.jpg 1 0 0 35 33
p/1508603479243.jpg 1 0 0 12 29
p/1508603464980.jpg 1 0 0 11 17
p/1508603463223.jpg 1 0 0 7 14
p/1508603461343.jpg 1 0 0 13 17
p/1508603459815.jpg 1 0 0 9 13
p/1508603457534.jpg 1 0 0 7 13
p/1508603455326.jpg 1 0 0 15 21
p/1508603453656.jpg 1 0 0 11 15
p/1508603451321.jpg 1 0 0 9 14
p/1508603449903.jpg 1 0 0 13 20
p/1508603447845.jpg 1 0 0 10 19
p/1508603445924.jpg 1 0 0 15 18
p/1508603444235.jpg 1 0 0 15 15
p/1508603442439.jpg 1 0 0 7 13
p/1508603440788.jpg 1 0 0 14 22
p/1508603438949.jpg 1 0 0 6 17
p/1508603433590.jpg 1 0 0 17 27
p/1508603431848.jpg 1 0 0 13 22
p/1508603430312.jpg 1 0 0 15 22
p/1508603427973.jpg 1 0 0 17 37
p/1508603426329.jpg 1 0 0 16 24
p/1508603423965.jpg 1 0 0 16 37
p/1508603422224.jpg 1 0 0 18 23
p/1508603420366.jpg 1 0 0 17 26
p/1508603418799.jpg 1 0 0 18 36
p/1508603416209.jpg 1 0 0 22 40
p/1508603414635.jpg 1 0 0 15 26
p/1508603412648.jpg 1 0 0 15 37
p/1508603410758.jpg 1 0 0 15 35
p/1508603408862.jpg 1 0 0 15 27
p/1508603407457.jpg 1 0 0 13 23
p/1508603402733.jpg 1 0 0 13 19
p/1508603401028.jpg 1 0 0 11 22
p/1508603398763.jpg 1 0 0 9 25
p/1508603397280.jpg 1 0 0 9 28
p/1508603395662.jpg 1 0 0 15 30
p/1508603393680.jpg 1 0 0 11 21
p/1508603392341.jpg 1 0 0 16 34
p/1508603391134.jpg 1 0 0 13 22
p/1508603389132.jpg 1 0 0 16 22
p/1508603386944.jpg 1 0 0 17 25
p/1508603356747.jpg 1 0 0 17 25
p/1508603355112.jpg 1 0 0 17 23
p/1508603353359.jpg 1 0 0 22 34
p/1508603351918.jpg 1 0 0 23 39
p/1508603350128.jpg 1 0 0 14 32
p/1508603348070.jpg 1 0 0 17 26
p/1508603331023.jpg 1 0 0 10 20
p/1508603328982.jpg 1 0 0 8 19
p/1508603327420.jpg 1 0 0 9 20
p/1508603325654.jpg 1 0 0 9 22
p/1508603324000.jpg 1 0 0 15 26
p/1508603322397.jpg 1 0 0 15 26
p/1508603320949.jpg 1 0 0 13 28
p/1508603319224.jpg 1 0 0 15 25
p/1508603317697.jpg 1 0 0 17 27
p/1508603300671.jpg 1 0 0 12 34
p/1508603298546.jpg 1 0 0 16 29
p/1508603296842.jpg 1 0 0 17 32
p/1508603295476.jpg 1 0 0 13 34
p/1508603293902.jpg 1 0 0 17 38
p/1508603292488.jpg 1 0 0 18 41
p/1508603291226.jpg 1 0 0 17 43
p/1508603284247.jpg 1 0 0 19 30
p/1508603281748.jpg 1 0 0 19 29
p/1508603280159.jpg 1 0 0 18 27
p/1508603278353.jpg 1 0 0 16 25
p/1508603275759.jpg 1 0 0 17 27
p/1508603272878.jpg 1 0 0 14 33
p/1508603267943.jpg 1 0 0 16 31
p/1508603264557.jpg 1 0 0 15 29
p/1508603244909.jpg 1 0 0 8 19
p/1508603243310.jpg 1 0 0 8 23
p/1508603241219.jpg 1 0 0 21 30
p/1508603239693.jpg 1 0 0 19 31
p/1508603238207.jpg 1 0 0 15 27
p/1508603234135.jpg 1 0 0 14 27
p/1508603232089.jpg 1 0 0 23 34
p/1508603229868.jpg 1 0 0 17 29
p/1508603228566.jpg 1 0 0 16 28
p/1508603226602.jpg 1 0 0 14 31
p/1508603223514.jpg 1 0 0 14 21
p/1508603219609.jpg 1 0 0 10 25
p/1508603215910.jpg 1 0 0 7 19
p/1508603214365.jpg 1 0 0 10 23
p/1508603212872.jpg 1 0 0 10 20
p/1508603211589.jpg 1 0 0 11 22
p/1508603209716.jpg 1 0 0 12 21
p/1508603204143.jpg 1 0 0 11 23
p/1508603201316.jpg 1 0 0 13 24
p/1508603198168.jpg 1 0 0 15 28
p/1508603195526.jpg 1 0 0 15 28
p/1508603193193.jpg 1 0 0 17 32
p/1508603189828.jpg 1 0 0 18 32
p/1508603180555.jpg 1 0 0 26 30
p/1508603162977.jpg 1 0 0 27 28
p/1508603160767.jpg 1 0 0 31 28
p/1508603158620.jpg 1 0 0 20 27
p/1508603156348.jpg 1 0 0 21 26
p/1508603154983.jpg 1 0 0 20 27
p/1508603153572.jpg 1 0 0 19 27
p/1508603151803.jpg 1 0 0 18 31
p/1508603148472.jpg 1 0 0 14 20
p/1508603147226.jpg 1 0 0 16 23
p/1508603145785.jpg 1 0 0 17 24
p/1508603144417.jpg 1 0 0 18 26
p/1508603142684.jpg 1 0 0 27 35
p/1508603140888.jpg 1 0 0 17 32
p/1508603139543.jpg 1 0 0 26 27
p/1508603137085.jpg 1 0 0 21 25
p/1508603135208.jpg 1 0 0 20 25
p/1508603132913.jpg 1 0 0 11 26
p/1508603131381.jpg 1 0 0 11 24
p/1508603130009.jpg 1 0 0 15 30
p/1508603127540.jpg 1 0 0 21 24
p/1508603121968.jpg 1 0 0 8 22
p/1508603119942.jpg 1 0 0 8 23
p/1508603117958.jpg 1 0 0 19 26
p/1508603116617.jpg 1 0 0 22 28
p/1508603114986.jpg 1 0 0 23 30
p/1508603113373.jpg 1 0 0 16 34
p/1508603111927.jpg 1 0 0 23 39
p/1508603108748.jpg 1 0 0 14 25
p/1508603106836.jpg 1 0 0 14 26
p/1508603104773.jpg 1 0 0 11 22
p/1508603103202.jpg 1 0 0 16 25
p/1508603101468.jpg 1 0 0 15 21
p/1508603095109.jpg 1 0 0 12 23
p/1508603093577.jpg 1 0 0 15 26
p/1508603090291.jpg 1 0 0 12 15
p/1508603083305.jpg 1 0 0 17 21
p/1508603081290.jpg 1 0 0 11 19
p/1508603079110.jpg 1 0 0 10 22
p/1508603076652.jpg 1 0 0 14 23
p/1508603074576.jpg 1 0 0 11 26
p/1508603069928.jpg 1 0 0 12 25
p/1508603060525.jpg 1 0 0 11 27
p/1508603059003.jpg 1 0 0 11 26
p/1508603056762.jpg 1 0 0 14 25
p/1508603054725.jpg 1 0 0 13 27
p/1508603052242.jpg 1 0 0 13 28
p/1508603048394.jpg 1 0 0 13 25
p/1508603046479.jpg 1 0 0 15 25
p/1508603044249.jpg 1 0 0 19 27
p/1508603042087.jpg 1 0 0 18 33
p/1508603040888.jpg 1 0 0 18 30
p/1508603039037.jpg 1 0 0 14 28
p/1508603036613.jpg 1 0 0 15 33
p/1508603034770.jpg 1 0 0 17 30
p/1508603031086.jpg 1 0 0 12 29
p/1508603029387.jpg 1 0 0 14 30
p/1508603025670.jpg 1 0 0 14 30
p/1508603024259.jpg 1 0 0 14 28
p/1508603022696.jpg 1 0 0 15 26
p/1508603020456.jpg 1 0 0 9 25
p/1508603018908.jpg 1 0 0 9 24
p/1508603017266.jpg 1 0 0 10 24
p/1508603015290.jpg 1 0 0 10 23
p/1508603011236.jpg 1 0 0 11 22
p/1508603010111.jpg 1 0 0 9 20
p/1508603008686.jpg 1 0 0 11 21
p/1508603007376.jpg 1 0 0 14 25
p/1508603005494.jpg 1 0 0 12 25
p/1508603004097.jpg 1 0 0 15 21
p/1508603002904.jpg 1 0 0 14 21
p/1508603001176.jpg 1 0 0 8 23
p/1508602999603.jpg 1 0 0 11 20
p/1508602996437.jpg 1 0 0 6 20
p/1508602995122.jpg 1 0 0 7 19
p/1508602993446.jpg 1 0 0 6 18
p/1508602992174.jpg 1 0 0 7 18
p/1508602990885.jpg 1 0 0 16 18
p/1508602978348.jpg 1 0 0 7 15
p/1508602976598.jpg 1 0 0 9 16
p/1508602975092.jpg 1 0 0 8 19
p/1508602973809.jpg 1 0 0 10 20
p/1508602972262.jpg 1 0 0 7 17
p/1508602970344.jpg 1 0 0 7 21
p/1508602968357.jpg 1 0 0 10 18
p/1508602965876.jpg 1 0 0 10 27
p/1508602964429.jpg 1 0 0 13 27
p/1508602962629.jpg 1 0 0 12 29
p/1508602958665.jpg 1 0 0 17 28
p/1508602955736.jpg 1 0 0 12 30
p/1508602953910.jpg 1 0 0 18 30
p/1508602951824.jpg 1 0 0 13 26
p/1508602949816.jpg 1 0 0 15 29
p/1508602948348.jpg 1 0 0 10 27
p/1508602947048.jpg 1 0 0 14 29
p/1508602945675.jpg 1 0 0 11 21
p/1508602944234.jpg 1 0 0 11 24
p/1508602942399.jpg 1 0 0 13 22
p/1508602887798.jpg 1 0 0 12 26
p/1508602886388.jpg 1 0 0 17 29
p/1508602883975.jpg 1 0 0 23 27
p/1508602880412.jpg 1 0 0 31 25
p/1508602876091.jpg 1 0 0 9 18
p/1508602874528.jpg 1 0 0 7 17
p/1508602873094.jpg 1 0 0 7 11
p/1508602871891.jpg 1 0 0 8 14
p/1508602870351.jpg 1 0 0 6 17
p/1508602868142.jpg 1 0 0 5 16
p/1508602866706.jpg 1 0 0 7 16
p/1508602865186.jpg 1 0 0 6 20
p/1508602861967.jpg 1 0 0 7 17
p/1508602860496.jpg 1 0 0 10 19
p/1508602858933.jpg 1 0 0 14 22
p/1508602857562.jpg 1 0 0 11 18
p/1508602856188.jpg 1 0 0 10 16
p/1508602854100.jpg 1 0 0 11 18
p/1508602850335.jpg 1 0 0 12 18
p/1508602848436.jpg 1 0 0 17 20
p/1508602845822.jpg 1 0 0 18 17
p/1508602844574.jpg 1 0 0 13 17
p/1508602840998.jpg 1 0 0 11 18
p/1508602839556.jpg 1 0 0 11 15
p/1508602838037.jpg 1 0 0 8 17
p/1508602836267.jpg 1 0 0 14 12
p/1508602834863.jpg 1 0 0 8 16
p/1508602833499.jpg 1 0 0 7 15
p/1508602831535.jpg 1 0 0 13 16
p/1508602829790.jpg 1 0 0 14 15
p/1508602828182.jpg 1 0 0 12 14
p/1508602825859.jpg 1 0 0 11 17
p/1508602824366.jpg 1 0 0 13 19
p/1508602822943.jpg 1 0 0 12 17
p/1508602821565.jpg 1 0 0 12 20
p/1508602798337.jpg 1 0 0 10 19
p/1508602794246.jpg 1 0 0 15 20
p/1508602787842.jpg 1 0 0 18 16
p/1508602773560.jpg 1 0 0 38 28
p/1508602771514.jpg 1 0 0 29 25
p/1508602768081.jpg 1 0 0 27 22
p/1508602765372.jpg 1 0 0 28 19
p/1508602764006.jpg 1 0 0 31 25
p/1508602759140.jpg 1 0 0 37 29
p/1508602755389.jpg 1 0 0 31 24
p/1508602753788.jpg 1 0 0 33 25
p/1508602752402.jpg 1 0 0 39 24
p/1508602749032.jpg 1 0 0 28 20
p/1508602747609.jpg 1 0 0 33 22
p/1508602746490.jpg 1 0 0 38 25
p/1508602742936.jpg 1 0 0 27 19
p/1508602741146.jpg 1 0 0 28 22
p/1508602739421.jpg 1 0 0 35 23
p/1508602737821.jpg 1 0 0 27 19
p/1508602736101.jpg 1 0 0 22 18
p/1508602733743.jpg 1 0 0 27 19
p/1508602732369.jpg 1 0 0 33 22
p/1508602727683.jpg 1 0 0 25 20
p/1508602725763.jpg 1 0 0 39 28
p/1508602724245.jpg 1 0 0 27 26
p/1508602719676.jpg 1 0 0 22 14
p/1508602718049.jpg 1 0 0 24 17
p/1508602716369.jpg 1 0 0 30 18
p/1508602714179.jpg 1 0 0 23 17
p/1508602709787.jpg 1 0 0 24 21
p/1508602708228.jpg 1 0 0 34 22
p/1508602702477.jpg 1 0 0 7 31
p/1508602697854.jpg 1 0 0 20 38
p/1508602695795.jpg 1 0 0 21 38
p/1508602692737.jpg 1 0 0 8 28
p/1508602691054.jpg 1 0 0 8 31
p/1508602688634.jpg 1 0 0 14 28
p/1508602686690.jpg 1 0 0 17 33
p/1508602683910.jpg 1 0 0 16 31
p/1508602682086.jpg 1 0 0 6 14
p/1508602680540.jpg 1 0 0 6 13
p/1508602678695.jpg 1 0 0 7 29
p/1508602676969.jpg 1 0 0 10 35
p/1508602672756.jpg 1 0 0 16 15
p/1508602670792.jpg 1 0 0 16 12
p/1508602667542.jpg 1 0 0 17 16
p/1508602665388.jpg 1 0 0 19 14
p/1508602663602.jpg 1 0 0 18 14
p/1508602662171.jpg 1 0 0 18 14
p/1508602657686.jpg 1 0 0 19 32
p/1508602655573.jpg 1 0 0 17 35
p/1508602652577.jpg 1 0 0 10 25
p/1508602651037.jpg 1 0 0 12 11
p/1508602649455.jpg 1 0 0 11 10
p/1508602647174.jpg 1 0 0 14 12
p/1508602645746.jpg 1 0 0 12 13
p/1508602642406.jpg 1 0 0 17 29
p/1508602641110.jpg 1 0 0 21 16
p/1508602637592.jpg 1 0 0 18 35
p/1508602630499.jpg 1 0 0 12 26
p/1508602628735.jpg 1 0 0 13 27
p/1508602627405.jpg 1 0 0 13 13
p/1508602625794.jpg 1 0 0 14 16
p/1508602624513.jpg 1 0 0 15 15
p/1508602622606.jpg 1 0 0 17 16
p/1508602617246.jpg 1 0 0 20 36
p/1508602612492.jpg 1 0 0 65 48
p/1508602610865.jpg 1 0 0 26 46
p/1508602609295.jpg 1 0 0 23 42
p/1508602605797.jpg 1 0 0 27 43
p/1508602603714.jpg 1 0 0 25 43
p/1508602602304.jpg 1 0 0 25 39
p/1508602600551.jpg 1 0 0 52 41
p/1508602597404.jpg 1 0 0 16 31
p/1508602595740.jpg 1 0 0 17 35
p/1508602593886.jpg 1 0 0 21 37
p/1508602592002.jpg 1 0 0 21 34
p/1508602587926.jpg 1 0 0 17 35
p/1508602586066.jpg 1 0 0 19 36
p/1508602584783.jpg 1 0 0 21 39
p/1508602582919.jpg 1 0 0 18 33
p/1508602581408.jpg 1 0 0 17 35
p/1508602579084.jpg 1 0 0 25 50
p/1508602561706.jpg 1 0 0 23 24
p/1508602560014.jpg 1 0 0 20 25
p/1508602558386.jpg 1 0 0 22 33
p/1508602556579.jpg 1 0 0 23 34
p/1508602555107.jpg 1 0 0 19 31
p/1508602552939.jpg 1 0 0 27 38
p/1508602551552.jpg 1 0 0 24 30
p/1508602549636.jpg 1 0 0 22 34
p/1508602547159.jpg 1 0 0 18 30
p/1508602545410.jpg 1 0 0 17 35
p/1508602543266.jpg 1 0 0 17 31
p/1508602541534.jpg 1 0 0 18 31
p/1508602539536.jpg 1 0 0 17 29
p/1508602537710.jpg 1 0 0 19 23
p/1508602535899.jpg 1 0 0 18 24
p/1508602530841.jpg 1 0 0 15 22
p/1508602525475.jpg 1 0 0 21 33
p/1508602519508.jpg 1 0 0 24 39
p/1508602518223.jpg 1 0 0 26 33
p/1508602511369.jpg 1 0 0 21 31
p/1508602508936.jpg 1 0 0 19 23
p/1508602507065.jpg 1 0 0 24 36
p/1508602505152.jpg 1 0 0 21 35
p/1508602503162.jpg 1 0 0 20 23
p/1508602500040.jpg 1 0 0 16 30
p/1508602492125.jpg 1 0 0 20 33
p/1508602489188.jpg 1 0 0 15 23
p/1508602487108.jpg 1 0 0 19 33
p/1508602485233.jpg 1 0 0 18 33
p/1508602483434.jpg 1 0 0 19 21
p/1508602481455.jpg 1 0 0 17 34
p/1508602479804.jpg 1 0 0 17 28
p/1508602477892.jpg 1 0 0 14 24
p/1508602475847.jpg 1 0 0 21 44
p/1508602473544.jpg 1 0 0 18 41
p/1508602452041.jpg 1 0 0 12 20
p/1508602450501.jpg 1 0 0 20 26
p/1508602448595.jpg 1 0 0 15 27
p/1508602446549.jpg 1 0 0 18 29
p/1508602444861.jpg 1 0 0 20 31
p/1508602443202.jpg 1 0 0 19 31
p/1508602440417.jpg 1 0 0 17 23
p/1508602438973.jpg 1 0 0 17 25
p/1508602436780.jpg 1 0 0 15 20
p/1508602434750.jpg 1 0 0 18 19
p/1508602428313.jpg 1 0 0 17 22
p/1508602420840.jpg 1 0 0 20 34
p/1508602419284.jpg 1 0 0 27 45
p/1508602417508.jpg 1 0 0 17 16
p/1508602415874.jpg 1 0 0 16 16
p/1508602414206.jpg 1 0 0 16 16
p/1508602410919.jpg 1 0 0 28 46
p/1508602397989.jpg 1 0 0 18 39
p/1508602396446.jpg 1 0 0 22 40
p/1508602393919.jpg 1 0 0 12 15
p/1508602380692.jpg 1 0 0 11 27
p/1508602378777.jpg 1 0 0 20 40
p/1508602376587.jpg 1 0 0 16 39
p/1508602374543.jpg 1 0 0 15 37
p/1508602372810.jpg 1 0 0 10 12
p/1508602371179.jpg 1 0 0 15 14
p/1508602369560.jpg 1 0 0 12 13
p/1508602366263.jpg 1 0 0 19 33
p/1508602362067.jpg 1 0 0 14 30
p/1508602358355.jpg 1 0 0 14 28
p/1508602356329.jpg 1 0 0 23 40
p/1508602354650.jpg 1 0 0 21 47
p/1508602348928.jpg 1 0 0 11 14
p/1508602347671.jpg 1 0 0 11 14
p/1508602346024.jpg 1 0 0 16 17
p/1508602339326.jpg 1 0 0 9 11
p/1508602337193.jpg 1 0 0 12 12
p/1508602336071.jpg 1 0 0 11 10
p/1508602330754.jpg 1 0 0 12 13
p/1508602329088.jpg 1 0 0 11 14
p/1508602326743.jpg 1 0 0 12 17
p/1508602323003.jpg 1 0 0 13 13
p/1508602320436.jpg 1 0 0 11 14
p/1508602318755.jpg 1 0 0 13 18
p/1508602316632.jpg 1 0 0 13 18
p/1508602315270.jpg 1 0 0 14 17
p/1508602310269.jpg 1 0 0 12 15
p/1508602308270.jpg 1 0 0 16 18
p/1508602306036.jpg 1 0 0 16 20
p/1508602304369.jpg 1 0 0 18 19
p/1508602302582.jpg 1 0 0 14 18
p/1508602300314.jpg 1 0 0 13 18
p/1508602298007.jpg 1 0 0 14 16
p/1508602296069.jpg 1 0 0 14 19
p/1508602290707.jpg 1 0 0 9 17
p/1508602288611.jpg 1 0 0 10 17
p/1508602287179.jpg 1 0 0 8 14
p/1508602275990.jpg 1 0 0 9 13
p/1508602274505.jpg 1 0 0 11 14
p/1508602272603.jpg 1 0 0 11 16
p/1508602270765.jpg 1 0 0 12 18
p/1508602268442.jpg 1 0 0 10 16
p/1508602260605.jpg 1 0 0 5 13
p/1508602258467.jpg 1 0 0 7 19
p/1508602253729.jpg 1 0 0 13 14
p/1508602250412.jpg 1 0 0 7 9
p/1508602248635.jpg 1 0 0 9 13
p/1508602247112.jpg 1 0 0 9 11
p/1508602245173.jpg 1 0 0 9 13
p/1508602243151.jpg 1 0 0 12 14
p/1508602239365.jpg 1 0 0 11 12
p/1508602236357.jpg 1 0 0 9 13
p/1508602224105.jpg 1 0 0 15 56
p/1508602218849.jpg 1 0 0 22 51
p/1508602211751.jpg 1 0 0 11 20
p/1508602208711.jpg 1 0 0 13 17
p/1508602205735.jpg 1 0 0 15 22
p/1508602202734.jpg 1 0 0 14 20
p/1508602200001.jpg 1 0 0 15 22
p/1508602197401.jpg 1 0 0 22 26
p/1508602194988.jpg 1 0 0 20 25
p/1508602181991.jpg 1 0 0 18 31
p/1508602179171.jpg 1 0 0 14 30
p/1508602176507.jpg 1 0 0 22 32
p/1508602174157.jpg 1 0 0 20 34
p/1508602170147.jpg 1 0 0 21 34
p/1508602165823.jpg 1 0 0 19 29
p/1508602163174.jpg 1 0 0 20 29
p/1508602159933.jpg 1 0 0 20 24
p/1508602157449.jpg 1 0 0 20 26
p/1508602154261.jpg 1 0 0 17 25
p/1508602151487.jpg 1 0 0 18 26
p/1508602147937.jpg 1 0 0 20 34
p/1508602144319.jpg 1 0 0 21 36
p/1508602137017.jpg 1 0 0 22 36
p/1508602134363.jpg 1 0 0 27 47
p/1508602128251.jpg 1 0 0 22 43
p/1508602124115.jpg 1 0 0 26 33
p/1508602120761.jpg 1 0 0 24 37
p/1508602118420.jpg 1 0 0 28 44
p/1508602113389.jpg 1 0 0 26 40
p/1508602108987.jpg 1 0 0 29 35
p/1508602103495.jpg 1 0 0 19 21
p/1508602101232.jpg 1 0 0 20 21
p/1508602098920.jpg 1 0 0 26 35
p/1508602087213.jpg 1 0 0 14 20
p/1508602084544.jpg 1 0 0 13 20
p/1508602079921.jpg 1 0 0 36 48
p/1508602077938.jpg 1 0 0 35 48
p/1508602074569.jpg 1 0 0 35 51
p/1508602069139.jpg 1 0 0 42 55
p/1508602066571.jpg 1 0 0 39 60
p/1508602062318.jpg 1 0 0 33 56
p/1508602059089.jpg 1 0 0 48 59
p/1508602050221.jpg 1 0 0 33 46
p/1508602045906.jpg 1 0 0 23 35
p/1508602043188.jpg 1 0 0 21 28
p/1508602040641.jpg 1 0 0 20 26
p/1508602038261.jpg 1 0 0 18 27
p/1508602035597.jpg 1 0 0 19 24
p/1508602033028.jpg 1 0 0 22 36
p/1508602030130.jpg 1 0 0 17 28
p/1508602027774.jpg 1 0 0 15 23
p/1508602024146.jpg 1 0 0 16 23
p/1508602022039.jpg 1 0 0 17 28
p/1508602018694.jpg 1 0 0 16 30
p/1508602015184.jpg 1 0 0 19 31
p/1508602009920.jpg 1 0 0 16 22
p/1508602005393.jpg 1 0 0 16 26
p/1508602003066.jpg 1 0 0 14 24
p/1508602000559.jpg 1 0 0 16 28
p/1508601997842.jpg 1 0 0 14 23
p/1508601995279.jpg 1 0 0 13 32
p/1508601993117.jpg 1 0 0 14 22
p/1508601990517.jpg 1 0 0 16 35
p/1508601987706.jpg 1 0 0 15 26
p/1508601984775.jpg 1 0 0 14 25
p/1508601982135.jpg 1 0 0 19 36
p/1508601978501.jpg 1 0 0 16 29
p/1508601975415.jpg 1 0 0 17 24
p/1508601972634.jpg 1 0 0 17 40
p/1508601969250.jpg 1 0 0 18 35
p/1508601966352.jpg 1 0 0 20 25
p/1508601963477.jpg 1 0 0 16 42
p/1508601960888.jpg 1 0 0 12 31
p/1508601957824.jpg 1 0 0 12 23
p/1508601949716.jpg 1 0 0 15 29
p/1508601946466.jpg 1 0 0 13 27
p/1508601943632.jpg 1 0 0 13 19
p/1508601940866.jpg 1 0 0 12 21
p/1508601937302.jpg 1 0 0 17 33
p/1508601934052.jpg 1 0 0 17 38
p/1508601930606.jpg 1 0 0 14 26
p/1508601927480.jpg 1 0 0 17 25
p/1508601925106.jpg 1 0 0 16 22
p/1508601907222.jpg 1 0 0 25 17
p/1508601903901.jpg 1 0 0 26 15
p/1508601900346.jpg 1 0 0 24 13
p/1508601891683.jpg 1 0 0 39 22
p/1508601889140.jpg 1 0 0 39 18
p/1508601887173.jpg 1 0 0 38 18
p/1508601883383.jpg 1 0 0 23 13
p/1508601881449.jpg 1 0 0 23 13
p/1508601879768.jpg 1 0 0 36 20
p/1508601877781.jpg 1 0 0 33 17
p/1508601876015.jpg 1 0 0 35 15
p/1508601873979.jpg 1 0 0 23 12
p/1508601872315.jpg 1 0 0 20 12
p/1508601870768.jpg 1 0 0 24 15
p/1508601869451.jpg 1 0 0 24 13
p/1508601858504.jpg 1 0 0 15 12
p/1508601856919.jpg 1 0 0 20 13
p/1508601855562.jpg 1 0 0 23 13
p/1508601853554.jpg 1 0 0 24 11
p/1508601851776.jpg 1 0 0 20 12
p/1508601849436.jpg 1 0 0 37 19
p/1508601848052.jpg 1 0 0 37 21
p/1508601846823.jpg 1 0 0 37 17
p/1508601830831.jpg 1 0 0 31 44
p/1508601828339.jpg 1 0 0 32 46
p/1508601825148.jpg 1 0 0 29 49
p/1508601823006.jpg 1 0 0 25 44
p/1508601820701.jpg 1 0 0 22 43
p/1508601818661.jpg 1 0 0 32 41
p/1508601816868.jpg 1 0 0 32 35
p/1508601815666.jpg 1 0 0 26 40
p/1508601814249.jpg 1 0 0 26 38
p/1508601812706.jpg 1 0 0 27 39
p/1508601810757.jpg 1 0 0 25 37
p/1508601657941.jpg 1 0 0 26 44
p/1508601656360.jpg 1 0 0 24 42
p/1508601654543.jpg 1 0 0 24 43
p/1508601652951.jpg 1 0 0 24 44
p/1508601651536.jpg 1 0 0 31 50
p/1508601649875.jpg 1 0 0 26 50
p/1508601647755.jpg 1 0 0 24 34
p/1508601646146.jpg 1 0 0 24 35
p/1508601644829.jpg 1 0 0 24 37
p/1508601642921.jpg 1 0 0 25 40
p/1508601640420.jpg 1 0 0 24 41
p/1508601638573.jpg 1 0 0 28 43
p/1508601636833.jpg 1 0 0 35 41
p/1508601621130.jpg 1 0 0 35 48
p/1508601600016.jpg 1 0 0 36 33
p/1508601596158.jpg 1 0 0 27 43
p/1508601593529.jpg 1 0 0 21 39
p/1508601590716.jpg 1 0 0 25 36
p/1508601588314.jpg 1 0 0 22 33
p/1508601586726.jpg 1 0 0 21 32
p/1508601584930.jpg 1 0 0 20 31
p/1508601580303.jpg 1 0 0 26 43
p/1508601579042.jpg 1 0 0 28 43
p/1508601576853.jpg 1 0 0 24 26
p/1508601574649.jpg 1 0 0 22 26
p/1508601573377.jpg 1 0 0 24 29
p/1508601571742.jpg 1 0 0 24 33
p/1508601570041.jpg 1 0 0 23 32
p/1508601568303.jpg 1 0 0 33 34
p/1508601566771.jpg 1 0 0 21 37
p/1508601565423.jpg 1 0 0 22 33
p/1508601561392.jpg 1 0 0 20 35
p/1508601559702.jpg 1 0 0 17 35
p/1508601556767.jpg 1 0 0 29 38
p/1508601551063.jpg 1 0 0 19 33
p/1508601549410.jpg 1 0 0 20 32
p/1508601544965.jpg 1 0 0 30 28
p/1508601520004.jpg 1 0 0 23 46
p/1508601518096.jpg 1 0 0 24 46
p/1508601516609.jpg 1 0 0 16 40
p/1508601514687.jpg 1 0 0 23 28
p/1508601512869.jpg 1 0 0 18 35
p/1508601505047.jpg 1 0 0 23 35
p/1508601498337.jpg 1 0 0 22 48
p/1508601493029.jpg 1 0 0 24 35
p/1508601488634.jpg 1 0 0 16 28
p/1508601486938.jpg 1 0 0 16 28
p/1508601484901.jpg 1 0 0 18 26
p/1508601481507.jpg 1 0 0 20 33
p/1508601479554.jpg 1 0 0 20 45
p/1508601477716.jpg 1 0 0 27 46
p/1508601476054.jpg 1 0 0 27 40
p/1508601472554.jpg 1 0 0 17 24
p/1508601470418.jpg 1 0 0 21 31
p/1508601468140.jpg 1 0 0 19 25
p/1508601466352.jpg 1 0 0 21 37
p/1508601464422.jpg 1 0 0 21 46
p/1508601462446.jpg 1 0 0 20 31
p/1508601460399.jpg 1 0 0 17 39
p/1508601458510.jpg 1 0 0 22 38
p/1508601453154.jpg 1 0 0 21 30
p/1508601451292.jpg 1 0 0 14 22
p/1508601449641.jpg 1 0 0 17 23
p/1508601447901.jpg 1 0 0 15 22
p/1508601443347.jpg 1 0 0 16 24
p/1508601437251.jpg 1 0 0 11 7
p/1508601423544.jpg 1 0 0 16 24
p/1508601414848.jpg 1 0 0 37 43
p/1508601412822.jpg 1 0 0 24 41
p/1508601411101.jpg 1 0 0 25 65
p/1508601408772.jpg 1 0 0 41 62
p/1508601404846.jpg 1 0 0 23 34
p/1508601402893.jpg 1 0 0 22 33
p/1508601400942.jpg 1 0 0 36 34
p/1508601398550.jpg 1 0 0 16 59
p/1508601396729.jpg 1 0 0 23 55
p/1508601394664.jpg 1 0 0 32 55
p/1508601388908.jpg 1 0 0 24 47
p/1508601373650.jpg 1 0 0 35 37
p/1508601368520.jpg 1 0 0 29 63
p/1508601366155.jpg 1 0 0 42 68
p/1508601357112.jpg 1 0 0 14 27
p/1508601355359.jpg 1 0 0 11 25
p/1508601351035.jpg 1 0 0 21 18
p/1508601348966.jpg 1 0 0 18 21
p/1508601347200.jpg 1 0 0 20 28
p/1508601345797.jpg 1 0 0 19 25
p/1508601341892.jpg 1 0 0 24 36
p/1508601339942.jpg 1 0 0 20 35
p/1508601337503.jpg 1 0 0 18 34
p/1508601328242.jpg 1 0 0 12 22
p/1508601326989.jpg 1 0 0 15 21
p/1508601324681.jpg 1 0 0 13 17
p/1508601322485.jpg 1 0 0 17 31
p/1508601319249.jpg 1 0 0 23 37
p/1508601317311.jpg 1 0 0 20 27
p/1508601315352.jpg 1 0 0 17 21
p/1508601311782.jpg 1 0 0 15 25
p/1508601309226.jpg 1 0 0 15 18
p/1508601306911.jpg 1 0 0 12 18
p/1508601302441.jpg 1 0 0 11 21
p/1508601299047.jpg 1 0 0 14 18
p/1508601297321.jpg 1 0 0 15 17
p/1508601294712.jpg 1 0 0 22 26
p/1508601281597.jpg 1 0 0 22 17
p/1508601277183.jpg 1 0 0 28 33
p/1508601275946.jpg 1 0 0 25 28
p/1508601274015.jpg 1 0 0 24 20
p/1508601272726.jpg 1 0 0 31 27
p/1508601271289.jpg 1 0 0 28 30
p/1508601269595.jpg 1 0 0 33 31
p/1508601267587.jpg 1 0 0 44 39
p/1508601265637.jpg 1 0 0 42 29
p/1508601264320.jpg 1 0 0 48 31
p/1508601262486.jpg 1 0 0 57 45
p/1508601258535.jpg 1 0 0 23 20
p/1508601257037.jpg 1 0 0 29 22
p/1508601255130.jpg 1 0 0 39 27
p/1508601253380.jpg 1 0 0 44 29
p/1508601251095.jpg 1 0 0 29 24
p/1508601249588.jpg 1 0 0 31 24
p/1508601248230.jpg 1 0 0 40 28
p/1508601246766.jpg 1 0 0 41 31
p/1508601244951.jpg 1 0 0 27 27
p/1508601242806.jpg 1 0 0 33 29
p/1508601241155.jpg 1 0 0 43 31
p/1508601239651.jpg 1 0 0 48 36
p/1508601237888.jpg 1 0 0 24 24
p/1508601234917.jpg 1 0 0 35 26
p/1508601233045.jpg 1 0 0 45 27
p/1508601230233.jpg 1 0 0 38 36
p/1508601227226.jpg 1 0 0 57 33
p/1508601223033.jpg 1 0 0 36 38
p/1508601221348.jpg 1 0 0 35 24
p/1508601219625.jpg 1 0 0 29 26
p/1508601218283.jpg 1 0 0 36 31
p/1508601216593.jpg 1 0 0 46 31
p/1508601214975.jpg 1 0 0 45 34
p/1508601213130.jpg 1 0 0 43 27
p/1508601211647.jpg 1 0 0 41 33
p/1508601209956.jpg 1 0 0 40 27
p/1508601208368.jpg 1 0 0 29 25
p/1508601206711.jpg 1 0 0 27 26
p/1508601205502.jpg 1 0 0 38 19
p/1508601201669.jpg 1 0 0 31 26
p/1508601199920.jpg 1 0 0 40 24
p/1508601198043.jpg 1 0 0 31 24
p/1508601196252.jpg 1 0 0 39 30
p/1508601194138.jpg 1 0 0 38 31
p/1508601191557.jpg 1 0 0 31 28
p/1508601174936.jpg 1 0 0 32 25
p/1508601173111.jpg 1 0 0 30 25
p/1508601170948.jpg 1 0 0 22 21
p/1508601167545.jpg 1 0 0 33 22
p/1508601165800.jpg 1 0 0 28 19
p/1508601163729.jpg 1 0 0 22 21
p/1508601162299.jpg 1 0 0 23 20
p/1508601160719.jpg 1 0 0 18 20
p/1508601159118.jpg 1 0 0 17 17
p/1508601156580.jpg 1 0 0 26 26
p/1508601114275.jpg 1 0 0 24 21
p/1508601112442.jpg 1 0 0 28 19
p/1508601110525.jpg 1 0 0 37 32
p/1508601107601.jpg 1 0 0 29 28
p/1508601105929.jpg 1 0 0 28 22
p/1508601104055.jpg 1 0 0 14 16
p/1508601102384.jpg 1 0 0 24 20
p/1508601100634.jpg 1 0 0 27 23
p/1508601096007.jpg 1 0 0 20 23
p/1508601093930.jpg 1 0 0 21 21
p/1508601089286.jpg 1 0 0 31 21
p/1508601087540.jpg 1 0 0 23 18
p/1508601085416.jpg 1 0 0 26 19
p/1508601056122.jpg 1 0 0 27 35
p/1508601053925.jpg 1 0 0 32 31
p/1508601049657.jpg 1 0 0 34 32
p/1508601045649.jpg 1 0 0 18 22
p/1508601043583.jpg 1 0 0 18 20
p/1508601041956.jpg 1 0 0 21 22
p/1508601040162.jpg 1 0 0 30 34
p/1508601038061.jpg 1 0 0 30 34
p/1508601036278.jpg 1 0 0 28 37
p/1508601009726.jpg 1 0 0 28 40
p/1508601007735.jpg 1 0 0 28 45
p/1508601006177.jpg 1 0 0 34 43
p/1508601004664.jpg 1 0 0 32 51
p/1508601002525.jpg 1 0 0 32 53
p/1508600996442.jpg 1 0 0 29 19
p/1508600990608.jpg 1 0 0 19 18
p/1508600988886.jpg 1 0 0 22 18
p/1508600985045.jpg 1 0 0 27 34
p/1508600982988.jpg 1 0 0 28 38
p/1508600981203.jpg 1 0 0 34 38
p/1508600978443.jpg 1 0 0 37 38
p/1508600976067.jpg 1 0 0 28 32
p/1508600974138.jpg 1 0 0 32 33
p/1508600972915.jpg 1 0 0 30 32
p/1508600969458.jpg 1 0 0 18 25
p/1508600967560.jpg 1 0 0 41 38
p/1508600965553.jpg 1 0 0 19 26
p/1508600964014.jpg 1 0 0 17 26
p/1508600961671.jpg 1 0 0 32 37
p/1508600959115.jpg 1 0 0 38 37
p/1508600956593.jpg 1 0 0 35 40
p/1508600948526.jpg 1 0 0 16 26
p/1508600945603.jpg 1 0 0 26 35
p/1508600943552.jpg 1 0 0 29 37
p/1508600942074.jpg 1 0 0 29 38
p/1508600938936.jpg 1 0 0 35 31
p/1508600924978.jpg 1 0 0 32 38
p/1508600921985.jpg 1 0 0 34 38
p/1508600916157.jpg 1 0 0 91 173
p/1508600913986.jpg 1 0 0 52 107
p/1508600911846.jpg 1 0 0 37 97
p/1508600909806.jpg 1 0 0 24 49
p/1508600908084.jpg 1 0 0 31 44
p/1508600906291.jpg 1 0 0 97 126
p/1508600900744.jpg 1 0 0 71 64
p/1508600898599.jpg 1 0 0 82 79
p/1508600894407.jpg 1 0 0 56 44
p/1508600892402.jpg 1 0 0 53 52
p/1508600890712.jpg 1 0 0 48 51
p/1508600889400.jpg 1 0 0 43 44
p/1508600887133.jpg 1 0 0 52 50
p/1508600885571.jpg 1 0 0 45 41
p/1508600883874.jpg 1 0 0 46 53
p/1508600880732.jpg 1 0 0 85 93
p/1508600874882.jpg 1 0 0 121 232
p/1508600873104.jpg 1 0 0 149 261
p/1508600869390.jpg 1 0 0 105 190
p/1508600866702.jpg 1 0 0 122 219
p/1508600862546.jpg 1 0 0 90 96
p/1508600859745.jpg 1 0 0 76 100
p/1508600857143.jpg 1 0 0 53 33
p/1508600842896.jpg 1 0 0 43 40
p/1508600835442.jpg 1 0 0 39 114
p/1508600831125.jpg 1 0 0 47 105
p/1508600826308.jpg 1 0 0 42 123
p/1508600815700.jpg 1 0 0 30 54
p/1508600803262.jpg 1 0 0 33 52
p/1508600801392.jpg 1 0 0 42 46
p/1508600799502.jpg 1 0 0 54 52
p/1508600796948.jpg 1 0 0 50 43
p/1508600795416.jpg 1 0 0 59 54
p/1508600792638.jpg 1 0 0 90 71
p/1508600790471.jpg 1 0 0 75 83
p/1508600787698.jpg 1 0 0 73 59
p/1508600776922.jpg 1 0 0 205 306
p/1508600772607.jpg 1 0 0 228 226
p/1508600767763.jpg 1 0 0 223 212
p/1508600761982.jpg 1 0 0 105 136
p/1508600760192.jpg 1 0 0 111 146
p/1508600754298.jpg 1 0 0 394 282
p/1508600739893.jpg 1 0 0 161 216
p/1508600728433.jpg 1 0 0 253 182
p/1508600709137.jpg 1 0 0 43 68
p/1508600706020.jpg 1 0 0 52 58
p/1508600703625.jpg 1 0 0 43 59
p/1508600700984.jpg 1 0 0 53 55
p/1508596381039.jpg 1 0 0 53 59
p/1508596379739.jpg 1 0 0 49 55
p/1508596378151.jpg 1 0 0 48 53
p/1508596375742.jpg 1 0 0 57 53
p/1508596374034.jpg 1 0 0 59 56
p/1508596372219.jpg 1 0 0 63 64
p/1508596368146.jpg 1 0 0 65 74
p/1508596366352.jpg 1 0 0 47 70
p/1508596364853.jpg 1 0 0 51 70
p/1508596363361.jpg 1 0 0 48 63
p/1508596361647.jpg 1 0 0 52 68
p/1508596360071.jpg 1 0 0 44 67
p/1508596358792.jpg 1 0 0 54 67
p/1508596357067.jpg 1 0 0 46 63
p/1508596355701.jpg 1 0 0 57 69
p/1508596354286.jpg 1 0 0 46 74
p/1508596353057.jpg 1 0 0 54 72
p/1508596351463.jpg 1 0 0 52 80
p/1508596350102.jpg 1 0 0 48 74
p/1508596348898.jpg 1 0 0 57 79
p/1508596347627.jpg 1 0 0 53 80
p/1508596346194.jpg 1 0 0 54 73
p/1508596344903.jpg 1 0 0 54 82
p/1508596343031.jpg 1 0 0 69 79
p/1508596309982.jpg 1 0 0 27 70
p/1508596306138.jpg 1 0 0 46 69
p/1508596304271.jpg 1 0 0 32 69
p/1508596302597.jpg 1 0 0 37 67
p/1508596300333.jpg 1 0 0 43 69
p/1508596298346.jpg 1 0 0 41 69
p/1508596296498.jpg 1 0 0 46 62
p/1508596294439.jpg 1 0 0 73 67
p/1508596291846.jpg 1 0 0 38 74
p/1508596289486.jpg 1 0 0 43 76
p/1508596287926.jpg 1 0 0 48 70
p/1508596286357.jpg 1 0 0 37 73
p/1508596285096.jpg 1 0 0 41 74
p/1508596283719.jpg 1 0 0 48 77
p/1508596281950.jpg 1 0 0 68 74
p/1508596222074.jpg 1 0 0 48 89
p/1508596219396.jpg 1 0 0 51 94
p/1508596215947.jpg 1 0 0 40 62
p/1508596213983.jpg 1 0 0 40 53
p/1508596212121.jpg 1 0 0 33 84
p/1508596209651.jpg 1 0 0 38 83
p/1508596206019.jpg 1 0 0 40 85
p/1508596200738.jpg 1 0 0 39 85
p/1508596198932.jpg 1 0 0 43 89
p/1508596196971.jpg 1 0 0 47 88
p/1508596194688.jpg 1 0 0 51 84
p/1508596192225.jpg 1 0 0 49 83
p/1508596188956.jpg 1 0 0 58 95
p/1508596186998.jpg 1 0 0 46 90
p/1508596185041.jpg 1 0 0 43 84
p/1508596182429.jpg 1 0 0 40 69
p/1508596180295.jpg 1 0 0 35 74
p/1508596178451.jpg 1 0 0 41 70
p/1508596172941.jpg 1 0 0 34 65
p/1508596171269.jpg 1 0 0 37 68
p/1508596169829.jpg 1 0 0 33 72
p/1508596167917.jpg 1 0 0 41 82
p/1508596166576.jpg 1 0 0 41 84
p/1508596165068.jpg 1 0 0 44 76
p/1508596163147.jpg 1 0 0 53 82
p/1508596161453.jpg 1 0 0 52 87
p/1508596159492.jpg 1 0 0 48 87
p/1508596153087.jpg 1 0 0 33 70
p/1508596151291.jpg 1 0 0 35 77
p/1508596149496.jpg 1 0 0 47 85
p/1508596147575.jpg 1 0 0 40 84
p/1508596145409.jpg 1 0 0 48 84
p/1508596143162.jpg 1 0 0 47 93
p/1508596137059.jpg 1 0 0 55 84
p/1508596135105.jpg 1 0 0 50 95
p/1508596103123.jpg 1 0 0 81 103
p/1508595998788.jpg 1 0 0 30 53
p/1508595997243.jpg 1 0 0 31 53
p/1508595995777.jpg 1 0 0 34 53
p/1508595994430.jpg 1 0 0 28 54
p/1508595992878.jpg 1 0 0 33 53
p/1508595991389.jpg 1 0 0 37 61
p/1508595989780.jpg 1 0 0 29 51
p/1508595988596.jpg 1 0 0 32 50
p/1508595986651.jpg 1 0 0 36 55
p/1508595985117.jpg 1 0 0 42 57
p/1508595983434.jpg 1 0 0 38 48
p/1508595981532.jpg 1 0 0 35 53
p/1508595964397.jpg 1 0 0 42 78
p/1508595962702.jpg 1 0 0 38 77
p/1508595961129.jpg 1 0 0 58 51
p/1508595959310.jpg 1 0 0 58 50
p/1508595957702.jpg 1 0 0 39 81
p/1508595956295.jpg 1 0 0 36 74
p/1508595879634.jpg 1 0 0 39 55
p/1508595877778.jpg 1 0 0 31 50
p/1508595876291.jpg 1 0 0 39 57
p/1508595874506.jpg 1 0 0 36 53
p/1508595872241.jpg 1 0 0 40 72
p/1508595864049.jpg 1 0 0 34 54
p/1508595860282.jpg 1 0 0 23 43
p/1508595857195.jpg 1 0 0 28 30
p/1508595855850.jpg 1 0 0 29 36
p/1508595853539.jpg 1 0 0 35 44
p/1508595851940.jpg 1 0 0 31 31
p/1508595849870.jpg 1 0 0 38 40
p/1508595847730.jpg 1 0 0 38 38
p/1508595846189.jpg 1 0 0 41 34
p/1508595844004.jpg 1 0 0 31 39
p/1508595841055.jpg 1 0 0 28 50
p/1508595839216.jpg 1 0 0 27 54
p/1508595837858.jpg 1 0 0 24 54
p/1508595836333.jpg 1 0 0 20 46
p/1508595834945.jpg 1 0 0 26 55
p/1508595833216.jpg 1 0 0 35 96
p/1508595830331.jpg 1 0 0 36 55
p/1508595829219.jpg 1 0 0 26 40
p/1508595827523.jpg 1 0 0 24 34
p/1508595825216.jpg 1 0 0 21 41
p/1508595823549.jpg 1 0 0 36 59
p/1508595822074.jpg 1 0 0 44 58
p/1508595820455.jpg 1 0 0 36 64
p/1508595818511.jpg 1 0 0 36 72
p/1508595795259.jpg 1 0 0 28 39
p/1508595792095.jpg 1 0 0 21 42
p/1508595790843.jpg 1 0 0 24 50
p/1508595789404.jpg 1 0 0 30 44
p/1508595787523.jpg 1 0 0 27 49
p/1508595786038.jpg 1 0 0 33 50
p/1508595784239.jpg 1 0 0 34 48
p/1508595782707.jpg 1 0 0 23 43
p/1508595742961.jpg 1 0 0 75 190
p/1508595740581.jpg 1 0 0 81 191
p/1508595738740.jpg 1 0 0 77 188
p/1508595732199.jpg 1 0 0 59 111
p/1508595730392.jpg 1 0 0 54 99
p/1508595728535.jpg 1 0 0 53 108
p/1508595700008.jpg 1 0 0 79 121
p/1508595698418.jpg 1 0 0 88 119
p/1508595696391.jpg 1 0 0 72 110
p/1508595693838.jpg 1 0 0 75 114
p/1508595690052.jpg 1 0 0 39 76
p/1508595688723.jpg 1 0 0 34 71
p/1508595687032.jpg 1 0 0 37 72
p/1508595685670.jpg 1 0 0 36 75
p/1508595642316.jpg 1 0 0 54 86
p/1508595640800.jpg 1 0 0 59 87
p/1508595639138.jpg 1 0 0 59 84
p/1508595636114.jpg 1 0 0 53 89
p/1508595615956.jpg 1 0 0 83 132
p/1508595612836.jpg 1 0 0 86 134
p/1508595610301.jpg 1 0 0 85 135
p/1508595606782.jpg 1 0 0 33 87
p/1508595603036.jpg 1 0 0 26 84
p/1508595601230.jpg 1 0 0 45 82
p/1508595599419.jpg 1 0 0 40 84
p/1508595597701.jpg 1 0 0 45 73
p/1508595595774.jpg 1 0 0 27 82
p/1508595594197.jpg 1 0 0 31 82
p/1508595589374.jpg 1 0 0 37 51
p/1508595588002.jpg 1 0 0 25 18
p/1508595586404.jpg 1 0 0 26 21
p/1508595584959.jpg 1 0 0 22 20
p/1508595583790.jpg 1 0 0 34 51
p/1508595544034.jpg 1 0 0 36 65
p/1508595541819.jpg 1 0 0 37 65
p/1508595539475.jpg 1 0 0 35 66
p/1508595538012.jpg 1 0 0 33 59
p/1508595535543.jpg 1 0 0 38 56
p/1508595533715.jpg 1 0 0 37 42
p/1508595531374.jpg 1 0 0 31 55
p/1508595529649.jpg 1 0 0 37 61
p/1508595527634.jpg 1 0 0 33 64
p/1508595525301.jpg 1 0 0 38 63
p/1508595523474.jpg 1 0 0 33 41
p/1508595521714.jpg 1 0 0 31 44
p/1508595519859.jpg 1 0 0 37 41
p/1508595518438.jpg 1 0 0 36 46
p/1508595514686.jpg 1 0 0 37 43
p/1508595511320.jpg 1 0 0 43 119
p/1508595508409.jpg 1 0 0 76 123
p/1508595506695.jpg 1 0 0 68 111
p/1508595504523.jpg 1 0 0 81 120
p/1508595471685.jpg 1 0 0 77 125
p/1508595469415.jpg 1 0 0 70 119
p/1508595467726.jpg 1 0 0 68 119
p/1508595464290.jpg 1 0 0 86 123
p/1508595462775.jpg 1 0 0 82 131
p/1508595461530.jpg 1 0 0 87 124
p/1508595460052.jpg 1 0 0 78 123
p/1508595360948.jpg 1 0 0 72 116
p/1508595359405.jpg 1 0 0 73 111
p/1508595357382.jpg 1 0 0 82 80
p/1508595341797.jpg 1 0 0 16 18
p/1508595340443.jpg 1 0 0 11 17
p/1508595338766.jpg 1 0 0 15 17
p/1508595337486.jpg 1 0 0 16 22
p/1508595335923.jpg 1 0 0 15 19
p/1508595333978.jpg 1 0 0 15 19
p/1508595332640.jpg 1 0 0 13 21
p/1508595331191.jpg 1 0 0 19 24
p/1508595316600.jpg 1 0 0 22 38
p/1508595314712.jpg 1 0 0 30 40
p/1508595313171.jpg 1 0 0 27 38
p/1508595311907.jpg 1 0 0 41 34
p/1508595310299.jpg 1 0 0 21 31
p/1508595308907.jpg 1 0 0 17 36
p/1508595306452.jpg 1 0 0 27 43
p/1508595304767.jpg 1 0 0 26 40
p/1508595303365.jpg 1 0 0 23 34
p/1508595302108.jpg 1 0 0 22 43
p/1508595300414.jpg 1 0 0 30 51
p/1508595298966.jpg 1 0 0 23 48
p/1508595297572.jpg 1 0 0 24 49
p/1508595296153.jpg 1 0 0 23 45
p/1508595294796.jpg 1 0 0 23 50
p/1508595292972.jpg 1 0 0 23 50
p/1508595291628.jpg 1 0 0 27 47
p/1508595289832.jpg 1 0 0 28 50
p/1508595287727.jpg 1 0 0 20 43
p/1508595286378.jpg 1 0 0 22 44
p/1508595284716.jpg 1 0 0 24 47
p/1508595283181.jpg 1 0 0 20 47
p/1508595281787.jpg 1 0 0 26 50
p/1508595280025.jpg 1 0 0 18 57
p/1508595278178.jpg 1 0 0 24 53
p/1508595276347.jpg 1 0 0 22 53
p/1508595274369.jpg 1 0 0 23 51
p/1508595272274.jpg 1 0 0 23 48
p/1508595270665.jpg 1 0 0 23 49
p/1508595263715.jpg 1 0 0 44 95
p/1508595261797.jpg 1 0 0 47 91
p/1508595259732.jpg 1 0 0 43 89
p/1508595258028.jpg 1 0 0 41 89
p/1508595256372.jpg 1 0 0 33 94
p/1508595226761.jpg 1 0 0 38 80
p/1508595225155.jpg 1 0 0 47 77
p/1508595223516.jpg 1 0 0 46 79
p/1508595221066.jpg 1 0 0 37 87
p/1508595219653.jpg 1 0 0 42 94
p/1508595218116.jpg 1 0 0 38 91
p/1508595215820.jpg 1 0 0 48 88
p/1508595213851.jpg 1 0 0 41 96
p/1508595211935.jpg 1 0 0 36 97
p/1508595210314.jpg 1 0 0 49 94
p/1508595208231.jpg 1 0 0 37 76
p/1508595206717.jpg 1 0 0 37 84
p/1508595204771.jpg 1 0 0 41 87
p/1508595202658.jpg 1 0 0 40 85
p/1508595201345.jpg 1 0 0 36 74
p/1508595171832.jpg 1 0 0 41 101
p/1508595170369.jpg 1 0 0 41 95
p/1508595168716.jpg 1 0 0 43 98
p/1508595167142.jpg 1 0 0 36 99
p/1508595162015.jpg 1 0 0 61 114
p/1508595160419.jpg 1 0 0 48 102
p/1508595158087.jpg 1 0 0 58 99
p/1508595156552.jpg 1 0 0 60 122
p/1508595153149.jpg 1 0 0 64 121
p/1508595151235.jpg 1 0 0 53 128
p/1508595149346.jpg 1 0 0 69 137
p/1508595130516.jpg 1 0 0 62 136
p/1508595128739.jpg 1 0 0 68 135
p/1508595126388.jpg 1 0 0 66 142
p/1508595124546.jpg 1 0 0 74 150
p/1508595122891.jpg 1 0 0 72 145
p/1508595120898.jpg 1 0 0 66 140
p/1508595113173.jpg 1 0 0 54 34
p/1508595111389.jpg 1 0 0 31 42
p/1508595108934.jpg 1 0 0 63 40
p/1508595107264.jpg 1 0 0 30 38
p/1508595105970.jpg 1 0 0 33 43
p/1508595104392.jpg 1 0 0 60 37
p/1508595101616.jpg 1 0 0 46 43
p/1508595099695.jpg 1 0 0 50 46
p/1508595097915.jpg 1 0 0 63 38
p/1508595095802.jpg 1 0 0 47 44
p/1508595093958.jpg 1 0 0 72 48
p/1508595092167.jpg 1 0 0 50 48
p/1508595090423.jpg 1 0 0 168 51
p/1508595016405.jpg 1 0 0 35 72
p/1508595014909.jpg 1 0 0 32 72
p/1508595012856.jpg 1 0 0 57 43
p/1508595011042.jpg 1 0 0 40 62
p/1508595002434.jpg 1 0 0 32 61
p/1508595001238.jpg 1 0 0 37 63
p/1508594999850.jpg 1 0 0 38 67
p/1508594998496.jpg 1 0 0 46 69
p/1508594996981.jpg 1 0 0 42 65
p/1508594995057.jpg 1 0 0 23 53
p/1508594993532.jpg 1 0 0 33 65
p/1508594988294.jpg 1 0 0 15 59
p/1508594986459.jpg 1 0 0 23 59
p/1508594984190.jpg 1 0 0 34 66
p/1508594982488.jpg 1 0 0 36 57
p/1508594981292.jpg 1 0 0 36 65
p/1508594979689.jpg 1 0 0 42 58
p/1508594977826.jpg 1 0 0 37 68
p/1508594976547.jpg 1 0 0 33 59
p/1508594975183.jpg 1 0 0 34 55
p/1508594973521.jpg 1 0 0 37 60
p/1508594972081.jpg 1 0 0 38 61
p/1508594935174.jpg 1 0 0 40 34
p/1508594933494.jpg 1 0 0 41 37
p/1508594931924.jpg 1 0 0 48 42
p/1508594930306.jpg 1 0 0 63 36
p/1508594928492.jpg 1 0 0 60 44
p/1508594926257.jpg 1 0 0 21 41
p/1508594924958.jpg 1 0 0 43 36
p/1508594923654.jpg 1 0 0 18 43
p/1508594922191.jpg 1 0 0 64 40
p/1508594918965.jpg 1 0 0 29 36
p/1508594917553.jpg 1 0 0 33 43
p/1508594916117.jpg 1 0 0 31 46
p/1508594914641.jpg 1 0 0 28 41
p/1508594912721.jpg 1 0 0 39 46
p/1508594911489.jpg 1 0 0 33 46
p/1508594910558.jpg 1 0 0 27 48
p/1508594906285.jpg 1 0 0 39 48
p/1508594904879.jpg 1 0 0 33 54
p/1508594903232.jpg 1 0 0 81 139
p/1508594901299.jpg 1 0 0 74 133
p/1508594899550.jpg 1 0 0 76 129
p/1508594897485.jpg 1 0 0 79 134
p/1508594894915.jpg 1 0 0 86 126
p/1508594891222.jpg 1 0 0 38 63
p/1508594890280.jpg 1 0 0 58 61
p/1508594888263.jpg 1 0 0 31 54
p/1508594886801.jpg 1 0 0 33 53
p/1508594885548.jpg 1 0 0 59 63
p/1508594883956.jpg 1 0 0 34 47
p/1508594882381.jpg 1 0 0 35 58
p/1508594880955.jpg 1 0 0 61 62
p/1508594879534.jpg 1 0 0 32 52
p/1508594877736.jpg 1 0 0 37 55
p/1508594876523.jpg 1 0 0 51 61
p/1508594875132.jpg 1 0 0 34 57
p/1508594873646.jpg 1 0 0 32 53
p/1508594872539.jpg 1 0 0 55 55
p/1508594871127.jpg 1 0 0 38 50
p/1508594828363.jpg 1 0 0 44 58
p/1508594826665.jpg 1 0 0 43 58
p/1508594825115.jpg 1 0 0 48 69
p/1508594823092.jpg 1 0 0 43 65
p/1508594821492.jpg 1 0 0 41 61
p/1508594820118.jpg 1 0 0 47 57
p/1508594818631.jpg 1 0 0 43 63
p/1508594815827.jpg 1 0 0 69 85
p/1508594814161.jpg 1 0 0 61 87
p/1508594812430.jpg 1 0 0 58 91
p/1508594810993.jpg 1 0 0 59 91
p/1508594809148.jpg 1 0 0 60 97
p/1508594776308.jpg 1 0 0 41 131
p/1508594774363.jpg 1 0 0 38 130
p/1508594772427.jpg 1 0 0 34 133
p/1508594770301.jpg 1 0 0 39 134
p/1508594768890.jpg 1 0 0 43 139
p/1508594767132.jpg 1 0 0 38 137
p/1508594765468.jpg 1 0 0 41 138
p/1508594763736.jpg 1 0 0 43 132
p/1508594761820.jpg 1 0 0 43 132
p/1508594758376.jpg 1 0 0 44 66
p/1508594756594.jpg 1 0 0 47 69
p/1508594751886.jpg 1 0 0 48 75
p/1508594750608.jpg 1 0 0 55 63
p/1508594741452.jpg 1 0 0 44 67
p/1508594732740.jpg 1 0 0 32 66
p/1508594731071.jpg 1 0 0 42 69
p/1508594729674.jpg 1 0 0 52 71
p/1508594726340.jpg 1 0 0 46 84
p/1508594724670.jpg 1 0 0 61 80
p/1508594723688.jpg 1 0 0 59 78
p/1508594722613.jpg 1 0 0 55 81
p/1508594721411.jpg 1 0 0 60 88
p/1508594719946.jpg 1 0 0 61 86
p/1508594718144.jpg 1 0 0 55 80
p/1508594716630.jpg 1 0 0 53 81
p/1508594715254.jpg 1 0 0 48 75
p/1508594712915.jpg 1 0 0 53 79
p/1508594711338.jpg 1 0 0 58 80
p/1508594709447.jpg 1 0 0 58 78
p/1508594707897.jpg 1 0 0 57 76
p/1508594698329.jpg 1 0 0 76 72
p/1508594695950.jpg 1 0 0 79 67
p/1508594692872.jpg 1 0 0 49 128
p/1508594691049.jpg 1 0 0 49 132
p/1508594689567.jpg 1 0 0 46 134
p/1508594687884.jpg 1 0 0 44 134
p/1508594686426.jpg 1 0 0 45 140
p/1508594641577.jpg 1 0 0 37 52
p/1508594640126.jpg 1 0 0 44 63
p/1508594638118.jpg 1 0 0 40 55
p/1508594636011.jpg 1 0 0 38 47
p/1508594634149.jpg 1 0 0 44 42
p/1508594632523.jpg 1 0 0 37 42
p/1508594631131.jpg 1 0 0 41 43
p/1508594629662.jpg 1 0 0 37 40
p/1508594622957.jpg 1 0 0 60 119
p/1508594621176.jpg 1 0 0 55 113
p/1508594619275.jpg 1 0 0 45 109
p/1508594617407.jpg 1 0 0 46 115
p/1508594588114.jpg 1 0 0 48 81
p/1508594585136.jpg 1 0 0 50 99
p/1508594582517.jpg 1 0 0 69 83
p/1508594580241.jpg 1 0 0 81 69
p/1508594547108.jpg 1 0 0 23 46
p/1508594544957.jpg 1 0 0 24 48
p/1508594530325.jpg 1 0 0 79 50
p/1508594528770.jpg 1 0 0 69 34
p/1508594526964.jpg 1 0 0 77 35
p/1508594523456.jpg 1 0 0 45 55
p/1508594522265.jpg 1 0 0 43 36
p/1508594521119.jpg 1 0 0 44 43
p/1508594520033.jpg 1 0 0 44 42
p/1508594485445.jpg 1 0 0 25 32
p/1508594484236.jpg 1 0 0 45 49
p/1508594478423.jpg 1 0 0 49 68
p/1508594477383.jpg 1 0 0 59 62
p/1508594474419.jpg 1 0 0 56 47
p/1508594472010.jpg 1 0 0 51 56
p/1508594470747.jpg 1 0 0 81 65
p/1508594469161.jpg 1 0 0 57 67
p/1508594468111.jpg 1 0 0 63 65
p/1508594466842.jpg 1 0 0 68 78
p/1508594355086.jpg 1 0 0 32 59
p/1508594351487.jpg 1 0 0 29 47
p/1508594350279.jpg 1 0 0 22 41
p/1508594347198.jpg 1 0 0 25 50
p/1508594343939.jpg 1 0 0 56 116
p/1508594342359.jpg 1 0 0 56 113
p/1508594340489.jpg 1 0 0 51 104
p/1508594338936.jpg 1 0 0 67 110
p/1508594337363.jpg 1 0 0 55 114
p/1508594331867.jpg 1 0 0 45 109
p/1508594311531.jpg 1 0 0 47 81
p/1508594310174.jpg 1 0 0 53 73
p/1508594308431.jpg 1 0 0 44 73
p/1508594306861.jpg 1 0 0 44 66
p/1508594280225.jpg 1 0 0 44 57
p/1508594277726.jpg 1 0 0 50 101
p/1508594275937.jpg 1 0 0 44 91
p/1508594271456.jpg 1 0 0 38 65
p/1508594270166.jpg 1 0 0 41 63
p/1508594268300.jpg 1 0 0 63 105
p/1508594266476.jpg 1 0 0 105 103
p/1508594245255.jpg 1 0 0 81 158
p/1508594243838.jpg 1 0 0 79 154
p/1508594242188.jpg 1 0 0 86 159
p/1508594240503.jpg 1 0 0 74 145
p/1508594238548.jpg 1 0 0 80 142
p/1508594236933.jpg 1 0 0 78 98
p/1508594232710.jpg 1 0 0 63 126
p/1508594230635.jpg 1 0 0 65 113
p/1508594229198.jpg 1 0 0 65 108
p/1508594227452.jpg 1 0 0 62 115
p/1508594165300.jpg 1 0 0 93 130
p/1508594163512.jpg 1 0 0 99 123
p/1508594161488.jpg 1 0 0 97 138
p/1508594134755.jpg 1 0 0 36 150
p/1508594133375.jpg 1 0 0 46 149
p/1508594131716.jpg 1 0 0 47 148
p/1508594130433.jpg 1 0 0 40 138
p/1508594126492.jpg 1 0 0 73 116
p/1508594124421.jpg 1 0 0 80 118
p/1508594085980.jpg 1 0 0 33 34
p/1508594084755.jpg 1 0 0 38 41
p/1508594083469.jpg 1 0 0 32 35
p/1508594056161.jpg 1 0 0 31 36
p/1508594054998.jpg 1 0 0 45 35
p/1508594053742.jpg 1 0 0 46 30
p/1508594052146.jpg 1 0 0 27 45
p/1508594050680.jpg 1 0 0 40 31
p/1508594049076.jpg 1 0 0 27 46
p/1508594015686.jpg 1 0 0 39 45
p/1508594014276.jpg 1 0 0 37 43
p/1508594012958.jpg 1 0 0 49 51
p/1508594011930.jpg 1 0 0 29 40
p/1508594010288.jpg 1 0 0 37 57
p/1508594009022.jpg 1 0 0 40 44
p/1508594007713.jpg 1 0 0 30 54
p/1508594005813.jpg 1 0 0 39 43
p/1508594004766.jpg 1 0 0 49 37
p/1508594003381.jpg 1 0 0 42 43
p/1508594002275.jpg 1 0 0 42 46
p/1508594000837.jpg 1 0 0 40 48
p/1508593998162.jpg 1 0 0 40 45
p/1508593994879.jpg 1 0 0 80 161
p/1508593993191.jpg 1 0 0 76 177
p/1508593955742.jpg 1 0 0 34 100
p/1508593953501.jpg 1 0 0 42 107
p/1508593952059.jpg 1 0 0 33 105
p/1508593950401.jpg 1 0 0 52 104
p/1508593949007.jpg 1 0 0 36 95
p/1508593947222.jpg 1 0 0 30 102
p/1508593945407.jpg 1 0 0 39 98
p/1508593943354.jpg 1 0 0 33 59
p/1508593941948.jpg 1 0 0 34 60
p/1508593940267.jpg 1 0 0 30 54
p/1508593938644.jpg 1 0 0 33 50
p/1508593936359.jpg 1 0 0 36 62
p/1508593934646.jpg 1 0 0 36 53
p/1508593933033.jpg 1 0 0 26 57
p/1508593929546.jpg 1 0 0 34 78
p/1508593927824.jpg 1 0 0 58 78
p/1508593925854.jpg 1 0 0 28 73
p/1508593923800.jpg 1 0 0 61 72
p/1508593858506.jpg 1 0 0 33 113
p/1508593856520.jpg 1 0 0 34 109
p/1508593854665.jpg 1 0 0 49 106
p/1508593852107.jpg 1 0 0 42 44
p/1508593850608.jpg 1 0 0 36 63
p/1508593845227.jpg 1 0 0 54 101
p/1508593843194.jpg 1 0 0 66 103
p/1508593841992.jpg 1 0 0 55 102
p/1508593840452.jpg 1 0 0 47 89
p/1508593838600.jpg 1 0 0 44 95
p/1508593784870.jpg 1 0 0 41 121
p/1508593783114.jpg 1 0 0 36 121
p/1508593781877.jpg 1 0 0 36 118
p/1508593780149.jpg 1 0 0 34 112
p/1508593778876.jpg 1 0 0 29 119
p/1508593776680.jpg 1 0 0 36 102
p/1508593775266.jpg 1 0 0 26 99
p/1508593772321.jpg 1 0 0 39 108
p/1508593770478.jpg 1 0 0 34 103
p/1508593768937.jpg 1 0 0 44 92
p/1508593767476.jpg 1 0 0 44 101
p/1508593766023.jpg 1 0 0 39 109
p/1508593764847.jpg 1 0 0 45 97
p/1508593763445.jpg 1 0 0 33 101
p/1508593760112.jpg 1 0 0 25 79
p/1508593758135.jpg 1 0 0 25 84
p/1508593756382.jpg 1 0 0 23 86
p/1508593754798.jpg 1 0 0 30 87
p/1508593753264.jpg 1 0 0 37 86
p/1508593751071.jpg 1 0 0 31 78
p/1508593749022.jpg 1 0 0 29 82
p/1508593747705.jpg 1 0 0 31 86
p/1508593746079.jpg 1 0 0 43 92
p/1508593743801.jpg 1 0 0 33 87
p/1508593741895.jpg 1 0 0 37 91
p/1508593739662.jpg 1 0 0 28 101
p/1508593737997.jpg 1 0 0 26 86
p/1508593736467.jpg 1 0 0 24 98
p/1508593734904.jpg 1 0 0 29 99
p/1508593732892.jpg 1 0 0 37 100
p/1508593731299.jpg 1 0 0 34 99
p/1508593728363.jpg 1 0 0 26 100
p/1508593726624.jpg 1 0 0 40 101
p/1508593724741.jpg 1 0 0 41 102
p/1508593673583.jpg 1 0 0 43 62
p/1508593649744.jpg 1 0 0 56 75
p/1508593648000.jpg 1 0 0 56 93
p/1508593646435.jpg 1 0 0 58 112
p/1508593644609.jpg 1 0 0 61 106
p/1508593642816.jpg 1 0 0 56 108
p/1508593636563.jpg 1 0 0 95 208
p/1508593634786.jpg 1 0 0 95 207
p/1508593633124.jpg 1 0 0 98 202
p/1508593631458.jpg 1 0 0 100 204
p/1508593629636.jpg 1 0 0 97 214
p/1508593563934.jpg 1 0 0 50 91
p/1508593561449.jpg 1 0 0 33 92
p/1508593559634.jpg 1 0 0 31 92
p/1508593557227.jpg 1 0 0 55 95
p/1508593554819.jpg 1 0 0 34 94
p/1508593553006.jpg 1 0 0 39 91
p/1508593550993.jpg 1 0 0 44 92
p/1508593546252.jpg 1 0 0 63 127
p/1508593544340.jpg 1 0 0 61 131
p/1508593542080.jpg 1 0 0 64 129
p/1508593539939.jpg 1 0 0 63 125
p/1508593537912.jpg 1 0 0 62 133
p/1508593536284.jpg 1 0 0 71 123
p/1508593534562.jpg 1 0 0 62 122
p/1508593532055.jpg 1 0 0 62 135
p/1508593529469.jpg 1 0 0 65 137
p/1508593527919.jpg 1 0 0 71 128
p/1508593525491.jpg 1 0 0 73 142
p/1508593523549.jpg 1 0 0 74 134
p/1508593521500.jpg 1 0 0 67 142
p/1508593519594.jpg 1 0 0 72 136
p/1508593492136.jpg 1 0 0 44 83
p/1508593490173.jpg 1 0 0 47 88
p/1508593488331.jpg 1 0 0 45 86
p/1508593486136.jpg 1 0 0 41 78
p/1508593484401.jpg 1 0 0 48 83
p/1508593482743.jpg 1 0 0 47 93
p/1508593480057.jpg 1 0 0 47 89
p/1508593476783.jpg 1 0 0 45 73
p/1508593472667.jpg 1 0 0 44 73
p/1508593471281.jpg 1 0 0 48 71
p/1508593401125.jpg 1 0 0 60 100
p/1508593397903.jpg 1 0 0 56 104
p/1508593395704.jpg 1 0 0 62 105
p/1508593394077.jpg 1 0 0 61 108
p/1508593392351.jpg 1 0 0 65 105
p/1508593390394.jpg 1 0 0 56 109
p/1508593388252.jpg 1 0 0 51 100
p/1508593372502.jpg 1 0 0 35 74
p/1508593369904.jpg 1 0 0 32 69
p/1508593367502.jpg 1 0 0 38 68
p/1508593365154.jpg 1 0 0 35 78
p/1508593363323.jpg 1 0 0 39 93
p/1508593361708.jpg 1 0 0 41 96
p/1508593359564.jpg 1 0 0 30 65
p/1508593357005.jpg 1 0 0 37 67
p/1508593354057.jpg 1 0 0 33 72
p/1508593352262.jpg 1 0 0 36 67
p/1508593348173.jpg 1 0 0 43 72
p/1508593346515.jpg 1 0 0 43 86
p/1508593345017.jpg 1 0 0 49 74
p/1508593343634.jpg 1 0 0 49 97
p/1508593306807.jpg 1 0 0 36 123
p/1508593304838.jpg 1 0 0 42 121
p/1508593303412.jpg 1 0 0 33 124
p/1508593301525.jpg 1 0 0 45 121
p/1508593299799.jpg 1 0 0 40 118
p/1508593298561.jpg 1 0 0 39 127
p/1508593297128.jpg 1 0 0 41 132
p/1508593295407.jpg 1 0 0 46 127
p/1508593293493.jpg 1 0 0 42 112
p/1508593291558.jpg 1 0 0 31 115
p/1508593289525.jpg 1 0 0 37 114
p/1508593287662.jpg 1 0 0 35 113
p/1508593285747.jpg 1 0 0 42 104
p/1508593283487.jpg 1 0 0 53 107
p/1508593281963.jpg 1 0 0 39 112
p/1508593279728.jpg 1 0 0 38 102
p/1508593272781.jpg 1 0 0 58 124
p/1508593270451.jpg 1 0 0 53 119
p/1508593267965.jpg 1 0 0 59 116
p/1508593266501.jpg 1 0 0 55 120
p/1508593264762.jpg 1 0 0 60 121
p/1508593263363.jpg 1 0 0 54 116
p/1508593260561.jpg 1 0 0 50 126
p/1508593257847.jpg 1 0 0 56 132
p/1508593255996.jpg 1 0 0 55 134
p/1508593254154.jpg 1 0 0 67 132
p/1508593252449.jpg 1 0 0 73 146
p/1508593250742.jpg 1 0 0 64 142
p/1508593249241.jpg 1 0 0 55 131
p/1508593170078.jpg 1 0 0 37 69
p/1508593139042.jpg 1 0 0 47 49
p/1508593137418.jpg 1 0 0 46 51
p/1508593135165.jpg 1 0 0 43 49
p/1508593128531.jpg 1 0 0 69 80
p/1508593124874.jpg 1 0 0 77 76
p/1508593123215.jpg 1 0 0 87 83
p/1508593118861.jpg 1 0 0 80 89
p/1508593116797.jpg 1 0 0 91 93
p/1508593088014.jpg 1 0 0 20 43
p/1508593080236.jpg 1 0 0 82 20
p/1508593078347.jpg 1 0 0 113 27
p/1508593075078.jpg 1 0 0 32 54
p/1508593048101.jpg 1 0 0 67 65
p/1508593046123.jpg 1 0 0 70 64
p/1508592987061.jpg 1 0 0 29 50
p/1508592984859.jpg 1 0 0 24 52
p/1508592983523.jpg 1 0 0 24 46
p/1508592980393.jpg 1 0 0 24 45
p/1508592978543.jpg 1 0 0 31 46
p/1508592976718.jpg 1 0 0 26 47
p/1508592973046.jpg 1 0 0 22 19
p/1508592971080.jpg 1 0 0 24 18
p/1508592968828.jpg 1 0 0 25 17
p/1508592967142.jpg 1 0 0 19 17
p/1508592965215.jpg 1 0 0 20 18
p/1508592958905.jpg 1 0 0 47 34
p/1508592957016.jpg 1 0 0 37 37
p/1508592954390.jpg 1 0 0 29 36
p/1508592952388.jpg 1 0 0 42 49
p/1508592950514.jpg 1 0 0 36 84
p/1508592948898.jpg 1 0 0 29 71
p/1508592946488.jpg 1 0 0 29 74
p/1508592944194.jpg 1 0 0 38 79
p/1508592941901.jpg 1 0 0 37 86
p/1508592939896.jpg 1 0 0 38 84
p/1508592936701.jpg 1 0 0 48 40
p/1508592933203.jpg 1 0 0 45 45
p/1508592930254.jpg 1 0 0 45 43
p/1508592927787.jpg 1 0 0 48 42
p/1508592924720.jpg 1 0 0 71 63
p/1508592922731.jpg 1 0 0 66 58
p/1508592896702.jpg 1 0 0 31 80
p/1508592894515.jpg 1 0 0 40 72
p/1508592892501.jpg 1 0 0 49 83
p/1508592891137.jpg 1 0 0 56 79
p/1508592880772.jpg 1 0 0 60 49
p/1508592875795.jpg 1 0 0 56 75
p/1508592874419.jpg 1 0 0 63 72
p/1508592872393.jpg 1 0 0 58 74
p/1508592755983.jpg 1 0 0 26 28
p/1508592754333.jpg 1 0 0 25 35
p/1508592750852.jpg 1 0 0 32 33
p/1508592748667.jpg 1 0 0 28 32
p/1508592747160.jpg 1 0 0 32 35
p/1508592745138.jpg 1 0 0 28 35
p/1508592742530.jpg 1 0 0 54 59
p/1508592740820.jpg 1 0 0 52 63
p/1508592738989.jpg 1 0 0 47 64
p/1508592737441.jpg 1 0 0 51 69
p/1508592731688.jpg 1 0 0 29 38
p/1508592730088.jpg 1 0 0 27 37
p/1508592721992.jpg 1 0 0 32 32
p/1508592719910.jpg 1 0 0 28 34
p/1508592718051.jpg 1 0 0 31 37
p/1508592646617.jpg 1 0 0 17 43
p/1508592644516.jpg 1 0 0 18 51
p/1508592641899.jpg 1 0 0 23 53
p/1508592639121.jpg 1 0 0 24 52
p/1508592637753.jpg 1 0 0 20 56
p/1508592635494.jpg 1 0 0 18 52
p/1508592631764.jpg 1 0 0 61 90
p/1508592629946.jpg 1 0 0 143 78
p/1508592628000.jpg 1 0 0 62 91
p/1508592625417.jpg 1 0 0 65 90
p/1508592623607.jpg 1 0 0 132 75
p/1508592611992.jpg 1 0 0 60 62
p/1508592547023.jpg 1 0 0 78 131
p/1508592544711.jpg 1 0 0 83 129
p/1508592542528.jpg 1 0 0 78 128
p/1508592539588.jpg 1 0 0 66 122
p/1508592537887.jpg 1 0 0 71 120
p/1508592535945.jpg 1 0 0 73 130
p/1508592532871.jpg 1 0 0 41 58
p/1508592531063.jpg 1 0 0 46 66
p/1508592529472.jpg 1 0 0 50 61
p/1508592526785.jpg 1 0 0 43 56
p/1508592525276.jpg 1 0 0 50 57
p/1508592523740.jpg 1 0 0 42 60
p/1508592519949.jpg 1 0 0 17 35
p/1508592517839.jpg 1 0 0 20 33
p/1508592515762.jpg 1 0 0 18 31
p/1508592512159.jpg 1 0 0 28 62
p/1508592509759.jpg 1 0 0 29 49
p/1508592507945.jpg 1 0 0 19 43
p/1508592502854.jpg 1 0 0 20 47
p/1508592500907.jpg 1 0 0 20 49
p/1508592499036.jpg 1 0 0 24 37
p/1508592497546.jpg 1 0 0 20 40
p/1508592494618.jpg 1 0 0 22 41
p/1508592492667.jpg 1 0 0 18 40
p/1508592490241.jpg 1 0 0 24 52
p/1508592487741.jpg 1 0 0 37 42
p/1508592485849.jpg 1 0 0 41 58
p/1508592480984.jpg 1 0 0 25 58
p/1508592478853.jpg 1 0 0 30 47
p/1508592472332.jpg 1 0 0 28 53
p/1508592401591.jpg 1 0 0 34 32
p/1508592397565.jpg 1 0 0 29 37
p/1508592395283.jpg 1 0 0 32 22
p/1508592393248.jpg 1 0 0 26 22
p/1508592391251.jpg 1 0 0 30 26
p/1508592389847.jpg 1 0 0 23 29
p/1508592387754.jpg 1 0 0 24 22
p/1508592385967.jpg 1 0 0 37 30
p/1508592381910.jpg 1 0 0 36 42
p/1508592379952.jpg 1 0 0 42 40
p/1508592378016.jpg 1 0 0 41 50
p/1508592375558.jpg 1 0 0 29 35
p/1508592372633.jpg 1 0 0 30 39
p/1508592370434.jpg 1 0 0 35 37
p/1508592368381.jpg 1 0 0 29 37
p/1508592366093.jpg 1 0 0 26 38
p/1508592364419.jpg 1 0 0 33 38
p/1508592361259.jpg 1 0 0 31 35
p/1508592359542.jpg 1 0 0 30 34
p/1508592357539.jpg 1 0 0 35 39
p/1508592355918.jpg 1 0 0 36 38